[2025-09-16T01:46:11.575+0000] {taskinstance.py:1956} INFO - Dependencies all met for dep_context=non-requeueable deps ti=<TaskInstance: opensky_pipeline_dag.dbt_run_silver manual__2025-09-16T01:45:52.091125+00:00 [queued]>
[2025-09-16T01:46:11.577+0000] {taskinstance.py:1956} INFO - Dependencies all met for dep_context=requeueable deps ti=<TaskInstance: opensky_pipeline_dag.dbt_run_silver manual__2025-09-16T01:45:52.091125+00:00 [queued]>
[2025-09-16T01:46:11.577+0000] {taskinstance.py:2170} INFO - Starting attempt 1 of 1
[2025-09-16T01:46:11.581+0000] {taskinstance.py:2191} INFO - Executing <Task(BashOperator): dbt_run_silver> on 2025-09-16 01:45:52.091125+00:00
[2025-09-16T01:46:11.583+0000] {standard_task_runner.py:60} INFO - Started process 309 to run task
[2025-09-16T01:46:11.584+0000] {standard_task_runner.py:87} INFO - Running: ['airflow', 'tasks', 'run', 'opensky_pipeline_dag', 'dbt_run_silver', 'manual__2025-09-16T01:45:52.091125+00:00', '--job-id', '8', '--raw', '--subdir', 'DAGS_FOLDER/opensky_dag_slow.py', '--cfg-path', '/tmp/tmpu0_kkm08']
[2025-09-16T01:46:11.584+0000] {standard_task_runner.py:88} INFO - Job 8: Subtask dbt_run_silver
[2025-09-16T01:46:11.602+0000] {task_command.py:423} INFO - Running <TaskInstance: opensky_pipeline_dag.dbt_run_silver manual__2025-09-16T01:45:52.091125+00:00 [running]> on host 4636f1ec07a4
[2025-09-16T01:46:11.629+0000] {taskinstance.py:2480} INFO - Exporting env vars: AIRFLOW_CTX_DAG_OWNER='airflow' AIRFLOW_CTX_DAG_ID='opensky_pipeline_dag' AIRFLOW_CTX_TASK_ID='dbt_run_silver' AIRFLOW_CTX_EXECUTION_DATE='2025-09-16T01:45:52.091125+00:00' AIRFLOW_CTX_TRY_NUMBER='1' AIRFLOW_CTX_DAG_RUN_ID='manual__2025-09-16T01:45:52.091125+00:00'
[2025-09-16T01:46:11.630+0000] {subprocess.py:63} INFO - Tmp dir root location: /tmp
[2025-09-16T01:46:11.630+0000] {subprocess.py:75} INFO - Running command: ['/usr/bin/bash', '-c', 'cd /opt/airflow/dbt && dbt run --select tag:silver --profiles-dir .']
[2025-09-16T01:46:11.634+0000] {subprocess.py:86} INFO - Output:
[2025-09-16T01:46:11.635+0000] {subprocess.py:93} INFO - /usr/bin/bash: line 1: cd: /opt/airflow/dbt: No such file or directory
[2025-09-16T01:46:11.635+0000] {subprocess.py:97} INFO - Command exited with return code 1
[2025-09-16T01:46:11.640+0000] {taskinstance.py:2698} ERROR - Task failed with exception
Traceback (most recent call last):
  File "/home/airflow/.local/lib/python3.11/site-packages/airflow/models/taskinstance.py", line 433, in _execute_task
    result = execute_callable(context=context, **execute_callable_kwargs)
             ^^^^^^^^^^^^^^^^^^^^^^^^^^^^^^^^^^^^^^^^^^^^^^^^^^^^^^^^^^^^
  File "/home/airflow/.local/lib/python3.11/site-packages/airflow/operators/bash.py", line 212, in execute
    raise AirflowException(
airflow.exceptions.AirflowException: Bash command failed. The command returned a non-zero exit code 1.
[2025-09-16T01:46:11.641+0000] {taskinstance.py:1138} INFO - Marking task as FAILED. dag_id=opensky_pipeline_dag, task_id=dbt_run_silver, execution_date=20250916T014552, start_date=20250916T014611, end_date=20250916T014611
[2025-09-16T01:46:11.645+0000] {standard_task_runner.py:107} ERROR - Failed to execute job 8 for task dbt_run_silver (Bash command failed. The command returned a non-zero exit code 1.; 309)
[2025-09-16T01:46:11.682+0000] {local_task_job_runner.py:234} INFO - Task exited with return code 1
[2025-09-16T01:46:11.691+0000] {taskinstance.py:3280} INFO - 0 downstream tasks scheduled from follow-on schedule check
