[2025-09-16T09:00:01.391+0000] {taskinstance.py:1956} INFO - Dependencies all met for dep_context=non-requeueable deps ti=<TaskInstance: opensky_data_streaming_dag.wait_8_hours scheduled__2025-09-15T09:00:00+00:00 [queued]>
[2025-09-16T09:00:01.393+0000] {taskinstance.py:1956} INFO - Dependencies all met for dep_context=requeueable deps ti=<TaskInstance: opensky_data_streaming_dag.wait_8_hours scheduled__2025-09-15T09:00:00+00:00 [queued]>
[2025-09-16T09:00:01.394+0000] {taskinstance.py:2170} INFO - Starting attempt 1 of 1
[2025-09-16T09:00:01.397+0000] {taskinstance.py:2191} INFO - Executing <Task(BashOperator): wait_8_hours> on 2025-09-15 09:00:00+00:00
[2025-09-16T09:00:01.399+0000] {standard_task_runner.py:60} INFO - Started process 2401 to run task
[2025-09-16T09:00:01.400+0000] {standard_task_runner.py:87} INFO - Running: ['airflow', 'tasks', 'run', 'opensky_data_streaming_dag', 'wait_8_hours', 'scheduled__2025-09-15T09:00:00+00:00', '--job-id', '21', '--raw', '--subdir', 'DAGS_FOLDER/opensky_data_streaming_dag.py', '--cfg-path', '/tmp/tmpqf1hoev3']
[2025-09-16T09:00:01.401+0000] {standard_task_runner.py:88} INFO - Job 21: Subtask wait_8_hours
[2025-09-16T09:00:01.418+0000] {task_command.py:423} INFO - Running <TaskInstance: opensky_data_streaming_dag.wait_8_hours scheduled__2025-09-15T09:00:00+00:00 [running]> on host 64220da1adfe
[2025-09-16T09:00:01.443+0000] {taskinstance.py:2480} INFO - Exporting env vars: AIRFLOW_CTX_DAG_OWNER='airflow' AIRFLOW_CTX_DAG_ID='opensky_data_streaming_dag' AIRFLOW_CTX_TASK_ID='wait_8_hours' AIRFLOW_CTX_EXECUTION_DATE='2025-09-15T09:00:00+00:00' AIRFLOW_CTX_TRY_NUMBER='1' AIRFLOW_CTX_DAG_RUN_ID='scheduled__2025-09-15T09:00:00+00:00'
[2025-09-16T09:00:01.444+0000] {subprocess.py:63} INFO - Tmp dir root location: /tmp
[2025-09-16T09:00:01.444+0000] {subprocess.py:75} INFO - Running command: ['/usr/bin/bash', '-c', 'sleep 300']
[2025-09-16T09:00:01.447+0000] {subprocess.py:86} INFO - Output:
[2025-09-16T09:05:01.405+0000] {subprocess.py:97} INFO - Command exited with return code 0
[2025-09-16T09:05:01.432+0000] {taskinstance.py:1138} INFO - Marking task as SUCCESS. dag_id=opensky_data_streaming_dag, task_id=wait_8_hours, execution_date=20250915T090000, start_date=20250916T090001, end_date=20250916T090501
[2025-09-16T09:05:01.459+0000] {local_task_job_runner.py:234} INFO - Task exited with return code 0
[2025-09-16T09:05:01.469+0000] {taskinstance.py:3280} INFO - 1 downstream tasks scheduled from follow-on schedule check
[2025-09-17T01:14:29.377+0000] {taskinstance.py:1956} INFO - Dependencies all met for dep_context=non-requeueable deps ti=<TaskInstance: opensky_data_streaming_dag.wait_8_hours scheduled__2025-09-15T09:00:00+00:00 [queued]>
[2025-09-17T01:14:29.381+0000] {taskinstance.py:1956} INFO - Dependencies all met for dep_context=requeueable deps ti=<TaskInstance: opensky_data_streaming_dag.wait_8_hours scheduled__2025-09-15T09:00:00+00:00 [queued]>
[2025-09-17T01:14:29.381+0000] {taskinstance.py:2170} INFO - Starting attempt 1 of 1
[2025-09-17T01:14:29.387+0000] {taskinstance.py:2191} INFO - Executing <Task(BashOperator): wait_8_hours> on 2025-09-15 09:00:00+00:00
[2025-09-17T01:14:29.389+0000] {standard_task_runner.py:60} INFO - Started process 1001 to run task
[2025-09-17T01:14:29.391+0000] {standard_task_runner.py:87} INFO - Running: ['airflow', 'tasks', 'run', 'opensky_data_streaming_dag', 'wait_8_hours', 'scheduled__2025-09-15T09:00:00+00:00', '--job-id', '4', '--raw', '--subdir', 'DAGS_FOLDER/opensky_data_streaming_dag.py', '--cfg-path', '/tmp/tmp4p4m4ela']
[2025-09-17T01:14:29.392+0000] {standard_task_runner.py:88} INFO - Job 4: Subtask wait_8_hours
[2025-09-17T01:14:29.415+0000] {task_command.py:423} INFO - Running <TaskInstance: opensky_data_streaming_dag.wait_8_hours scheduled__2025-09-15T09:00:00+00:00 [running]> on host 800d77c7e41d
[2025-09-17T01:14:29.443+0000] {taskinstance.py:2480} INFO - Exporting env vars: AIRFLOW_CTX_DAG_OWNER='airflow' AIRFLOW_CTX_DAG_ID='opensky_data_streaming_dag' AIRFLOW_CTX_TASK_ID='wait_8_hours' AIRFLOW_CTX_EXECUTION_DATE='2025-09-15T09:00:00+00:00' AIRFLOW_CTX_TRY_NUMBER='1' AIRFLOW_CTX_DAG_RUN_ID='scheduled__2025-09-15T09:00:00+00:00'
[2025-09-17T01:14:29.444+0000] {subprocess.py:63} INFO - Tmp dir root location: /tmp
[2025-09-17T01:14:29.444+0000] {subprocess.py:75} INFO - Running command: ['/usr/bin/bash', '-c', 'sleep 60']
[2025-09-17T01:14:29.448+0000] {subprocess.py:86} INFO - Output:
[2025-09-17T01:15:29.452+0000] {subprocess.py:97} INFO - Command exited with return code 0
[2025-09-17T01:15:29.469+0000] {taskinstance.py:1138} INFO - Marking task as SUCCESS. dag_id=opensky_data_streaming_dag, task_id=wait_8_hours, execution_date=20250915T090000, start_date=20250917T011429, end_date=20250917T011529
[2025-09-17T01:15:29.503+0000] {local_task_job_runner.py:234} INFO - Task exited with return code 0
[2025-09-17T01:15:29.513+0000] {taskinstance.py:3280} INFO - 1 downstream tasks scheduled from follow-on schedule check
[2025-09-17T01:44:34.255+0000] {taskinstance.py:1956} INFO - Dependencies all met for dep_context=non-requeueable deps ti=<TaskInstance: opensky_data_streaming_dag.wait_8_hours scheduled__2025-09-15T09:00:00+00:00 [queued]>
[2025-09-17T01:44:34.258+0000] {taskinstance.py:1956} INFO - Dependencies all met for dep_context=requeueable deps ti=<TaskInstance: opensky_data_streaming_dag.wait_8_hours scheduled__2025-09-15T09:00:00+00:00 [queued]>
[2025-09-17T01:44:34.258+0000] {taskinstance.py:2170} INFO - Starting attempt 1 of 1
[2025-09-17T01:44:34.263+0000] {taskinstance.py:2191} INFO - Executing <Task(BashOperator): wait_8_hours> on 2025-09-15 09:00:00+00:00
[2025-09-17T01:44:34.265+0000] {standard_task_runner.py:60} INFO - Started process 390 to run task
[2025-09-17T01:44:34.266+0000] {standard_task_runner.py:87} INFO - Running: ['airflow', 'tasks', 'run', 'opensky_data_streaming_dag', 'wait_8_hours', 'scheduled__2025-09-15T09:00:00+00:00', '--job-id', '4', '--raw', '--subdir', 'DAGS_FOLDER/opensky_data_streaming_dag.py', '--cfg-path', '/tmp/tmpu61n61t1']
[2025-09-17T01:44:34.267+0000] {standard_task_runner.py:88} INFO - Job 4: Subtask wait_8_hours
[2025-09-17T01:44:34.289+0000] {task_command.py:423} INFO - Running <TaskInstance: opensky_data_streaming_dag.wait_8_hours scheduled__2025-09-15T09:00:00+00:00 [running]> on host 65c8631451a4
[2025-09-17T01:44:34.319+0000] {taskinstance.py:2480} INFO - Exporting env vars: AIRFLOW_CTX_DAG_OWNER='airflow' AIRFLOW_CTX_DAG_ID='opensky_data_streaming_dag' AIRFLOW_CTX_TASK_ID='wait_8_hours' AIRFLOW_CTX_EXECUTION_DATE='2025-09-15T09:00:00+00:00' AIRFLOW_CTX_TRY_NUMBER='1' AIRFLOW_CTX_DAG_RUN_ID='scheduled__2025-09-15T09:00:00+00:00'
[2025-09-17T01:44:34.319+0000] {subprocess.py:63} INFO - Tmp dir root location: /tmp
[2025-09-17T01:44:34.320+0000] {subprocess.py:75} INFO - Running command: ['/usr/bin/bash', '-c', 'sleep 60']
[2025-09-17T01:44:34.324+0000] {subprocess.py:86} INFO - Output:
[2025-09-17T01:45:34.332+0000] {subprocess.py:97} INFO - Command exited with return code 0
[2025-09-17T01:45:34.349+0000] {taskinstance.py:1138} INFO - Marking task as SUCCESS. dag_id=opensky_data_streaming_dag, task_id=wait_8_hours, execution_date=20250915T090000, start_date=20250917T014434, end_date=20250917T014534
[2025-09-17T01:45:34.370+0000] {local_task_job_runner.py:234} INFO - Task exited with return code 0
[2025-09-17T01:45:34.378+0000] {taskinstance.py:3280} INFO - 1 downstream tasks scheduled from follow-on schedule check
[2025-09-17T03:00:50.192+0000] {taskinstance.py:1956} INFO - Dependencies all met for dep_context=non-requeueable deps ti=<TaskInstance: opensky_data_streaming_dag.wait_8_hours scheduled__2025-09-15T09:00:00+00:00 [queued]>
[2025-09-17T03:00:50.194+0000] {taskinstance.py:1956} INFO - Dependencies all met for dep_context=requeueable deps ti=<TaskInstance: opensky_data_streaming_dag.wait_8_hours scheduled__2025-09-15T09:00:00+00:00 [queued]>
[2025-09-17T03:00:50.195+0000] {taskinstance.py:2170} INFO - Starting attempt 1 of 1
[2025-09-17T03:00:50.198+0000] {taskinstance.py:2191} INFO - Executing <Task(BashOperator): wait_8_hours> on 2025-09-15 09:00:00+00:00
[2025-09-17T03:00:50.200+0000] {standard_task_runner.py:60} INFO - Started process 244 to run task
[2025-09-17T03:00:50.202+0000] {standard_task_runner.py:87} INFO - Running: ['airflow', 'tasks', 'run', 'opensky_data_streaming_dag', 'wait_8_hours', 'scheduled__2025-09-15T09:00:00+00:00', '--job-id', '4', '--raw', '--subdir', 'DAGS_FOLDER/opensky_data_streaming_dag.py', '--cfg-path', '/tmp/tmprpkio57h']
[2025-09-17T03:00:50.202+0000] {standard_task_runner.py:88} INFO - Job 4: Subtask wait_8_hours
[2025-09-17T03:00:50.224+0000] {task_command.py:423} INFO - Running <TaskInstance: opensky_data_streaming_dag.wait_8_hours scheduled__2025-09-15T09:00:00+00:00 [running]> on host d42b31bd8d54
[2025-09-17T03:00:50.252+0000] {taskinstance.py:2480} INFO - Exporting env vars: AIRFLOW_CTX_DAG_OWNER='airflow' AIRFLOW_CTX_DAG_ID='opensky_data_streaming_dag' AIRFLOW_CTX_TASK_ID='wait_8_hours' AIRFLOW_CTX_EXECUTION_DATE='2025-09-15T09:00:00+00:00' AIRFLOW_CTX_TRY_NUMBER='1' AIRFLOW_CTX_DAG_RUN_ID='scheduled__2025-09-15T09:00:00+00:00'
[2025-09-17T03:00:50.252+0000] {subprocess.py:63} INFO - Tmp dir root location: /tmp
[2025-09-17T03:00:50.253+0000] {subprocess.py:75} INFO - Running command: ['/usr/bin/bash', '-c', 'sleep 60']
[2025-09-17T03:00:50.256+0000] {subprocess.py:86} INFO - Output:
[2025-09-17T03:01:50.264+0000] {subprocess.py:97} INFO - Command exited with return code 0
[2025-09-17T03:01:50.290+0000] {taskinstance.py:1138} INFO - Marking task as SUCCESS. dag_id=opensky_data_streaming_dag, task_id=wait_8_hours, execution_date=20250915T090000, start_date=20250917T030050, end_date=20250917T030150
[2025-09-17T03:01:50.299+0000] {local_task_job_runner.py:234} INFO - Task exited with return code 0
[2025-09-17T03:01:50.308+0000] {taskinstance.py:3280} INFO - 1 downstream tasks scheduled from follow-on schedule check
[2025-09-17T03:14:25.914+0000] {taskinstance.py:1956} INFO - Dependencies all met for dep_context=non-requeueable deps ti=<TaskInstance: opensky_data_streaming_dag.wait_8_hours scheduled__2025-09-15T09:00:00+00:00 [queued]>
[2025-09-17T03:14:25.917+0000] {taskinstance.py:1956} INFO - Dependencies all met for dep_context=requeueable deps ti=<TaskInstance: opensky_data_streaming_dag.wait_8_hours scheduled__2025-09-15T09:00:00+00:00 [queued]>
[2025-09-17T03:14:25.917+0000] {taskinstance.py:2170} INFO - Starting attempt 1 of 1
[2025-09-17T03:14:25.922+0000] {taskinstance.py:2191} INFO - Executing <Task(BashOperator): wait_8_hours> on 2025-09-15 09:00:00+00:00
[2025-09-17T03:14:25.923+0000] {standard_task_runner.py:60} INFO - Started process 307 to run task
[2025-09-17T03:14:25.925+0000] {standard_task_runner.py:87} INFO - Running: ['airflow', 'tasks', 'run', 'opensky_data_streaming_dag', 'wait_8_hours', 'scheduled__2025-09-15T09:00:00+00:00', '--job-id', '4', '--raw', '--subdir', 'DAGS_FOLDER/opensky_data_streaming_dag.py', '--cfg-path', '/tmp/tmp2lnz84nv']
[2025-09-17T03:14:25.926+0000] {standard_task_runner.py:88} INFO - Job 4: Subtask wait_8_hours
[2025-09-17T03:14:25.946+0000] {task_command.py:423} INFO - Running <TaskInstance: opensky_data_streaming_dag.wait_8_hours scheduled__2025-09-15T09:00:00+00:00 [running]> on host 769d9d26935d
[2025-09-17T03:14:25.972+0000] {taskinstance.py:2480} INFO - Exporting env vars: AIRFLOW_CTX_DAG_OWNER='airflow' AIRFLOW_CTX_DAG_ID='opensky_data_streaming_dag' AIRFLOW_CTX_TASK_ID='wait_8_hours' AIRFLOW_CTX_EXECUTION_DATE='2025-09-15T09:00:00+00:00' AIRFLOW_CTX_TRY_NUMBER='1' AIRFLOW_CTX_DAG_RUN_ID='scheduled__2025-09-15T09:00:00+00:00'
[2025-09-17T03:14:25.973+0000] {subprocess.py:63} INFO - Tmp dir root location: /tmp
[2025-09-17T03:14:25.973+0000] {subprocess.py:75} INFO - Running command: ['/usr/bin/bash', '-c', 'sleep 60']
[2025-09-17T03:14:25.976+0000] {subprocess.py:86} INFO - Output:
[2025-09-17T03:15:25.979+0000] {subprocess.py:97} INFO - Command exited with return code 0
[2025-09-17T03:15:26.000+0000] {taskinstance.py:1138} INFO - Marking task as SUCCESS. dag_id=opensky_data_streaming_dag, task_id=wait_8_hours, execution_date=20250915T090000, start_date=20250917T031425, end_date=20250917T031526
[2025-09-17T03:15:26.015+0000] {local_task_job_runner.py:234} INFO - Task exited with return code 0
[2025-09-17T03:15:26.025+0000] {taskinstance.py:3280} INFO - 1 downstream tasks scheduled from follow-on schedule check
