[2025-09-12T02:50:58.021+0000] {taskinstance.py:1956} INFO - Dependencies all met for dep_context=non-requeueable deps ti=<TaskInstance: aviationstack_kafka_dag.run_silver_load manual__2025-09-12T02:50:54.875543+00:00 [queued]>
[2025-09-12T02:50:58.023+0000] {taskinstance.py:1956} INFO - Dependencies all met for dep_context=requeueable deps ti=<TaskInstance: aviationstack_kafka_dag.run_silver_load manual__2025-09-12T02:50:54.875543+00:00 [queued]>
[2025-09-12T02:50:58.023+0000] {taskinstance.py:2170} INFO - Starting attempt 1 of 1
[2025-09-12T02:50:58.027+0000] {taskinstance.py:2191} INFO - Executing <Task(PythonOperator): run_silver_load> on 2025-09-12 02:50:54.875543+00:00
[2025-09-12T02:50:58.029+0000] {standard_task_runner.py:60} INFO - Started process 634 to run task
[2025-09-12T02:50:58.030+0000] {standard_task_runner.py:87} INFO - Running: ['airflow', 'tasks', 'run', 'aviationstack_kafka_dag', 'run_silver_load', 'manual__2025-09-12T02:50:54.875543+00:00', '--job-id', '10', '--raw', '--subdir', 'DAGS_FOLDER/aviationstack_dag.py', '--cfg-path', '/tmp/tmpwife5x18']
[2025-09-12T02:50:58.031+0000] {standard_task_runner.py:88} INFO - Job 10: Subtask run_silver_load
[2025-09-12T02:50:58.050+0000] {task_command.py:423} INFO - Running <TaskInstance: aviationstack_kafka_dag.run_silver_load manual__2025-09-12T02:50:54.875543+00:00 [running]> on host eef19a59dfec
[2025-09-12T02:50:58.074+0000] {taskinstance.py:2480} INFO - Exporting env vars: AIRFLOW_CTX_DAG_OWNER='airflow' AIRFLOW_CTX_DAG_ID='aviationstack_kafka_dag' AIRFLOW_CTX_TASK_ID='run_silver_load' AIRFLOW_CTX_EXECUTION_DATE='2025-09-12T02:50:54.875543+00:00' AIRFLOW_CTX_TRY_NUMBER='1' AIRFLOW_CTX_DAG_RUN_ID='manual__2025-09-12T02:50:54.875543+00:00'
[2025-09-12T02:50:58.074+0000] {logging_mixin.py:188} INFO - [INFO] Start to load data into silver tables.
[2025-09-12T02:51:00.893+0000] {logging_mixin.py:188} INFO - [DEBUG] Latest processing time: 1970-01-01 00:00:00
[2025-09-12T02:51:01.369+0000] {logging_mixin.py:188} INFO - [INFO] Loading data into silver_flight_info
[2025-09-12T02:51:01.370+0000] {logging_mixin.py:188} INFO - Starting cleaning and transformation process. avstack.bronze_info -> avstack.silver_flight_info
[2025-09-12T02:51:01.933+0000] {logging_mixin.py:188} INFO - Completed cleaning and tranformation process. avstack.bronze_info -> avstack.silver_flight_info
[2025-09-12T02:51:02.008+0000] {logging_mixin.py:188} INFO - Original record count: 95
[2025-09-12T02:51:02.086+0000] {logging_mixin.py:188} INFO - Cleaned record count: 94
[2025-09-12T02:51:02.086+0000] {logging_mixin.py:188} INFO - [INFO] Successfully loaded data into silver_flight_info
[2025-09-12T02:51:02.086+0000] {logging_mixin.py:188} INFO - [INFO] Loading data into silver_dept_info
[2025-09-12T02:51:02.086+0000] {logging_mixin.py:188} INFO - Starting cleaning and transformation process. avstack.bronze_info -> avstack.silver_dept_info
[2025-09-12T02:51:02.298+0000] {logging_mixin.py:188} INFO - Completed cleaning and tranformation process. avstack.bronze_info -> avstack.silver_dept_info
[2025-09-12T02:51:02.338+0000] {logging_mixin.py:188} INFO - Original record count: 95
[2025-09-12T02:51:02.401+0000] {logging_mixin.py:188} INFO - Cleaned record count: 94
[2025-09-12T02:51:02.402+0000] {logging_mixin.py:188} INFO - [INFO] Successfully loaded data into silver_dept_info
[2025-09-12T02:51:02.402+0000] {logging_mixin.py:188} INFO - [INFO] Loading data into silver_arr_info
[2025-09-12T02:51:02.402+0000] {logging_mixin.py:188} INFO - Starting cleaning and transformation process. avstack.bronze_info -> avstack.silver_arr_info
[2025-09-12T02:51:02.558+0000] {logging_mixin.py:188} INFO - Completed cleaning and tranformation process. avstack.bronze_info -> avstack.silver_arr_info
[2025-09-12T02:51:02.590+0000] {logging_mixin.py:188} INFO - Original record count: 95
[2025-09-12T02:51:02.628+0000] {logging_mixin.py:188} INFO - Cleaned record count: 94
[2025-09-12T02:51:02.628+0000] {logging_mixin.py:188} INFO - [INFO] Successfully loaded data into silver_arr_info
[2025-09-12T02:51:02.628+0000] {python.py:201} INFO - Done. Returned value was: None
[2025-09-12T02:51:02.634+0000] {taskinstance.py:1138} INFO - Marking task as SUCCESS. dag_id=aviationstack_kafka_dag, task_id=run_silver_load, execution_date=20250912T025054, start_date=20250912T025058, end_date=20250912T025102
[2025-09-12T02:51:02.655+0000] {local_task_job_runner.py:234} INFO - Task exited with return code 0
[2025-09-12T02:51:02.667+0000] {taskinstance.py:3280} INFO - 1 downstream tasks scheduled from follow-on schedule check
