[2025-09-12T03:08:13.854+0000] {taskinstance.py:1956} INFO - Dependencies all met for dep_context=non-requeueable deps ti=<TaskInstance: aviationstack_kafka_dag.run_kafka_consumer manual__2025-09-12T03:08:11.462659+00:00 [queued]>
[2025-09-12T03:08:13.856+0000] {taskinstance.py:1956} INFO - Dependencies all met for dep_context=requeueable deps ti=<TaskInstance: aviationstack_kafka_dag.run_kafka_consumer manual__2025-09-12T03:08:11.462659+00:00 [queued]>
[2025-09-12T03:08:13.856+0000] {taskinstance.py:2170} INFO - Starting attempt 1 of 1
[2025-09-12T03:08:13.859+0000] {taskinstance.py:2191} INFO - Executing <Task(PythonOperator): run_kafka_consumer> on 2025-09-12 03:08:11.462659+00:00
[2025-09-12T03:08:13.861+0000] {standard_task_runner.py:60} INFO - Started process 358 to run task
[2025-09-12T03:08:13.863+0000] {standard_task_runner.py:87} INFO - Running: ['airflow', 'tasks', 'run', 'aviationstack_kafka_dag', 'run_kafka_consumer', 'manual__2025-09-12T03:08:11.462659+00:00', '--job-id', '12', '--raw', '--subdir', 'DAGS_FOLDER/aviationstack_dag.py', '--cfg-path', '/tmp/tmp2d8_sqoe']
[2025-09-12T03:08:13.864+0000] {standard_task_runner.py:88} INFO - Job 12: Subtask run_kafka_consumer
[2025-09-12T03:08:13.882+0000] {task_command.py:423} INFO - Running <TaskInstance: aviationstack_kafka_dag.run_kafka_consumer manual__2025-09-12T03:08:11.462659+00:00 [running]> on host 1c734b27727a
[2025-09-12T03:08:13.905+0000] {taskinstance.py:2480} INFO - Exporting env vars: AIRFLOW_CTX_DAG_OWNER='airflow' AIRFLOW_CTX_DAG_ID='aviationstack_kafka_dag' AIRFLOW_CTX_TASK_ID='run_kafka_consumer' AIRFLOW_CTX_EXECUTION_DATE='2025-09-12T03:08:11.462659+00:00' AIRFLOW_CTX_TRY_NUMBER='1' AIRFLOW_CTX_DAG_RUN_ID='manual__2025-09-12T03:08:11.462659+00:00'
[2025-09-12T03:08:13.906+0000] {logging_mixin.py:188} INFO - Starting consumer...
[2025-09-12T03:08:13.907+0000] {conn.py:396} INFO - <BrokerConnection client_id=kafka-python-2.2.15, node_id=1 host=kafka:9092 <connecting> [IPv4 ('172.18.0.4', 9092)]>: connecting to kafka:9092 [('172.18.0.4', 9092) IPv4]
[2025-09-12T03:08:13.908+0000] {conn.py:457} INFO - <BrokerConnection client_id=kafka-python-2.2.15, node_id=1 host=kafka:9092 <connected> [IPv4 ('172.18.0.4', 9092)]>: Connection complete.
[2025-09-12T03:08:13.908+0000] {conn.py:945} INFO - <BrokerConnection client_id=kafka-python-2.2.15, node_id=bootstrap-0 host=kafka:9092 <connected> [IPv4 ('172.18.0.4', 9092)]>: Closing connection. 
[2025-09-12T03:08:14.015+0000] {cluster.py:401} INFO - Coordinator for group/aviation_flight_data_test_group_02 is ('coordinator-1', 'kafka', 9092, None)
[2025-09-12T03:08:14.015+0000] {base.py:788} INFO - Discovered coordinator coordinator-1 for group aviation_flight_data_test_group_02
[2025-09-12T03:08:14.015+0000] {base.py:848} INFO - Starting new heartbeat thread
[2025-09-12T03:08:14.016+0000] {consumer.py:365} INFO - Revoking previously assigned partitions () for group aviation_flight_data_test_group_02
[2025-09-12T03:08:14.016+0000] {base.py:419} INFO - Failed to join group aviation_flight_data_test_group_02: NodeNotReadyError: coordinator-1
[2025-09-12T03:08:14.017+0000] {conn.py:396} INFO - <BrokerConnection client_id=kafka-python-2.2.15, node_id=coordinator-1 host=kafka:9092 <connecting> [IPv4 ('172.18.0.4', 9092)]>: connecting to kafka:9092 [('172.18.0.4', 9092) IPv4]
[2025-09-12T03:08:14.017+0000] {conn.py:457} INFO - <BrokerConnection client_id=kafka-python-2.2.15, node_id=coordinator-1 host=kafka:9092 <connected> [IPv4 ('172.18.0.4', 9092)]>: Connection complete.
[2025-09-12T03:08:14.118+0000] {base.py:532} INFO - (Re-)joining group aviation_flight_data_test_group_02
[2025-09-12T03:08:14.120+0000] {base.py:637} INFO - Received member id kafka-python-2.2.15-985f05bf-912b-4c28-a008-d5a9820a019c for group aviation_flight_data_test_group_02; will retry join-group
[2025-09-12T03:08:14.120+0000] {base.py:419} INFO - Failed to join group aviation_flight_data_test_group_02: [Error 79] MemberIdRequiredError
[2025-09-12T03:08:14.121+0000] {base.py:532} INFO - (Re-)joining group aviation_flight_data_test_group_02
[2025-09-12T03:08:17.126+0000] {base.py:594} INFO - Successfully joined group aviation_flight_data_test_group_02 <Generation 5 (member_id: kafka-python-2.2.15-985f05bf-912b-4c28-a008-d5a9820a019c, protocol: range)>
[2025-09-12T03:08:17.126+0000] {base.py:596} INFO - Elected group leader -- performing partition assignments using range
[2025-09-12T03:08:17.128+0000] {subscription_state.py:254} INFO - Updated partition assignment: [('aviation_flight_data', 0)]
[2025-09-12T03:08:17.129+0000] {consumer.py:249} INFO - Setting newly assigned partitions (('aviation_flight_data', 0),) for group aviation_flight_data_test_group_02
[2025-09-12T03:08:17.133+0000] {kafka_consumer.py:59} INFO - Kafka payload: {'error': {'code': 'missing_access_key', 'message': 'You have not supplied an API Access Key. [Required format: access_key=YOUR_ACCESS_KEY]'}}
[2025-09-12T03:08:17.133+0000] {taskinstance.py:2698} ERROR - Task failed with exception
Traceback (most recent call last):
  File "/home/airflow/.local/lib/python3.11/site-packages/airflow/models/taskinstance.py", line 433, in _execute_task
    result = execute_callable(context=context, **execute_callable_kwargs)
             ^^^^^^^^^^^^^^^^^^^^^^^^^^^^^^^^^^^^^^^^^^^^^^^^^^^^^^^^^^^^
  File "/home/airflow/.local/lib/python3.11/site-packages/airflow/operators/python.py", line 199, in execute
    return_value = self.execute_callable()
                   ^^^^^^^^^^^^^^^^^^^^^^^
  File "/home/airflow/.local/lib/python3.11/site-packages/airflow/operators/python.py", line 216, in execute_callable
    return self.python_callable(*self.op_args, **self.op_kwargs)
           ^^^^^^^^^^^^^^^^^^^^^^^^^^^^^^^^^^^^^^^^^^^^^^^^^^^^^
  File "/opt/airflow/scripts/kafka_consumer.py", line 64, in run_kafka_consumer
    raise ValueError(f"Missing 'data' key in Kafka payload: {payload}")
ValueError: Missing 'data' key in Kafka payload: {'error': {'code': 'missing_access_key', 'message': 'You have not supplied an API Access Key. [Required format: access_key=YOUR_ACCESS_KEY]'}}
[2025-09-12T03:08:17.137+0000] {taskinstance.py:1138} INFO - Marking task as FAILED. dag_id=aviationstack_kafka_dag, task_id=run_kafka_consumer, execution_date=20250912T030811, start_date=20250912T030813, end_date=20250912T030817
[2025-09-12T03:08:17.141+0000] {standard_task_runner.py:107} ERROR - Failed to execute job 12 for task run_kafka_consumer (Missing 'data' key in Kafka payload: {'error': {'code': 'missing_access_key', 'message': 'You have not supplied an API Access Key. [Required format: access_key=YOUR_ACCESS_KEY]'}}; 358)
[2025-09-12T03:08:17.179+0000] {local_task_job_runner.py:234} INFO - Task exited with return code 1
[2025-09-12T03:08:17.190+0000] {taskinstance.py:3280} INFO - 0 downstream tasks scheduled from follow-on schedule check
