[2025-09-11T02:28:33.607+0000] {taskinstance.py:1956} INFO - Dependencies all met for dep_context=non-requeueable deps ti=<TaskInstance: aviationstack_kafka_dag.run_silver_load manual__2025-09-11T02:28:30.590086+00:00 [queued]>
[2025-09-11T02:28:33.609+0000] {taskinstance.py:1956} INFO - Dependencies all met for dep_context=requeueable deps ti=<TaskInstance: aviationstack_kafka_dag.run_silver_load manual__2025-09-11T02:28:30.590086+00:00 [queued]>
[2025-09-11T02:28:33.609+0000] {taskinstance.py:2170} INFO - Starting attempt 1 of 1
[2025-09-11T02:28:33.613+0000] {taskinstance.py:2191} INFO - Executing <Task(PythonOperator): run_silver_load> on 2025-09-11 02:28:30.590086+00:00
[2025-09-11T02:28:33.615+0000] {standard_task_runner.py:60} INFO - Started process 2026 to run task
[2025-09-11T02:28:33.616+0000] {standard_task_runner.py:87} INFO - Running: ['airflow', 'tasks', 'run', 'aviationstack_kafka_dag', 'run_silver_load', 'manual__2025-09-11T02:28:30.590086+00:00', '--job-id', '100', '--raw', '--subdir', 'DAGS_FOLDER/aviationstack_dag.py', '--cfg-path', '/tmp/tmp7yv3am6h']
[2025-09-11T02:28:33.616+0000] {standard_task_runner.py:88} INFO - Job 100: Subtask run_silver_load
[2025-09-11T02:28:33.623+0000] {logging_mixin.py:188} WARNING - /home/airflow/.local/lib/python3.11/site-packages/airflow/settings.py:194 DeprecationWarning: The sql_alchemy_conn option in [core] has been moved to the sql_alchemy_conn option in [database] - the old setting has been used, but please update your config.
[2025-09-11T02:28:33.634+0000] {task_command.py:423} INFO - Running <TaskInstance: aviationstack_kafka_dag.run_silver_load manual__2025-09-11T02:28:30.590086+00:00 [running]> on host 08b0080c1409
[2025-09-11T02:28:33.660+0000] {taskinstance.py:2480} INFO - Exporting env vars: AIRFLOW_CTX_DAG_OWNER='airflow' AIRFLOW_CTX_DAG_ID='aviationstack_kafka_dag' AIRFLOW_CTX_TASK_ID='run_silver_load' AIRFLOW_CTX_EXECUTION_DATE='2025-09-11T02:28:30.590086+00:00' AIRFLOW_CTX_TRY_NUMBER='1' AIRFLOW_CTX_DAG_RUN_ID='manual__2025-09-11T02:28:30.590086+00:00'
[2025-09-11T02:28:33.661+0000] {logging_mixin.py:188} INFO - [INFO] Start to load data into silver tables.
[2025-09-11T02:28:35.935+0000] {logging_mixin.py:188} INFO - [DEBUG] Latest processing time: 2025-09-11 02:26:25.853747
[2025-09-11T02:28:36.334+0000] {logging_mixin.py:188} INFO - [INFO] Loading data into silver_flight_info
[2025-09-11T02:28:36.335+0000] {logging_mixin.py:188} INFO - Starting cleaning and transformation process. avstack.bronze_info -> avstack.silver_flight_info
[2025-09-11T02:28:36.882+0000] {logging_mixin.py:188} INFO - Completed cleaning and tranformation process. avstack.bronze_info -> avstack.silver_flight_info
[2025-09-11T02:28:36.945+0000] {logging_mixin.py:188} INFO - Original record count: 95
[2025-09-11T02:28:37.012+0000] {logging_mixin.py:188} INFO - Cleaned record count: 94
[2025-09-11T02:28:37.013+0000] {logging_mixin.py:188} INFO - [INFO] Successfully loaded data into silver_flight_info
[2025-09-11T02:28:37.013+0000] {logging_mixin.py:188} INFO - [INFO] Loading data into silver_dept_info
[2025-09-11T02:28:37.014+0000] {logging_mixin.py:188} INFO - Starting cleaning and transformation process. avstack.bronze_info -> avstack.silver_dept_info
[2025-09-11T02:28:37.213+0000] {logging_mixin.py:188} INFO - Completed cleaning and tranformation process. avstack.bronze_info -> avstack.silver_dept_info
[2025-09-11T02:28:37.261+0000] {logging_mixin.py:188} INFO - Original record count: 95
[2025-09-11T02:28:37.331+0000] {logging_mixin.py:188} INFO - Cleaned record count: 94
[2025-09-11T02:28:37.332+0000] {logging_mixin.py:188} INFO - [INFO] Successfully loaded data into silver_dept_info
[2025-09-11T02:28:37.332+0000] {logging_mixin.py:188} INFO - [INFO] Loading data into silver_arr_info
[2025-09-11T02:28:37.332+0000] {logging_mixin.py:188} INFO - Starting cleaning and transformation process. avstack.bronze_info -> avstack.silver_arr_info
[2025-09-11T02:28:37.487+0000] {logging_mixin.py:188} INFO - Completed cleaning and tranformation process. avstack.bronze_info -> avstack.silver_arr_info
[2025-09-11T02:28:37.522+0000] {logging_mixin.py:188} INFO - Original record count: 95
[2025-09-11T02:28:37.565+0000] {logging_mixin.py:188} INFO - Cleaned record count: 94
[2025-09-11T02:28:37.566+0000] {logging_mixin.py:188} INFO - [INFO] Successfully loaded data into silver_arr_info
[2025-09-11T02:28:37.566+0000] {python.py:201} INFO - Done. Returned value was: None
[2025-09-11T02:28:37.572+0000] {taskinstance.py:1138} INFO - Marking task as SUCCESS. dag_id=aviationstack_kafka_dag, task_id=run_silver_load, execution_date=20250911T022830, start_date=20250911T022833, end_date=20250911T022837
[2025-09-11T02:28:37.593+0000] {local_task_job_runner.py:234} INFO - Task exited with return code 0
[2025-09-11T02:28:37.608+0000] {taskinstance.py:3280} INFO - 1 downstream tasks scheduled from follow-on schedule check
