[2025-09-12T07:43:16.892+0000] {taskinstance.py:1956} INFO - Dependencies all met for dep_context=non-requeueable deps ti=<TaskInstance: aviationstack_kafka_dag.run_silver_load manual__2025-09-12T07:43:05.097305+00:00 [queued]>
[2025-09-12T07:43:16.894+0000] {taskinstance.py:1956} INFO - Dependencies all met for dep_context=requeueable deps ti=<TaskInstance: aviationstack_kafka_dag.run_silver_load manual__2025-09-12T07:43:05.097305+00:00 [queued]>
[2025-09-12T07:43:16.894+0000] {taskinstance.py:2170} INFO - Starting attempt 1 of 1
[2025-09-12T07:43:16.898+0000] {taskinstance.py:2191} INFO - Executing <Task(PythonOperator): run_silver_load> on 2025-09-12 07:43:05.097305+00:00
[2025-09-12T07:43:16.899+0000] {standard_task_runner.py:60} INFO - Started process 988 to run task
[2025-09-12T07:43:16.901+0000] {standard_task_runner.py:87} INFO - Running: ['airflow', 'tasks', 'run', 'aviationstack_kafka_dag', 'run_silver_load', 'manual__2025-09-12T07:43:05.097305+00:00', '--job-id', '14', '--raw', '--subdir', 'DAGS_FOLDER/aviationstack_dag.py', '--cfg-path', '/tmp/tmp1favcoq2']
[2025-09-12T07:43:16.901+0000] {standard_task_runner.py:88} INFO - Job 14: Subtask run_silver_load
[2025-09-12T07:43:16.919+0000] {task_command.py:423} INFO - Running <TaskInstance: aviationstack_kafka_dag.run_silver_load manual__2025-09-12T07:43:05.097305+00:00 [running]> on host eba0e74bcf84
[2025-09-12T07:43:16.942+0000] {taskinstance.py:2480} INFO - Exporting env vars: AIRFLOW_CTX_DAG_OWNER='airflow' AIRFLOW_CTX_DAG_ID='aviationstack_kafka_dag' AIRFLOW_CTX_TASK_ID='run_silver_load' AIRFLOW_CTX_EXECUTION_DATE='2025-09-12T07:43:05.097305+00:00' AIRFLOW_CTX_TRY_NUMBER='1' AIRFLOW_CTX_DAG_RUN_ID='manual__2025-09-12T07:43:05.097305+00:00'
[2025-09-12T07:43:16.942+0000] {logging_mixin.py:188} INFO - [INFO] Start to load data into silver tables.
[2025-09-12T07:43:19.749+0000] {logging_mixin.py:188} INFO - [DEBUG] Latest processing time: 1970-01-01 00:00:00
[2025-09-12T07:43:20.166+0000] {logging_mixin.py:188} INFO - [INFO] Loading data into silver_flight_info
[2025-09-12T07:43:20.167+0000] {logging_mixin.py:188} INFO - Starting cleaning and transformation process. avstack.bronze_info -> avstack.silver_flight_info
[2025-09-12T07:43:20.698+0000] {logging_mixin.py:188} INFO - Completed cleaning and tranformation process. avstack.bronze_info -> avstack.silver_flight_info
[2025-09-12T07:43:20.769+0000] {logging_mixin.py:188} INFO - Original record count: 97
[2025-09-12T07:43:20.839+0000] {logging_mixin.py:188} INFO - Cleaned record count: 90
[2025-09-12T07:43:20.840+0000] {logging_mixin.py:188} INFO - [INFO] Successfully loaded data into silver_flight_info
[2025-09-12T07:43:20.840+0000] {logging_mixin.py:188} INFO - [INFO] Loading data into silver_dept_info
[2025-09-12T07:43:20.840+0000] {logging_mixin.py:188} INFO - Starting cleaning and transformation process. avstack.bronze_info -> avstack.silver_dept_info
[2025-09-12T07:43:21.043+0000] {logging_mixin.py:188} INFO - Completed cleaning and tranformation process. avstack.bronze_info -> avstack.silver_dept_info
[2025-09-12T07:43:21.082+0000] {logging_mixin.py:188} INFO - Original record count: 97
[2025-09-12T07:43:21.143+0000] {logging_mixin.py:188} INFO - Cleaned record count: 92
[2025-09-12T07:43:21.143+0000] {logging_mixin.py:188} INFO - [INFO] Successfully loaded data into silver_dept_info
[2025-09-12T07:43:21.143+0000] {logging_mixin.py:188} INFO - [INFO] Loading data into silver_arr_info
[2025-09-12T07:43:21.144+0000] {logging_mixin.py:188} INFO - Starting cleaning and transformation process. avstack.bronze_info -> avstack.silver_arr_info
[2025-09-12T07:43:21.300+0000] {logging_mixin.py:188} INFO - Completed cleaning and tranformation process. avstack.bronze_info -> avstack.silver_arr_info
[2025-09-12T07:43:21.331+0000] {logging_mixin.py:188} INFO - Original record count: 97
[2025-09-12T07:43:21.369+0000] {logging_mixin.py:188} INFO - Cleaned record count: 92
[2025-09-12T07:43:21.369+0000] {logging_mixin.py:188} INFO - [INFO] Successfully loaded data into silver_arr_info
[2025-09-12T07:43:21.369+0000] {python.py:201} INFO - Done. Returned value was: None
[2025-09-12T07:43:21.375+0000] {taskinstance.py:1138} INFO - Marking task as SUCCESS. dag_id=aviationstack_kafka_dag, task_id=run_silver_load, execution_date=20250912T074305, start_date=20250912T074316, end_date=20250912T074321
[2025-09-12T07:43:21.387+0000] {local_task_job_runner.py:234} INFO - Task exited with return code 0
[2025-09-12T07:43:21.398+0000] {taskinstance.py:3280} INFO - 1 downstream tasks scheduled from follow-on schedule check
