[2025-09-13T04:08:15.089+0000] {taskinstance.py:1956} INFO - Dependencies all met for dep_context=non-requeueable deps ti=<TaskInstance: aviationstack_kafka_dag.run_silver_load scheduled__2025-09-13T00:00:00+00:00 [queued]>
[2025-09-13T04:08:15.091+0000] {taskinstance.py:1956} INFO - Dependencies all met for dep_context=requeueable deps ti=<TaskInstance: aviationstack_kafka_dag.run_silver_load scheduled__2025-09-13T00:00:00+00:00 [queued]>
[2025-09-13T04:08:15.091+0000] {taskinstance.py:2170} INFO - Starting attempt 1 of 1
[2025-09-13T04:08:15.095+0000] {taskinstance.py:2191} INFO - Executing <Task(PythonOperator): run_silver_load> on 2025-09-13 00:00:00+00:00
[2025-09-13T04:08:15.097+0000] {standard_task_runner.py:60} INFO - Started process 13145 to run task
[2025-09-13T04:08:15.098+0000] {standard_task_runner.py:87} INFO - Running: ['airflow', 'tasks', 'run', 'aviationstack_kafka_dag', 'run_silver_load', 'scheduled__2025-09-13T00:00:00+00:00', '--job-id', '37', '--raw', '--subdir', 'DAGS_FOLDER/aviationstack_dag.py', '--cfg-path', '/tmp/tmp_q59g3k4']
[2025-09-13T04:08:15.099+0000] {standard_task_runner.py:88} INFO - Job 37: Subtask run_silver_load
[2025-09-13T04:08:15.117+0000] {task_command.py:423} INFO - Running <TaskInstance: aviationstack_kafka_dag.run_silver_load scheduled__2025-09-13T00:00:00+00:00 [running]> on host eba0e74bcf84
[2025-09-13T04:08:15.143+0000] {taskinstance.py:2480} INFO - Exporting env vars: AIRFLOW_CTX_DAG_OWNER='airflow' AIRFLOW_CTX_DAG_ID='aviationstack_kafka_dag' AIRFLOW_CTX_TASK_ID='run_silver_load' AIRFLOW_CTX_EXECUTION_DATE='2025-09-13T00:00:00+00:00' AIRFLOW_CTX_TRY_NUMBER='1' AIRFLOW_CTX_DAG_RUN_ID='scheduled__2025-09-13T00:00:00+00:00'
[2025-09-13T04:08:15.143+0000] {logging_mixin.py:188} INFO - [INFO] Start to load data into silver tables.
[2025-09-13T04:08:17.433+0000] {logging_mixin.py:188} INFO - [DEBUG] Latest processing time: 2025-09-13 00:05:58.800542
[2025-09-13T04:08:17.886+0000] {logging_mixin.py:188} INFO - [INFO] Loading data into silver_flight_info
[2025-09-13T04:08:17.886+0000] {logging_mixin.py:188} INFO - Starting cleaning and transformation process. avstack.bronze_info -> avstack.silver_flight_info
[2025-09-13T04:08:18.543+0000] {logging_mixin.py:188} INFO - Completed cleaning and tranformation process. avstack.bronze_info -> avstack.silver_flight_info
[2025-09-13T04:08:18.637+0000] {logging_mixin.py:188} INFO - Original record count: 45
[2025-09-13T04:08:18.747+0000] {logging_mixin.py:188} INFO - Cleaned record count: 40
[2025-09-13T04:08:18.747+0000] {logging_mixin.py:188} INFO - [INFO] Successfully loaded data into silver_flight_info
[2025-09-13T04:08:18.748+0000] {logging_mixin.py:188} INFO - [INFO] Loading data into silver_dept_info
[2025-09-13T04:08:18.748+0000] {logging_mixin.py:188} INFO - Starting cleaning and transformation process. avstack.bronze_info -> avstack.silver_dept_info
[2025-09-13T04:08:19.059+0000] {logging_mixin.py:188} INFO - Completed cleaning and tranformation process. avstack.bronze_info -> avstack.silver_dept_info
[2025-09-13T04:08:19.130+0000] {logging_mixin.py:188} INFO - Original record count: 45
[2025-09-13T04:08:19.249+0000] {logging_mixin.py:188} INFO - Cleaned record count: 45
[2025-09-13T04:08:19.249+0000] {logging_mixin.py:188} INFO - [INFO] Successfully loaded data into silver_dept_info
[2025-09-13T04:08:19.249+0000] {logging_mixin.py:188} INFO - [INFO] Loading data into silver_arr_info
[2025-09-13T04:08:19.250+0000] {logging_mixin.py:188} INFO - Starting cleaning and transformation process. avstack.bronze_info -> avstack.silver_arr_info
[2025-09-13T04:08:19.533+0000] {logging_mixin.py:188} INFO - Completed cleaning and tranformation process. avstack.bronze_info -> avstack.silver_arr_info
[2025-09-13T04:08:19.595+0000] {logging_mixin.py:188} INFO - Original record count: 45
[2025-09-13T04:08:19.675+0000] {logging_mixin.py:188} INFO - Cleaned record count: 45
[2025-09-13T04:08:19.675+0000] {logging_mixin.py:188} INFO - [INFO] Successfully loaded data into silver_arr_info
[2025-09-13T04:08:19.676+0000] {python.py:201} INFO - Done. Returned value was: None
[2025-09-13T04:08:19.687+0000] {taskinstance.py:1138} INFO - Marking task as SUCCESS. dag_id=aviationstack_kafka_dag, task_id=run_silver_load, execution_date=20250913T000000, start_date=20250913T040815, end_date=20250913T040819
[2025-09-13T04:08:19.712+0000] {local_task_job_runner.py:234} INFO - Task exited with return code 0
[2025-09-13T04:08:19.734+0000] {taskinstance.py:3280} INFO - 1 downstream tasks scheduled from follow-on schedule check
