[2025-09-16T03:12:00.510+0000] {taskinstance.py:1956} INFO - Dependencies all met for dep_context=non-requeueable deps ti=<TaskInstance: opensky_data_pipeline_dag.dbt_run_gold scheduled__2025-09-15T18:50:00+00:00 [queued]>
[2025-09-16T03:12:00.512+0000] {taskinstance.py:1956} INFO - Dependencies all met for dep_context=requeueable deps ti=<TaskInstance: opensky_data_pipeline_dag.dbt_run_gold scheduled__2025-09-15T18:50:00+00:00 [queued]>
[2025-09-16T03:12:00.512+0000] {taskinstance.py:2170} INFO - Starting attempt 1 of 1
[2025-09-16T03:12:00.516+0000] {taskinstance.py:2191} INFO - Executing <Task(BashOperator): dbt_run_gold> on 2025-09-15 18:50:00+00:00
[2025-09-16T03:12:00.518+0000] {standard_task_runner.py:60} INFO - Started process 768 to run task
[2025-09-16T03:12:00.519+0000] {standard_task_runner.py:87} INFO - Running: ['airflow', 'tasks', 'run', 'opensky_data_pipeline_dag', 'dbt_run_gold', 'scheduled__2025-09-15T18:50:00+00:00', '--job-id', '14', '--raw', '--subdir', 'DAGS_FOLDER/opensky_data_pipeline_dag.py', '--cfg-path', '/tmp/tmpcgdaevk8']
[2025-09-16T03:12:00.520+0000] {standard_task_runner.py:88} INFO - Job 14: Subtask dbt_run_gold
[2025-09-16T03:12:00.538+0000] {task_command.py:423} INFO - Running <TaskInstance: opensky_data_pipeline_dag.dbt_run_gold scheduled__2025-09-15T18:50:00+00:00 [running]> on host d6bdfb507af9
[2025-09-16T03:12:00.563+0000] {taskinstance.py:2480} INFO - Exporting env vars: AIRFLOW_CTX_DAG_OWNER='airflow' AIRFLOW_CTX_DAG_ID='opensky_data_pipeline_dag' AIRFLOW_CTX_TASK_ID='dbt_run_gold' AIRFLOW_CTX_EXECUTION_DATE='2025-09-15T18:50:00+00:00' AIRFLOW_CTX_TRY_NUMBER='1' AIRFLOW_CTX_DAG_RUN_ID='scheduled__2025-09-15T18:50:00+00:00'
[2025-09-16T03:12:00.564+0000] {subprocess.py:63} INFO - Tmp dir root location: /tmp
[2025-09-16T03:12:00.564+0000] {subprocess.py:75} INFO - Running command: ['/usr/bin/bash', '-c', 'cd /opt/airflow/flightweather_dbt && dbt run --select tag:gold --profiles-dir .']
[2025-09-16T03:12:00.568+0000] {subprocess.py:86} INFO - Output:
[2025-09-16T03:12:01.078+0000] {subprocess.py:93} INFO - [0m03:12:01  Running with dbt=1.10.11
[2025-09-16T03:12:01.157+0000] {subprocess.py:93} INFO - [0m03:12:01  Registered adapter: postgres=1.9.1
[2025-09-16T03:12:01.269+0000] {subprocess.py:93} INFO - [0m03:12:01  Found 3 models, 1 source, 434 macros
[2025-09-16T03:12:01.270+0000] {subprocess.py:93} INFO - [0m03:12:01
[2025-09-16T03:12:01.270+0000] {subprocess.py:93} INFO - [0m03:12:01  Concurrency: 2 threads (target='dev')
[2025-09-16T03:12:01.271+0000] {subprocess.py:93} INFO - [0m03:12:01
[2025-09-16T03:12:01.311+0000] {subprocess.py:93} INFO - [0m03:12:01  1 of 1 START sql table model opensky.gold_flight_stats_by_country .............. [RUN]
[2025-09-16T03:12:01.390+0000] {subprocess.py:93} INFO - [0m03:12:01  1 of 1 OK created sql table model opensky.gold_flight_stats_by_country ......... [[32mSELECT 97[0m in 0.08s]
[2025-09-16T03:12:01.396+0000] {subprocess.py:93} INFO - [0m03:12:01
[2025-09-16T03:12:01.396+0000] {subprocess.py:93} INFO - [0m03:12:01  Finished running 1 table model in 0 hours 0 minutes and 0.13 seconds (0.13s).
[2025-09-16T03:12:01.413+0000] {subprocess.py:93} INFO - [0m03:12:01
[2025-09-16T03:12:01.413+0000] {subprocess.py:93} INFO - [0m03:12:01  [32mCompleted successfully[0m
[2025-09-16T03:12:01.413+0000] {subprocess.py:93} INFO - [0m03:12:01
[2025-09-16T03:12:01.414+0000] {subprocess.py:93} INFO - [0m03:12:01  Done. PASS=1 WARN=0 ERROR=0 SKIP=0 NO-OP=0 TOTAL=1
[2025-09-16T03:12:02.478+0000] {subprocess.py:97} INFO - Command exited with return code 0
[2025-09-16T03:12:02.489+0000] {taskinstance.py:1138} INFO - Marking task as SUCCESS. dag_id=opensky_data_pipeline_dag, task_id=dbt_run_gold, execution_date=20250915T185000, start_date=20250916T031200, end_date=20250916T031202
[2025-09-16T03:12:02.531+0000] {local_task_job_runner.py:234} INFO - Task exited with return code 0
[2025-09-16T03:12:02.539+0000] {taskinstance.py:3280} INFO - 0 downstream tasks scheduled from follow-on schedule check
