[2025-09-16T02:15:52.486+0000] {taskinstance.py:1956} INFO - Dependencies all met for dep_context=non-requeueable deps ti=<TaskInstance: opensky_pipeline_dag.dbt_run_gold manual__2025-09-16T02:15:29.654381+00:00 [queued]>
[2025-09-16T02:15:52.489+0000] {taskinstance.py:1956} INFO - Dependencies all met for dep_context=requeueable deps ti=<TaskInstance: opensky_pipeline_dag.dbt_run_gold manual__2025-09-16T02:15:29.654381+00:00 [queued]>
[2025-09-16T02:15:52.489+0000] {taskinstance.py:2170} INFO - Starting attempt 1 of 1
[2025-09-16T02:15:52.493+0000] {taskinstance.py:2191} INFO - Executing <Task(BashOperator): dbt_run_gold> on 2025-09-16 02:15:29.654381+00:00
[2025-09-16T02:15:52.496+0000] {standard_task_runner.py:60} INFO - Started process 314 to run task
[2025-09-16T02:15:52.497+0000] {standard_task_runner.py:87} INFO - Running: ['airflow', 'tasks', 'run', 'opensky_pipeline_dag', 'dbt_run_gold', 'manual__2025-09-16T02:15:29.654381+00:00', '--job-id', '10', '--raw', '--subdir', 'DAGS_FOLDER/opensky_dag_slow.py', '--cfg-path', '/tmp/tmpnmis8yos']
[2025-09-16T02:15:52.497+0000] {standard_task_runner.py:88} INFO - Job 10: Subtask dbt_run_gold
[2025-09-16T02:15:52.516+0000] {task_command.py:423} INFO - Running <TaskInstance: opensky_pipeline_dag.dbt_run_gold manual__2025-09-16T02:15:29.654381+00:00 [running]> on host f5313bc6bf01
[2025-09-16T02:15:52.544+0000] {taskinstance.py:2480} INFO - Exporting env vars: AIRFLOW_CTX_DAG_OWNER='airflow' AIRFLOW_CTX_DAG_ID='opensky_pipeline_dag' AIRFLOW_CTX_TASK_ID='dbt_run_gold' AIRFLOW_CTX_EXECUTION_DATE='2025-09-16T02:15:29.654381+00:00' AIRFLOW_CTX_TRY_NUMBER='1' AIRFLOW_CTX_DAG_RUN_ID='manual__2025-09-16T02:15:29.654381+00:00'
[2025-09-16T02:15:52.544+0000] {subprocess.py:63} INFO - Tmp dir root location: /tmp
[2025-09-16T02:15:52.545+0000] {subprocess.py:75} INFO - Running command: ['/usr/bin/bash', '-c', 'cd /opt/airflow/flightweather_dbt && dbt run --select tag:gold --profiles-dir .']
[2025-09-16T02:15:52.548+0000] {subprocess.py:86} INFO - Output:
[2025-09-16T02:15:53.063+0000] {subprocess.py:93} INFO - [0m02:15:53  Running with dbt=1.10.11
[2025-09-16T02:15:53.143+0000] {subprocess.py:93} INFO - [0m02:15:53  Registered adapter: postgres=1.9.1
[2025-09-16T02:15:53.255+0000] {subprocess.py:93} INFO - [0m02:15:53  Found 3 models, 1 source, 434 macros
[2025-09-16T02:15:53.256+0000] {subprocess.py:93} INFO - [0m02:15:53  The selection criterion 'tag:gold' does not match any enabled nodes
[2025-09-16T02:15:53.256+0000] {subprocess.py:93} INFO - [0m02:15:53  Nothing to do. Try checking your model configs and model specification args
[2025-09-16T02:15:54.365+0000] {subprocess.py:97} INFO - Command exited with return code 0
[2025-09-16T02:15:54.375+0000] {taskinstance.py:1138} INFO - Marking task as SUCCESS. dag_id=opensky_pipeline_dag, task_id=dbt_run_gold, execution_date=20250916T021529, start_date=20250916T021552, end_date=20250916T021554
[2025-09-16T02:15:54.392+0000] {local_task_job_runner.py:234} INFO - Task exited with return code 0
[2025-09-16T02:15:54.398+0000] {taskinstance.py:3280} INFO - 0 downstream tasks scheduled from follow-on schedule check
