[2025-09-16T06:53:40.881+0000] {taskinstance.py:1956} INFO - Dependencies all met for dep_context=non-requeueable deps ti=<TaskInstance: opensky_data_pipeline_dag.dbt_run_gold manual__2025-09-16T06:53:28.631311+00:00 [queued]>
[2025-09-16T06:53:40.883+0000] {taskinstance.py:1956} INFO - Dependencies all met for dep_context=requeueable deps ti=<TaskInstance: opensky_data_pipeline_dag.dbt_run_gold manual__2025-09-16T06:53:28.631311+00:00 [queued]>
[2025-09-16T06:53:40.883+0000] {taskinstance.py:2170} INFO - Starting attempt 1 of 1
[2025-09-16T06:53:40.887+0000] {taskinstance.py:2191} INFO - Executing <Task(BashOperator): dbt_run_gold> on 2025-09-16 06:53:28.631311+00:00
[2025-09-16T06:53:40.889+0000] {standard_task_runner.py:60} INFO - Started process 457 to run task
[2025-09-16T06:53:40.891+0000] {standard_task_runner.py:87} INFO - Running: ['airflow', 'tasks', 'run', 'opensky_data_pipeline_dag', 'dbt_run_gold', 'manual__2025-09-16T06:53:28.631311+00:00', '--job-id', '11', '--raw', '--subdir', 'DAGS_FOLDER/opensky_data_pipeline_dag.py', '--cfg-path', '/tmp/tmpubehg2k0']
[2025-09-16T06:53:40.892+0000] {standard_task_runner.py:88} INFO - Job 11: Subtask dbt_run_gold
[2025-09-16T06:53:40.910+0000] {task_command.py:423} INFO - Running <TaskInstance: opensky_data_pipeline_dag.dbt_run_gold manual__2025-09-16T06:53:28.631311+00:00 [running]> on host 7b6d608462af
[2025-09-16T06:53:40.936+0000] {taskinstance.py:2480} INFO - Exporting env vars: AIRFLOW_CTX_DAG_OWNER='airflow' AIRFLOW_CTX_DAG_ID='opensky_data_pipeline_dag' AIRFLOW_CTX_TASK_ID='dbt_run_gold' AIRFLOW_CTX_EXECUTION_DATE='2025-09-16T06:53:28.631311+00:00' AIRFLOW_CTX_TRY_NUMBER='1' AIRFLOW_CTX_DAG_RUN_ID='manual__2025-09-16T06:53:28.631311+00:00'
[2025-09-16T06:53:40.937+0000] {subprocess.py:63} INFO - Tmp dir root location: /tmp
[2025-09-16T06:53:40.937+0000] {subprocess.py:75} INFO - Running command: ['/usr/bin/bash', '-c', 'cd /opt/airflow/flightweather_dbt && dbt run --select tag:gold --profiles-dir .']
[2025-09-16T06:53:40.940+0000] {subprocess.py:86} INFO - Output:
[2025-09-16T06:53:41.465+0000] {subprocess.py:93} INFO - [0m06:53:41  Running with dbt=1.10.11
[2025-09-16T06:53:41.546+0000] {subprocess.py:93} INFO - [0m06:53:41  Registered adapter: postgres=1.9.1
[2025-09-16T06:53:41.662+0000] {subprocess.py:93} INFO - [0m06:53:41  Found 3 models, 1 source, 434 macros
[2025-09-16T06:53:41.663+0000] {subprocess.py:93} INFO - [0m06:53:41
[2025-09-16T06:53:41.663+0000] {subprocess.py:93} INFO - [0m06:53:41  Concurrency: 2 threads (target='dev')
[2025-09-16T06:53:41.664+0000] {subprocess.py:93} INFO - [0m06:53:41
[2025-09-16T06:53:41.702+0000] {subprocess.py:93} INFO - [0m06:53:41  1 of 1 START sql table model opensky.gold_flight_stats_by_country .............. [RUN]
[2025-09-16T06:53:41.767+0000] {subprocess.py:93} INFO - [0m06:53:41  1 of 1 OK created sql table model opensky.gold_flight_stats_by_country ......... [[32mSELECT 98[0m in 0.06s]
[2025-09-16T06:53:41.772+0000] {subprocess.py:93} INFO - [0m06:53:41
[2025-09-16T06:53:41.772+0000] {subprocess.py:93} INFO - [0m06:53:41  Finished running 1 table model in 0 hours 0 minutes and 0.11 seconds (0.11s).
[2025-09-16T06:53:41.788+0000] {subprocess.py:93} INFO - [0m06:53:41
[2025-09-16T06:53:41.789+0000] {subprocess.py:93} INFO - [0m06:53:41  [32mCompleted successfully[0m
[2025-09-16T06:53:41.789+0000] {subprocess.py:93} INFO - [0m06:53:41
[2025-09-16T06:53:41.789+0000] {subprocess.py:93} INFO - [0m06:53:41  Done. PASS=1 WARN=0 ERROR=0 SKIP=0 NO-OP=0 TOTAL=1
[2025-09-16T06:53:42.841+0000] {subprocess.py:97} INFO - Command exited with return code 0
[2025-09-16T06:53:42.855+0000] {taskinstance.py:1138} INFO - Marking task as SUCCESS. dag_id=opensky_data_pipeline_dag, task_id=dbt_run_gold, execution_date=20250916T065328, start_date=20250916T065340, end_date=20250916T065342
[2025-09-16T06:53:42.872+0000] {local_task_job_runner.py:234} INFO - Task exited with return code 0
[2025-09-16T06:53:42.880+0000] {taskinstance.py:3280} INFO - 0 downstream tasks scheduled from follow-on schedule check
