[2025-09-16T08:52:06.748+0000] {taskinstance.py:1956} INFO - Dependencies all met for dep_context=non-requeueable deps ti=<TaskInstance: opensky_data_pipeline_dag.run_bronze_load manual__2025-09-16T08:51:45.153138+00:00 [queued]>
[2025-09-16T08:52:06.751+0000] {taskinstance.py:1956} INFO - Dependencies all met for dep_context=requeueable deps ti=<TaskInstance: opensky_data_pipeline_dag.run_bronze_load manual__2025-09-16T08:51:45.153138+00:00 [queued]>
[2025-09-16T08:52:06.751+0000] {taskinstance.py:2170} INFO - Starting attempt 1 of 1
[2025-09-16T08:52:06.754+0000] {taskinstance.py:2191} INFO - Executing <Task(PythonOperator): run_bronze_load> on 2025-09-16 08:51:45.153138+00:00
[2025-09-16T08:52:06.756+0000] {standard_task_runner.py:60} INFO - Started process 2007 to run task
[2025-09-16T08:52:06.758+0000] {standard_task_runner.py:87} INFO - Running: ['airflow', 'tasks', 'run', 'opensky_data_pipeline_dag', 'run_bronze_load', 'manual__2025-09-16T08:51:45.153138+00:00', '--job-id', '19', '--raw', '--subdir', 'DAGS_FOLDER/opensky_data_pipeline_dag.py', '--cfg-path', '/tmp/tmp4enlu9lu']
[2025-09-16T08:52:06.759+0000] {standard_task_runner.py:88} INFO - Job 19: Subtask run_bronze_load
[2025-09-16T08:52:06.776+0000] {task_command.py:423} INFO - Running <TaskInstance: opensky_data_pipeline_dag.run_bronze_load manual__2025-09-16T08:51:45.153138+00:00 [running]> on host 64220da1adfe
[2025-09-16T08:52:06.872+0000] {taskinstance.py:2480} INFO - Exporting env vars: AIRFLOW_CTX_DAG_OWNER='airflow' AIRFLOW_CTX_DAG_ID='opensky_data_pipeline_dag' AIRFLOW_CTX_TASK_ID='run_bronze_load' AIRFLOW_CTX_EXECUTION_DATE='2025-09-16T08:51:45.153138+00:00' AIRFLOW_CTX_TRY_NUMBER='1' AIRFLOW_CTX_DAG_RUN_ID='manual__2025-09-16T08:51:45.153138+00:00'
[2025-09-16T08:52:06.910+0000] {bronze_load.py:27} INFO - Loaded 425916 rows from Parquet: /opt/airflow/scripts/opensky/../../data/kafka_parquet/opensky_batch_20250916_085205.parquet
[2025-09-16T08:52:06.910+0000] {bronze_load.py:28} INFO - Beginning to extract and load data into bronze_info table.
[2025-09-16T08:52:06.916+0000] {base.py:83} INFO - Using connection ID 'postgres_default' for task execution.
[2025-09-16T08:52:06.984+0000] {taskinstance.py:2698} ERROR - Task failed with exception
Traceback (most recent call last):
  File "/home/airflow/.local/lib/python3.11/site-packages/airflow/models/taskinstance.py", line 433, in _execute_task
    result = execute_callable(context=context, **execute_callable_kwargs)
             ^^^^^^^^^^^^^^^^^^^^^^^^^^^^^^^^^^^^^^^^^^^^^^^^^^^^^^^^^^^^
  File "/home/airflow/.local/lib/python3.11/site-packages/airflow/operators/python.py", line 199, in execute
    return_value = self.execute_callable()
                   ^^^^^^^^^^^^^^^^^^^^^^^
  File "/home/airflow/.local/lib/python3.11/site-packages/airflow/operators/python.py", line 216, in execute_callable
    return self.python_callable(*self.op_args, **self.op_kwargs)
           ^^^^^^^^^^^^^^^^^^^^^^^^^^^^^^^^^^^^^^^^^^^^^^^^^^^^^
  File "/opt/airflow/etl/bronze/opensky/bronze_load.py", line 40, in insert_into_bronze_ddl
    cur.execute(insert_query, full_row)
psycopg2.errors.InvalidTextRepresentation: invalid input syntax for type json
LINE 24: ...aN'::float, NULL, 'NaN'::float, '1465', false, 0, '["801626"...
                                                              ^
DETAIL:  Token "NaN" is invalid.
CONTEXT:  JSON data, line 1: ..., 1758012125.0, 1758012125, 88.4413, 22.6421, NaN...

[2025-09-16T08:52:06.988+0000] {taskinstance.py:1138} INFO - Marking task as FAILED. dag_id=opensky_data_pipeline_dag, task_id=run_bronze_load, execution_date=20250916T085145, start_date=20250916T085206, end_date=20250916T085206
[2025-09-16T08:52:06.991+0000] {standard_task_runner.py:107} ERROR - Failed to execute job 19 for task run_bronze_load (invalid input syntax for type json
LINE 24: ...aN'::float, NULL, 'NaN'::float, '1465', false, 0, '["801626"...
                                                              ^
DETAIL:  Token "NaN" is invalid.
CONTEXT:  JSON data, line 1: ..., 1758012125.0, 1758012125, 88.4413, 22.6421, NaN...
; 2007)
[2025-09-16T08:52:07.021+0000] {local_task_job_runner.py:234} INFO - Task exited with return code 1
[2025-09-16T08:52:07.031+0000] {taskinstance.py:3280} INFO - 0 downstream tasks scheduled from follow-on schedule check
