[2025-09-16T03:13:47.059+0000] {taskinstance.py:1956} INFO - Dependencies all met for dep_context=non-requeueable deps ti=<TaskInstance: opensky_data_streaming_dag.stop_streaming scheduled__2025-09-14T09:00:00+00:00 [queued]>
[2025-09-16T03:13:47.061+0000] {taskinstance.py:1956} INFO - Dependencies all met for dep_context=requeueable deps ti=<TaskInstance: opensky_data_streaming_dag.stop_streaming scheduled__2025-09-14T09:00:00+00:00 [queued]>
[2025-09-16T03:13:47.062+0000] {taskinstance.py:2170} INFO - Starting attempt 1 of 1
[2025-09-16T03:13:47.065+0000] {taskinstance.py:2191} INFO - Executing <Task(BashOperator): stop_streaming> on 2025-09-14 09:00:00+00:00
[2025-09-16T03:13:47.067+0000] {standard_task_runner.py:60} INFO - Started process 850 to run task
[2025-09-16T03:13:47.068+0000] {standard_task_runner.py:87} INFO - Running: ['airflow', 'tasks', 'run', 'opensky_data_streaming_dag', 'stop_streaming', 'scheduled__2025-09-14T09:00:00+00:00', '--job-id', '17', '--raw', '--subdir', 'DAGS_FOLDER/opensky_data_streaming_dag.py', '--cfg-path', '/tmp/tmph18bwss3']
[2025-09-16T03:13:47.069+0000] {standard_task_runner.py:88} INFO - Job 17: Subtask stop_streaming
[2025-09-16T03:13:47.089+0000] {task_command.py:423} INFO - Running <TaskInstance: opensky_data_streaming_dag.stop_streaming scheduled__2025-09-14T09:00:00+00:00 [running]> on host d6bdfb507af9
[2025-09-16T03:13:47.115+0000] {taskinstance.py:2480} INFO - Exporting env vars: AIRFLOW_CTX_DAG_OWNER='airflow' AIRFLOW_CTX_DAG_ID='opensky_data_streaming_dag' AIRFLOW_CTX_TASK_ID='stop_streaming' AIRFLOW_CTX_EXECUTION_DATE='2025-09-14T09:00:00+00:00' AIRFLOW_CTX_TRY_NUMBER='1' AIRFLOW_CTX_DAG_RUN_ID='scheduled__2025-09-14T09:00:00+00:00'
[2025-09-16T03:13:47.115+0000] {subprocess.py:63} INFO - Tmp dir root location: /tmp
[2025-09-16T03:13:47.115+0000] {subprocess.py:75} INFO - Running command: ['/usr/bin/bash', '-c', 'kill -9 $(cat /tmp/streaming.pid) && rm /tmp/streaming.pid || echo "No process to kill"']
[2025-09-16T03:13:47.118+0000] {subprocess.py:86} INFO - Output:
[2025-09-16T03:13:47.120+0000] {subprocess.py:93} INFO - cat: /tmp/streaming.pid: No such file or directory
[2025-09-16T03:13:47.120+0000] {subprocess.py:93} INFO - kill: usage: kill [-s sigspec | -n signum | -sigspec] pid | jobspec ... or kill -l [sigspec]
[2025-09-16T03:13:47.120+0000] {subprocess.py:93} INFO - No process to kill
[2025-09-16T03:13:47.120+0000] {subprocess.py:97} INFO - Command exited with return code 0
[2025-09-16T03:13:47.129+0000] {taskinstance.py:1138} INFO - Marking task as SUCCESS. dag_id=opensky_data_streaming_dag, task_id=stop_streaming, execution_date=20250914T090000, start_date=20250916T031347, end_date=20250916T031347
[2025-09-16T03:13:47.166+0000] {local_task_job_runner.py:234} INFO - Task exited with return code 0
[2025-09-16T03:13:47.174+0000] {taskinstance.py:3280} INFO - 0 downstream tasks scheduled from follow-on schedule check
[2025-09-16T08:33:03.670+0000] {taskinstance.py:1956} INFO - Dependencies all met for dep_context=non-requeueable deps ti=<TaskInstance: opensky_data_streaming_dag.stop_streaming scheduled__2025-09-14T09:00:00+00:00 [queued]>
[2025-09-16T08:33:03.673+0000] {taskinstance.py:1956} INFO - Dependencies all met for dep_context=requeueable deps ti=<TaskInstance: opensky_data_streaming_dag.stop_streaming scheduled__2025-09-14T09:00:00+00:00 [queued]>
[2025-09-16T08:33:03.673+0000] {taskinstance.py:2170} INFO - Starting attempt 1 of 1
[2025-09-16T08:33:03.678+0000] {taskinstance.py:2191} INFO - Executing <Task(BashOperator): stop_streaming> on 2025-09-14 09:00:00+00:00
[2025-09-16T08:33:03.680+0000] {standard_task_runner.py:60} INFO - Started process 1039 to run task
[2025-09-16T08:33:03.681+0000] {standard_task_runner.py:87} INFO - Running: ['airflow', 'tasks', 'run', 'opensky_data_streaming_dag', 'stop_streaming', 'scheduled__2025-09-14T09:00:00+00:00', '--job-id', '12', '--raw', '--subdir', 'DAGS_FOLDER/opensky_data_streaming_dag.py', '--cfg-path', '/tmp/tmpi_wg3705']
[2025-09-16T08:33:03.682+0000] {standard_task_runner.py:88} INFO - Job 12: Subtask stop_streaming
[2025-09-16T08:33:03.703+0000] {task_command.py:423} INFO - Running <TaskInstance: opensky_data_streaming_dag.stop_streaming scheduled__2025-09-14T09:00:00+00:00 [running]> on host 64220da1adfe
[2025-09-16T08:33:03.730+0000] {taskinstance.py:2480} INFO - Exporting env vars: AIRFLOW_CTX_DAG_OWNER='airflow' AIRFLOW_CTX_DAG_ID='opensky_data_streaming_dag' AIRFLOW_CTX_TASK_ID='stop_streaming' AIRFLOW_CTX_EXECUTION_DATE='2025-09-14T09:00:00+00:00' AIRFLOW_CTX_TRY_NUMBER='1' AIRFLOW_CTX_DAG_RUN_ID='scheduled__2025-09-14T09:00:00+00:00'
[2025-09-16T08:33:03.731+0000] {subprocess.py:63} INFO - Tmp dir root location: /tmp
[2025-09-16T08:33:03.731+0000] {subprocess.py:75} INFO - Running command: ['/usr/bin/bash', '-c', 'kill -9 $(cat /tmp/streaming.pid) && rm /tmp/streaming.pid || echo "No process to kill"']
[2025-09-16T08:33:03.734+0000] {subprocess.py:86} INFO - Output:
[2025-09-16T08:33:03.737+0000] {subprocess.py:97} INFO - Command exited with return code 0
[2025-09-16T08:33:03.748+0000] {taskinstance.py:1138} INFO - Marking task as SUCCESS. dag_id=opensky_data_streaming_dag, task_id=stop_streaming, execution_date=20250914T090000, start_date=20250916T083303, end_date=20250916T083303
[2025-09-16T08:33:03.779+0000] {local_task_job_runner.py:234} INFO - Task exited with return code 0
[2025-09-16T08:33:03.788+0000] {taskinstance.py:3280} INFO - 0 downstream tasks scheduled from follow-on schedule check
