[2025-09-11T06:15:50.969+0000] {taskinstance.py:1956} INFO - Dependencies all met for dep_context=non-requeueable deps ti=<TaskInstance: aviationstack_kafka_dag.run_silver_load manual__2025-09-11T06:15:48.597366+00:00 [queued]>
[2025-09-11T06:15:50.971+0000] {taskinstance.py:1956} INFO - Dependencies all met for dep_context=requeueable deps ti=<TaskInstance: aviationstack_kafka_dag.run_silver_load manual__2025-09-11T06:15:48.597366+00:00 [queued]>
[2025-09-11T06:15:50.971+0000] {taskinstance.py:2170} INFO - Starting attempt 1 of 1
[2025-09-11T06:15:50.975+0000] {taskinstance.py:2191} INFO - Executing <Task(PythonOperator): run_silver_load> on 2025-09-11 06:15:48.597366+00:00
[2025-09-11T06:15:50.977+0000] {standard_task_runner.py:60} INFO - Started process 479 to run task
[2025-09-11T06:15:50.978+0000] {standard_task_runner.py:87} INFO - Running: ['airflow', 'tasks', 'run', 'aviationstack_kafka_dag', 'run_silver_load', 'manual__2025-09-11T06:15:48.597366+00:00', '--job-id', '12', '--raw', '--subdir', 'DAGS_FOLDER/aviationstack_dag.py', '--cfg-path', '/tmp/tmpp5i9438k']
[2025-09-11T06:15:50.979+0000] {standard_task_runner.py:88} INFO - Job 12: Subtask run_silver_load
[2025-09-11T06:15:50.995+0000] {task_command.py:423} INFO - Running <TaskInstance: aviationstack_kafka_dag.run_silver_load manual__2025-09-11T06:15:48.597366+00:00 [running]> on host d46a8dc9e93f
[2025-09-11T06:15:51.021+0000] {taskinstance.py:2480} INFO - Exporting env vars: AIRFLOW_CTX_DAG_OWNER='airflow' AIRFLOW_CTX_DAG_ID='aviationstack_kafka_dag' AIRFLOW_CTX_TASK_ID='run_silver_load' AIRFLOW_CTX_EXECUTION_DATE='2025-09-11T06:15:48.597366+00:00' AIRFLOW_CTX_TRY_NUMBER='1' AIRFLOW_CTX_DAG_RUN_ID='manual__2025-09-11T06:15:48.597366+00:00'
[2025-09-11T06:15:51.021+0000] {logging_mixin.py:188} INFO - [INFO] Start to load data into silver tables.
[2025-09-11T06:15:53.284+0000] {logging_mixin.py:188} INFO - [DEBUG] Latest processing time: 2025-09-11 06:14:35.691966
[2025-09-11T06:15:53.683+0000] {logging_mixin.py:188} INFO - [INFO] Loading data into silver_flight_info
[2025-09-11T06:15:53.683+0000] {logging_mixin.py:188} INFO - Starting cleaning and transformation process. avstack.bronze_info -> avstack.silver_flight_info
[2025-09-11T06:15:54.188+0000] {logging_mixin.py:188} INFO - Completed cleaning and tranformation process. avstack.bronze_info -> avstack.silver_flight_info
[2025-09-11T06:15:54.257+0000] {logging_mixin.py:188} INFO - Original record count: 95
[2025-09-11T06:15:54.315+0000] {logging_mixin.py:188} INFO - Cleaned record count: 94
[2025-09-11T06:15:54.315+0000] {logging_mixin.py:188} INFO - [INFO] Successfully loaded data into silver_flight_info
[2025-09-11T06:15:54.315+0000] {logging_mixin.py:188} INFO - [INFO] Loading data into silver_dept_info
[2025-09-11T06:15:54.316+0000] {logging_mixin.py:188} INFO - Starting cleaning and transformation process. avstack.bronze_info -> avstack.silver_dept_info
[2025-09-11T06:15:54.501+0000] {logging_mixin.py:188} INFO - Completed cleaning and tranformation process. avstack.bronze_info -> avstack.silver_dept_info
[2025-09-11T06:15:54.539+0000] {logging_mixin.py:188} INFO - Original record count: 95
[2025-09-11T06:15:54.610+0000] {logging_mixin.py:188} INFO - Cleaned record count: 94
[2025-09-11T06:15:54.611+0000] {logging_mixin.py:188} INFO - [INFO] Successfully loaded data into silver_dept_info
[2025-09-11T06:15:54.611+0000] {logging_mixin.py:188} INFO - [INFO] Loading data into silver_arr_info
[2025-09-11T06:15:54.611+0000] {logging_mixin.py:188} INFO - Starting cleaning and transformation process. avstack.bronze_info -> avstack.silver_arr_info
[2025-09-11T06:15:54.773+0000] {logging_mixin.py:188} INFO - Completed cleaning and tranformation process. avstack.bronze_info -> avstack.silver_arr_info
[2025-09-11T06:15:54.807+0000] {logging_mixin.py:188} INFO - Original record count: 95
[2025-09-11T06:15:54.848+0000] {logging_mixin.py:188} INFO - Cleaned record count: 94
[2025-09-11T06:15:54.849+0000] {logging_mixin.py:188} INFO - [INFO] Successfully loaded data into silver_arr_info
[2025-09-11T06:15:54.849+0000] {python.py:201} INFO - Done. Returned value was: None
[2025-09-11T06:15:54.855+0000] {taskinstance.py:1138} INFO - Marking task as SUCCESS. dag_id=aviationstack_kafka_dag, task_id=run_silver_load, execution_date=20250911T061548, start_date=20250911T061550, end_date=20250911T061554
[2025-09-11T06:15:54.870+0000] {local_task_job_runner.py:234} INFO - Task exited with return code 0
[2025-09-11T06:15:54.883+0000] {taskinstance.py:3280} INFO - 1 downstream tasks scheduled from follow-on schedule check
