[2025-09-12T08:00:17.691+0000] {taskinstance.py:1956} INFO - Dependencies all met for dep_context=non-requeueable deps ti=<TaskInstance: aviationstack_kafka_dag.run_gold_load scheduled__2025-09-12T04:00:00+00:00 [queued]>
[2025-09-12T08:00:17.693+0000] {taskinstance.py:1956} INFO - Dependencies all met for dep_context=requeueable deps ti=<TaskInstance: aviationstack_kafka_dag.run_gold_load scheduled__2025-09-12T04:00:00+00:00 [queued]>
[2025-09-12T08:00:17.693+0000] {taskinstance.py:2170} INFO - Starting attempt 1 of 1
[2025-09-12T08:00:17.697+0000] {taskinstance.py:2191} INFO - Executing <Task(PythonOperator): run_gold_load> on 2025-09-12 04:00:00+00:00
[2025-09-12T08:00:17.699+0000] {standard_task_runner.py:60} INFO - Started process 1864 to run task
[2025-09-12T08:00:17.700+0000] {standard_task_runner.py:87} INFO - Running: ['airflow', 'tasks', 'run', 'aviationstack_kafka_dag', 'run_gold_load', 'scheduled__2025-09-12T04:00:00+00:00', '--job-id', '23', '--raw', '--subdir', 'DAGS_FOLDER/aviationstack_dag.py', '--cfg-path', '/tmp/tmpdj6ojm85']
[2025-09-12T08:00:17.701+0000] {standard_task_runner.py:88} INFO - Job 23: Subtask run_gold_load
[2025-09-12T08:00:17.722+0000] {task_command.py:423} INFO - Running <TaskInstance: aviationstack_kafka_dag.run_gold_load scheduled__2025-09-12T04:00:00+00:00 [running]> on host eba0e74bcf84
[2025-09-12T08:00:17.749+0000] {taskinstance.py:2480} INFO - Exporting env vars: AIRFLOW_CTX_DAG_OWNER='airflow' AIRFLOW_CTX_DAG_ID='aviationstack_kafka_dag' AIRFLOW_CTX_TASK_ID='run_gold_load' AIRFLOW_CTX_EXECUTION_DATE='2025-09-12T04:00:00+00:00' AIRFLOW_CTX_TRY_NUMBER='1' AIRFLOW_CTX_DAG_RUN_ID='scheduled__2025-09-12T04:00:00+00:00'
[2025-09-12T08:00:17.756+0000] {base.py:83} INFO - Using connection ID 'postgres_default' for task execution.
[2025-09-12T08:00:17.758+0000] {logging_mixin.py:188} INFO - [INFO] Starting to load data into gold layer
[2025-09-12T08:00:17.758+0000] {logging_mixin.py:188} INFO - Working on timezone
[2025-09-12T08:00:17.759+0000] {logging_mixin.py:188} INFO - Completed timezone
[2025-09-12T08:00:17.760+0000] {logging_mixin.py:188} INFO - Working on airline
[2025-09-12T08:00:17.760+0000] {logging_mixin.py:188} INFO - Completed airline
[2025-09-12T08:00:17.760+0000] {logging_mixin.py:188} INFO - Working on airport
[2025-09-12T08:00:17.761+0000] {logging_mixin.py:188} INFO - Completed airport
[2025-09-12T08:00:17.761+0000] {logging_mixin.py:188} INFO - Working on flight
[2025-09-12T08:00:17.762+0000] {logging_mixin.py:188} INFO - Completed flight
[2025-09-12T08:00:17.762+0000] {logging_mixin.py:188} INFO - Working on arr_dept_table
[2025-09-12T08:00:17.767+0000] {logging_mixin.py:188} INFO - Completed arr_dept table
[2025-09-12T08:00:17.767+0000] {logging_mixin.py:188} INFO - Working on departure table
[2025-09-12T08:00:17.768+0000] {logging_mixin.py:188} INFO - Completed departure table
[2025-09-12T08:00:17.768+0000] {logging_mixin.py:188} INFO - Working on arrival table
[2025-09-12T08:00:17.772+0000] {logging_mixin.py:188} INFO - Completed arrival table
[2025-09-12T08:00:17.772+0000] {logging_mixin.py:188} INFO - [INFO] Completed gold layer
[2025-09-12T08:00:17.772+0000] {python.py:201} INFO - Done. Returned value was: None
[2025-09-12T08:00:17.777+0000] {taskinstance.py:1138} INFO - Marking task as SUCCESS. dag_id=aviationstack_kafka_dag, task_id=run_gold_load, execution_date=20250912T040000, start_date=20250912T080017, end_date=20250912T080017
[2025-09-12T08:00:17.796+0000] {local_task_job_runner.py:234} INFO - Task exited with return code 0
[2025-09-12T08:00:17.804+0000] {taskinstance.py:3280} INFO - 0 downstream tasks scheduled from follow-on schedule check
