[2025-09-13T08:00:16.618+0000] {taskinstance.py:1956} INFO - Dependencies all met for dep_context=non-requeueable deps ti=<TaskInstance: aviationstack_kafka_dag.run_gold_load scheduled__2025-09-13T04:00:00+00:00 [queued]>
[2025-09-13T08:00:16.621+0000] {taskinstance.py:1956} INFO - Dependencies all met for dep_context=requeueable deps ti=<TaskInstance: aviationstack_kafka_dag.run_gold_load scheduled__2025-09-13T04:00:00+00:00 [queued]>
[2025-09-13T08:00:16.621+0000] {taskinstance.py:2170} INFO - Starting attempt 1 of 1
[2025-09-13T08:00:16.624+0000] {taskinstance.py:2191} INFO - Executing <Task(PythonOperator): run_gold_load> on 2025-09-13 04:00:00+00:00
[2025-09-13T08:00:16.626+0000] {standard_task_runner.py:60} INFO - Started process 17825 to run task
[2025-09-13T08:00:16.628+0000] {standard_task_runner.py:87} INFO - Running: ['airflow', 'tasks', 'run', 'aviationstack_kafka_dag', 'run_gold_load', 'scheduled__2025-09-13T04:00:00+00:00', '--job-id', '43', '--raw', '--subdir', 'DAGS_FOLDER/aviationstack_dag.py', '--cfg-path', '/tmp/tmpxm_y9ntv']
[2025-09-13T08:00:16.630+0000] {standard_task_runner.py:88} INFO - Job 43: Subtask run_gold_load
[2025-09-13T08:00:16.649+0000] {task_command.py:423} INFO - Running <TaskInstance: aviationstack_kafka_dag.run_gold_load scheduled__2025-09-13T04:00:00+00:00 [running]> on host eba0e74bcf84
[2025-09-13T08:00:16.676+0000] {taskinstance.py:2480} INFO - Exporting env vars: AIRFLOW_CTX_DAG_OWNER='airflow' AIRFLOW_CTX_DAG_ID='aviationstack_kafka_dag' AIRFLOW_CTX_TASK_ID='run_gold_load' AIRFLOW_CTX_EXECUTION_DATE='2025-09-13T04:00:00+00:00' AIRFLOW_CTX_TRY_NUMBER='1' AIRFLOW_CTX_DAG_RUN_ID='scheduled__2025-09-13T04:00:00+00:00'
[2025-09-13T08:00:16.682+0000] {base.py:83} INFO - Using connection ID 'postgres_default' for task execution.
[2025-09-13T08:00:16.685+0000] {logging_mixin.py:188} INFO - [INFO] Starting to load data into gold layer
[2025-09-13T08:00:16.685+0000] {logging_mixin.py:188} INFO - Working on timezone
[2025-09-13T08:00:16.686+0000] {logging_mixin.py:188} INFO - Completed timezone
[2025-09-13T08:00:16.686+0000] {logging_mixin.py:188} INFO - Working on airline
[2025-09-13T08:00:16.687+0000] {logging_mixin.py:188} INFO - Completed airline
[2025-09-13T08:00:16.687+0000] {logging_mixin.py:188} INFO - Working on airport
[2025-09-13T08:00:16.688+0000] {logging_mixin.py:188} INFO - Completed airport
[2025-09-13T08:00:16.688+0000] {logging_mixin.py:188} INFO - Working on flight
[2025-09-13T08:00:16.699+0000] {logging_mixin.py:188} INFO - Completed flight
[2025-09-13T08:00:16.699+0000] {logging_mixin.py:188} INFO - Working on arr_dept_table
[2025-09-13T08:00:16.732+0000] {logging_mixin.py:188} INFO - Completed arr_dept table
[2025-09-13T08:00:16.732+0000] {logging_mixin.py:188} INFO - Working on departure table
[2025-09-13T08:00:16.759+0000] {logging_mixin.py:188} INFO - Completed departure table
[2025-09-13T08:00:16.760+0000] {logging_mixin.py:188} INFO - Working on arrival table
[2025-09-13T08:00:17.321+0000] {logging_mixin.py:188} INFO - Completed arrival table
[2025-09-13T08:00:17.322+0000] {logging_mixin.py:188} INFO - [INFO] Completed gold layer
[2025-09-13T08:00:17.322+0000] {python.py:201} INFO - Done. Returned value was: None
[2025-09-13T08:00:17.326+0000] {taskinstance.py:1138} INFO - Marking task as SUCCESS. dag_id=aviationstack_kafka_dag, task_id=run_gold_load, execution_date=20250913T040000, start_date=20250913T080016, end_date=20250913T080017
[2025-09-13T08:00:17.353+0000] {local_task_job_runner.py:234} INFO - Task exited with return code 0
[2025-09-13T08:00:17.361+0000] {taskinstance.py:3280} INFO - 0 downstream tasks scheduled from follow-on schedule check
