[2025-09-16T01:50:40.806+0000] {taskinstance.py:1956} INFO - Dependencies all met for dep_context=non-requeueable deps ti=<TaskInstance: opensky_pipeline_dag.dbt_run_silver manual__2025-09-16T01:50:21.401157+00:00 [queued]>
[2025-09-16T01:50:40.809+0000] {taskinstance.py:1956} INFO - Dependencies all met for dep_context=requeueable deps ti=<TaskInstance: opensky_pipeline_dag.dbt_run_silver manual__2025-09-16T01:50:21.401157+00:00 [queued]>
[2025-09-16T01:50:40.809+0000] {taskinstance.py:2170} INFO - Starting attempt 1 of 1
[2025-09-16T01:50:40.812+0000] {taskinstance.py:2191} INFO - Executing <Task(BashOperator): dbt_run_silver> on 2025-09-16 01:50:21.401157+00:00
[2025-09-16T01:50:40.814+0000] {standard_task_runner.py:60} INFO - Started process 446 to run task
[2025-09-16T01:50:40.816+0000] {standard_task_runner.py:87} INFO - Running: ['airflow', 'tasks', 'run', 'opensky_pipeline_dag', 'dbt_run_silver', 'manual__2025-09-16T01:50:21.401157+00:00', '--job-id', '18', '--raw', '--subdir', 'DAGS_FOLDER/opensky_dag_slow.py', '--cfg-path', '/tmp/tmpdpxh9b4e']
[2025-09-16T01:50:40.816+0000] {standard_task_runner.py:88} INFO - Job 18: Subtask dbt_run_silver
[2025-09-16T01:50:40.834+0000] {task_command.py:423} INFO - Running <TaskInstance: opensky_pipeline_dag.dbt_run_silver manual__2025-09-16T01:50:21.401157+00:00 [running]> on host 4636f1ec07a4
[2025-09-16T01:50:40.859+0000] {taskinstance.py:2480} INFO - Exporting env vars: AIRFLOW_CTX_DAG_OWNER='airflow' AIRFLOW_CTX_DAG_ID='opensky_pipeline_dag' AIRFLOW_CTX_TASK_ID='dbt_run_silver' AIRFLOW_CTX_EXECUTION_DATE='2025-09-16T01:50:21.401157+00:00' AIRFLOW_CTX_TRY_NUMBER='1' AIRFLOW_CTX_DAG_RUN_ID='manual__2025-09-16T01:50:21.401157+00:00'
[2025-09-16T01:50:40.860+0000] {subprocess.py:63} INFO - Tmp dir root location: /tmp
[2025-09-16T01:50:40.860+0000] {subprocess.py:75} INFO - Running command: ['/usr/bin/bash', '-c', 'cd /opt/airflow/flightweather_dbt && dbt run --select tag:silver --profiles-dir .']
[2025-09-16T01:50:40.863+0000] {subprocess.py:86} INFO - Output:
[2025-09-16T01:50:40.864+0000] {subprocess.py:93} INFO - /usr/bin/bash: line 1: dbt: command not found
[2025-09-16T01:50:40.864+0000] {subprocess.py:97} INFO - Command exited with return code 127
[2025-09-16T01:50:40.869+0000] {taskinstance.py:2698} ERROR - Task failed with exception
Traceback (most recent call last):
  File "/home/airflow/.local/lib/python3.11/site-packages/airflow/models/taskinstance.py", line 433, in _execute_task
    result = execute_callable(context=context, **execute_callable_kwargs)
             ^^^^^^^^^^^^^^^^^^^^^^^^^^^^^^^^^^^^^^^^^^^^^^^^^^^^^^^^^^^^
  File "/home/airflow/.local/lib/python3.11/site-packages/airflow/operators/bash.py", line 212, in execute
    raise AirflowException(
airflow.exceptions.AirflowException: Bash command failed. The command returned a non-zero exit code 127.
[2025-09-16T01:50:40.870+0000] {taskinstance.py:1138} INFO - Marking task as FAILED. dag_id=opensky_pipeline_dag, task_id=dbt_run_silver, execution_date=20250916T015021, start_date=20250916T015040, end_date=20250916T015040
[2025-09-16T01:50:40.873+0000] {standard_task_runner.py:107} ERROR - Failed to execute job 18 for task dbt_run_silver (Bash command failed. The command returned a non-zero exit code 127.; 446)
[2025-09-16T01:50:40.913+0000] {local_task_job_runner.py:234} INFO - Task exited with return code 1
[2025-09-16T01:50:40.922+0000] {taskinstance.py:3280} INFO - 0 downstream tasks scheduled from follow-on schedule check
