[2025-09-12T06:33:09.187+0000] {taskinstance.py:1956} INFO - Dependencies all met for dep_context=non-requeueable deps ti=<TaskInstance: aviationstack_kafka_dag.run_bronze_load manual__2025-09-12T06:32:56.657572+00:00 [queued]>
[2025-09-12T06:33:09.190+0000] {taskinstance.py:1956} INFO - Dependencies all met for dep_context=requeueable deps ti=<TaskInstance: aviationstack_kafka_dag.run_bronze_load manual__2025-09-12T06:32:56.657572+00:00 [queued]>
[2025-09-12T06:33:09.190+0000] {taskinstance.py:2170} INFO - Starting attempt 1 of 1
[2025-09-12T06:33:09.194+0000] {taskinstance.py:2191} INFO - Executing <Task(PythonOperator): run_bronze_load> on 2025-09-12 06:32:56.657572+00:00
[2025-09-12T06:33:09.196+0000] {standard_task_runner.py:60} INFO - Started process 285 to run task
[2025-09-12T06:33:09.197+0000] {standard_task_runner.py:87} INFO - Running: ['airflow', 'tasks', 'run', 'aviationstack_kafka_dag', 'run_bronze_load', 'manual__2025-09-12T06:32:56.657572+00:00', '--job-id', '6', '--raw', '--subdir', 'DAGS_FOLDER/aviationstack_dag.py', '--cfg-path', '/tmp/tmpotw9klqp']
[2025-09-12T06:33:09.199+0000] {standard_task_runner.py:88} INFO - Job 6: Subtask run_bronze_load
[2025-09-12T06:33:09.220+0000] {task_command.py:423} INFO - Running <TaskInstance: aviationstack_kafka_dag.run_bronze_load manual__2025-09-12T06:32:56.657572+00:00 [running]> on host ed57d79fb2bc
[2025-09-12T06:33:09.247+0000] {taskinstance.py:2480} INFO - Exporting env vars: AIRFLOW_CTX_DAG_OWNER='airflow' AIRFLOW_CTX_DAG_ID='aviationstack_kafka_dag' AIRFLOW_CTX_TASK_ID='run_bronze_load' AIRFLOW_CTX_EXECUTION_DATE='2025-09-12T06:32:56.657572+00:00' AIRFLOW_CTX_TRY_NUMBER='1' AIRFLOW_CTX_DAG_RUN_ID='manual__2025-09-12T06:32:56.657572+00:00'
[2025-09-12T06:33:09.259+0000] {base.py:83} INFO - Using connection ID 'postgres_default' for task execution.
[2025-09-12T06:33:09.261+0000] {logging_mixin.py:188} INFO - [INFO] Reading data from JSON file
[2025-09-12T06:33:09.262+0000] {taskinstance.py:2698} ERROR - Task failed with exception
Traceback (most recent call last):
  File "/home/airflow/.local/lib/python3.11/site-packages/airflow/models/taskinstance.py", line 433, in _execute_task
    result = execute_callable(context=context, **execute_callable_kwargs)
             ^^^^^^^^^^^^^^^^^^^^^^^^^^^^^^^^^^^^^^^^^^^^^^^^^^^^^^^^^^^^
  File "/home/airflow/.local/lib/python3.11/site-packages/airflow/operators/python.py", line 199, in execute
    return_value = self.execute_callable()
                   ^^^^^^^^^^^^^^^^^^^^^^^
  File "/home/airflow/.local/lib/python3.11/site-packages/airflow/operators/python.py", line 216, in execute_callable
    return self.python_callable(*self.op_args, **self.op_kwargs)
           ^^^^^^^^^^^^^^^^^^^^^^^^^^^^^^^^^^^^^^^^^^^^^^^^^^^^^
  File "/opt/airflow/etl/bronze/avstack/bronze_load.py", line 33, in insert_into_bronze_ddl
    with open(filepath, "r") as f:
         ^^^^^^^^^^^^^^^^^^^
TypeError: expected str, bytes or os.PathLike object, not NoneType
[2025-09-12T06:33:09.266+0000] {taskinstance.py:1138} INFO - Marking task as FAILED. dag_id=aviationstack_kafka_dag, task_id=run_bronze_load, execution_date=20250912T063256, start_date=20250912T063309, end_date=20250912T063309
[2025-09-12T06:33:09.269+0000] {standard_task_runner.py:107} ERROR - Failed to execute job 6 for task run_bronze_load (expected str, bytes or os.PathLike object, not NoneType; 285)
[2025-09-12T06:33:09.300+0000] {local_task_job_runner.py:234} INFO - Task exited with return code 1
[2025-09-12T06:33:09.312+0000] {taskinstance.py:3280} INFO - 0 downstream tasks scheduled from follow-on schedule check
