[2025-09-16T03:12:45.510+0000] {taskinstance.py:1956} INFO - Dependencies all met for dep_context=non-requeueable deps ti=<TaskInstance: opensky_data_streaming_dag.start_streaming scheduled__2025-09-14T09:00:00+00:00 [queued]>
[2025-09-16T03:12:45.513+0000] {taskinstance.py:1956} INFO - Dependencies all met for dep_context=requeueable deps ti=<TaskInstance: opensky_data_streaming_dag.start_streaming scheduled__2025-09-14T09:00:00+00:00 [queued]>
[2025-09-16T03:12:45.513+0000] {taskinstance.py:2170} INFO - Starting attempt 1 of 1
[2025-09-16T03:12:45.516+0000] {taskinstance.py:2191} INFO - Executing <Task(BashOperator): start_streaming> on 2025-09-14 09:00:00+00:00
[2025-09-16T03:12:45.518+0000] {standard_task_runner.py:60} INFO - Started process 803 to run task
[2025-09-16T03:12:45.520+0000] {standard_task_runner.py:87} INFO - Running: ['airflow', 'tasks', 'run', 'opensky_data_streaming_dag', 'start_streaming', 'scheduled__2025-09-14T09:00:00+00:00', '--job-id', '15', '--raw', '--subdir', 'DAGS_FOLDER/opensky_data_streaming_dag.py', '--cfg-path', '/tmp/tmparg2bdbk']
[2025-09-16T03:12:45.521+0000] {standard_task_runner.py:88} INFO - Job 15: Subtask start_streaming
[2025-09-16T03:12:45.539+0000] {task_command.py:423} INFO - Running <TaskInstance: opensky_data_streaming_dag.start_streaming scheduled__2025-09-14T09:00:00+00:00 [running]> on host d6bdfb507af9
[2025-09-16T03:12:45.563+0000] {taskinstance.py:2480} INFO - Exporting env vars: AIRFLOW_CTX_DAG_OWNER='airflow' AIRFLOW_CTX_DAG_ID='opensky_data_streaming_dag' AIRFLOW_CTX_TASK_ID='start_streaming' AIRFLOW_CTX_EXECUTION_DATE='2025-09-14T09:00:00+00:00' AIRFLOW_CTX_TRY_NUMBER='1' AIRFLOW_CTX_DAG_RUN_ID='scheduled__2025-09-14T09:00:00+00:00'
[2025-09-16T03:12:45.563+0000] {subprocess.py:63} INFO - Tmp dir root location: /tmp
[2025-09-16T03:12:45.564+0000] {subprocess.py:75} INFO - Running command: ['/usr/bin/bash', '-c', 'nohup python3 /opt/airflow/scripts/opensky/bash_streaming.py > /dev/null 2>&1 &']
[2025-09-16T03:12:45.566+0000] {subprocess.py:86} INFO - Output:
[2025-09-16T03:12:45.567+0000] {subprocess.py:97} INFO - Command exited with return code 0
[2025-09-16T03:12:45.577+0000] {taskinstance.py:1138} INFO - Marking task as SUCCESS. dag_id=opensky_data_streaming_dag, task_id=start_streaming, execution_date=20250914T090000, start_date=20250916T031245, end_date=20250916T031245
[2025-09-16T03:12:45.620+0000] {local_task_job_runner.py:234} INFO - Task exited with return code 0
[2025-09-16T03:12:45.631+0000] {taskinstance.py:3280} INFO - 1 downstream tasks scheduled from follow-on schedule check
[2025-09-16T06:52:43.725+0000] {taskinstance.py:1956} INFO - Dependencies all met for dep_context=non-requeueable deps ti=<TaskInstance: opensky_data_streaming_dag.start_streaming scheduled__2025-09-14T09:00:00+00:00 [queued]>
[2025-09-16T06:52:43.728+0000] {taskinstance.py:1956} INFO - Dependencies all met for dep_context=requeueable deps ti=<TaskInstance: opensky_data_streaming_dag.start_streaming scheduled__2025-09-14T09:00:00+00:00 [queued]>
[2025-09-16T06:52:43.728+0000] {taskinstance.py:2170} INFO - Starting attempt 1 of 1
[2025-09-16T06:52:43.732+0000] {taskinstance.py:2191} INFO - Executing <Task(BashOperator): start_streaming> on 2025-09-14 09:00:00+00:00
[2025-09-16T06:52:43.734+0000] {standard_task_runner.py:60} INFO - Started process 373 to run task
[2025-09-16T06:52:43.735+0000] {standard_task_runner.py:87} INFO - Running: ['airflow', 'tasks', 'run', 'opensky_data_streaming_dag', 'start_streaming', 'scheduled__2025-09-14T09:00:00+00:00', '--job-id', '3', '--raw', '--subdir', 'DAGS_FOLDER/opensky_data_streaming_dag.py', '--cfg-path', '/tmp/tmp7qyb59my']
[2025-09-16T06:52:43.736+0000] {standard_task_runner.py:88} INFO - Job 3: Subtask start_streaming
[2025-09-16T06:52:43.758+0000] {task_command.py:423} INFO - Running <TaskInstance: opensky_data_streaming_dag.start_streaming scheduled__2025-09-14T09:00:00+00:00 [running]> on host 7b6d608462af
[2025-09-16T06:52:43.786+0000] {taskinstance.py:2480} INFO - Exporting env vars: AIRFLOW_CTX_DAG_OWNER='airflow' AIRFLOW_CTX_DAG_ID='opensky_data_streaming_dag' AIRFLOW_CTX_TASK_ID='start_streaming' AIRFLOW_CTX_EXECUTION_DATE='2025-09-14T09:00:00+00:00' AIRFLOW_CTX_TRY_NUMBER='1' AIRFLOW_CTX_DAG_RUN_ID='scheduled__2025-09-14T09:00:00+00:00'
[2025-09-16T06:52:43.787+0000] {subprocess.py:63} INFO - Tmp dir root location: /tmp
[2025-09-16T06:52:43.787+0000] {subprocess.py:75} INFO - Running command: ['/usr/bin/bash', '-c', 'nohup python3 /opt/airflow/scripts/opensky/bash_streaming.py > /dev/null 2>&1 &']
[2025-09-16T06:52:43.791+0000] {subprocess.py:86} INFO - Output:
[2025-09-16T06:52:43.792+0000] {subprocess.py:97} INFO - Command exited with return code 0
[2025-09-16T06:52:43.802+0000] {taskinstance.py:1138} INFO - Marking task as SUCCESS. dag_id=opensky_data_streaming_dag, task_id=start_streaming, execution_date=20250914T090000, start_date=20250916T065243, end_date=20250916T065243
[2025-09-16T06:52:43.833+0000] {local_task_job_runner.py:234} INFO - Task exited with return code 0
[2025-09-16T06:52:43.846+0000] {taskinstance.py:3280} INFO - 1 downstream tasks scheduled from follow-on schedule check
[2025-09-16T08:28:01.809+0000] {taskinstance.py:1956} INFO - Dependencies all met for dep_context=non-requeueable deps ti=<TaskInstance: opensky_data_streaming_dag.start_streaming scheduled__2025-09-14T09:00:00+00:00 [queued]>
[2025-09-16T08:28:01.812+0000] {taskinstance.py:1956} INFO - Dependencies all met for dep_context=requeueable deps ti=<TaskInstance: opensky_data_streaming_dag.start_streaming scheduled__2025-09-14T09:00:00+00:00 [queued]>
[2025-09-16T08:28:01.812+0000] {taskinstance.py:2170} INFO - Starting attempt 1 of 1
[2025-09-16T08:28:01.818+0000] {taskinstance.py:2191} INFO - Executing <Task(BashOperator): start_streaming> on 2025-09-14 09:00:00+00:00
[2025-09-16T08:28:01.821+0000] {standard_task_runner.py:60} INFO - Started process 742 to run task
[2025-09-16T08:28:01.823+0000] {standard_task_runner.py:87} INFO - Running: ['airflow', 'tasks', 'run', 'opensky_data_streaming_dag', 'start_streaming', 'scheduled__2025-09-14T09:00:00+00:00', '--job-id', '3', '--raw', '--subdir', 'DAGS_FOLDER/opensky_data_streaming_dag.py', '--cfg-path', '/tmp/tmp9ujul208']
[2025-09-16T08:28:01.824+0000] {standard_task_runner.py:88} INFO - Job 3: Subtask start_streaming
[2025-09-16T08:28:01.845+0000] {task_command.py:423} INFO - Running <TaskInstance: opensky_data_streaming_dag.start_streaming scheduled__2025-09-14T09:00:00+00:00 [running]> on host 64220da1adfe
[2025-09-16T08:28:01.875+0000] {taskinstance.py:2480} INFO - Exporting env vars: AIRFLOW_CTX_DAG_OWNER='airflow' AIRFLOW_CTX_DAG_ID='opensky_data_streaming_dag' AIRFLOW_CTX_TASK_ID='start_streaming' AIRFLOW_CTX_EXECUTION_DATE='2025-09-14T09:00:00+00:00' AIRFLOW_CTX_TRY_NUMBER='1' AIRFLOW_CTX_DAG_RUN_ID='scheduled__2025-09-14T09:00:00+00:00'
[2025-09-16T08:28:01.875+0000] {subprocess.py:63} INFO - Tmp dir root location: /tmp
[2025-09-16T08:28:01.875+0000] {subprocess.py:75} INFO - Running command: ['/usr/bin/bash', '-c', 'nohup python3 /opt/airflow/scripts/opensky/bash_streaming.py > /dev/null 2>&1 &']
[2025-09-16T08:28:01.879+0000] {subprocess.py:86} INFO - Output:
[2025-09-16T08:28:01.880+0000] {subprocess.py:97} INFO - Command exited with return code 0
[2025-09-16T08:28:01.892+0000] {taskinstance.py:1138} INFO - Marking task as SUCCESS. dag_id=opensky_data_streaming_dag, task_id=start_streaming, execution_date=20250914T090000, start_date=20250916T082801, end_date=20250916T082801
[2025-09-16T08:28:01.921+0000] {local_task_job_runner.py:234} INFO - Task exited with return code 0
[2025-09-16T08:28:01.935+0000] {taskinstance.py:3280} INFO - 1 downstream tasks scheduled from follow-on schedule check
