[2025-09-11T05:53:31.145+0000] {taskinstance.py:1956} INFO - Dependencies all met for dep_context=non-requeueable deps ti=<TaskInstance: aviationstack_kafka_dag.run_silver_load manual__2025-09-11T05:53:27.831266+00:00 [queued]>
[2025-09-11T05:53:31.147+0000] {taskinstance.py:1956} INFO - Dependencies all met for dep_context=requeueable deps ti=<TaskInstance: aviationstack_kafka_dag.run_silver_load manual__2025-09-11T05:53:27.831266+00:00 [queued]>
[2025-09-11T05:53:31.147+0000] {taskinstance.py:2170} INFO - Starting attempt 1 of 1
[2025-09-11T05:53:31.151+0000] {taskinstance.py:2191} INFO - Executing <Task(PythonOperator): run_silver_load> on 2025-09-11 05:53:27.831266+00:00
[2025-09-11T05:53:31.152+0000] {standard_task_runner.py:60} INFO - Started process 4059 to run task
[2025-09-11T05:53:31.154+0000] {standard_task_runner.py:87} INFO - Running: ['airflow', 'tasks', 'run', 'aviationstack_kafka_dag', 'run_silver_load', 'manual__2025-09-11T05:53:27.831266+00:00', '--job-id', '26', '--raw', '--subdir', 'DAGS_FOLDER/aviationstack_dag.py', '--cfg-path', '/tmp/tmpl496glbr']
[2025-09-11T05:53:31.155+0000] {standard_task_runner.py:88} INFO - Job 26: Subtask run_silver_load
[2025-09-11T05:53:31.162+0000] {logging_mixin.py:188} WARNING - /home/airflow/.local/lib/python3.11/site-packages/airflow/settings.py:194 DeprecationWarning: The sql_alchemy_conn option in [core] has been moved to the sql_alchemy_conn option in [database] - the old setting has been used, but please update your config.
[2025-09-11T05:53:31.174+0000] {task_command.py:423} INFO - Running <TaskInstance: aviationstack_kafka_dag.run_silver_load manual__2025-09-11T05:53:27.831266+00:00 [running]> on host 81f5a06342ec
[2025-09-11T05:53:31.200+0000] {taskinstance.py:2480} INFO - Exporting env vars: AIRFLOW_CTX_DAG_OWNER='airflow' AIRFLOW_CTX_DAG_ID='aviationstack_kafka_dag' AIRFLOW_CTX_TASK_ID='run_silver_load' AIRFLOW_CTX_EXECUTION_DATE='2025-09-11T05:53:27.831266+00:00' AIRFLOW_CTX_TRY_NUMBER='1' AIRFLOW_CTX_DAG_RUN_ID='manual__2025-09-11T05:53:27.831266+00:00'
[2025-09-11T05:53:31.201+0000] {logging_mixin.py:188} INFO - [INFO] Start to load data into silver tables.
[2025-09-11T05:53:33.468+0000] {logging_mixin.py:188} INFO - [DEBUG] Latest processing time: 2025-09-11 05:50:51.663233
[2025-09-11T05:53:33.863+0000] {logging_mixin.py:188} INFO - [INFO] Loading data into silver_flight_info
[2025-09-11T05:53:33.863+0000] {logging_mixin.py:188} INFO - Starting cleaning and transformation process. avstack.bronze_info -> avstack.silver_flight_info
[2025-09-11T05:53:34.397+0000] {logging_mixin.py:188} INFO - Completed cleaning and tranformation process. avstack.bronze_info -> avstack.silver_flight_info
[2025-09-11T05:53:34.474+0000] {logging_mixin.py:188} INFO - Original record count: 95
[2025-09-11T05:53:34.552+0000] {logging_mixin.py:188} INFO - Cleaned record count: 94
[2025-09-11T05:53:34.552+0000] {logging_mixin.py:188} INFO - [INFO] Successfully loaded data into silver_flight_info
[2025-09-11T05:53:34.553+0000] {logging_mixin.py:188} INFO - [INFO] Loading data into silver_dept_info
[2025-09-11T05:53:34.553+0000] {logging_mixin.py:188} INFO - Starting cleaning and transformation process. avstack.bronze_info -> avstack.silver_dept_info
[2025-09-11T05:53:34.756+0000] {logging_mixin.py:188} INFO - Completed cleaning and tranformation process. avstack.bronze_info -> avstack.silver_dept_info
[2025-09-11T05:53:34.795+0000] {logging_mixin.py:188} INFO - Original record count: 95
[2025-09-11T05:53:34.857+0000] {logging_mixin.py:188} INFO - Cleaned record count: 94
[2025-09-11T05:53:34.857+0000] {logging_mixin.py:188} INFO - [INFO] Successfully loaded data into silver_dept_info
[2025-09-11T05:53:34.857+0000] {logging_mixin.py:188} INFO - [INFO] Loading data into silver_arr_info
[2025-09-11T05:53:34.857+0000] {logging_mixin.py:188} INFO - Starting cleaning and transformation process. avstack.bronze_info -> avstack.silver_arr_info
[2025-09-11T05:53:35.019+0000] {logging_mixin.py:188} INFO - Completed cleaning and tranformation process. avstack.bronze_info -> avstack.silver_arr_info
[2025-09-11T05:53:35.053+0000] {logging_mixin.py:188} INFO - Original record count: 95
[2025-09-11T05:53:35.094+0000] {logging_mixin.py:188} INFO - Cleaned record count: 94
[2025-09-11T05:53:35.094+0000] {logging_mixin.py:188} INFO - [INFO] Successfully loaded data into silver_arr_info
[2025-09-11T05:53:35.094+0000] {python.py:201} INFO - Done. Returned value was: None
[2025-09-11T05:53:35.101+0000] {taskinstance.py:1138} INFO - Marking task as SUCCESS. dag_id=aviationstack_kafka_dag, task_id=run_silver_load, execution_date=20250911T055327, start_date=20250911T055331, end_date=20250911T055335
[2025-09-11T05:53:35.120+0000] {local_task_job_runner.py:234} INFO - Task exited with return code 0
[2025-09-11T05:53:35.132+0000] {taskinstance.py:3280} INFO - 1 downstream tasks scheduled from follow-on schedule check
