[2025-09-12T02:54:43.635+0000] {taskinstance.py:1956} INFO - Dependencies all met for dep_context=non-requeueable deps ti=<TaskInstance: aviationstack_kafka_dag.run_silver_load manual__2025-09-12T02:54:39.531991+00:00 [queued]>
[2025-09-12T02:54:43.637+0000] {taskinstance.py:1956} INFO - Dependencies all met for dep_context=requeueable deps ti=<TaskInstance: aviationstack_kafka_dag.run_silver_load manual__2025-09-12T02:54:39.531991+00:00 [queued]>
[2025-09-12T02:54:43.638+0000] {taskinstance.py:2170} INFO - Starting attempt 1 of 1
[2025-09-12T02:54:43.641+0000] {taskinstance.py:2191} INFO - Executing <Task(PythonOperator): run_silver_load> on 2025-09-12 02:54:39.531991+00:00
[2025-09-12T02:54:43.643+0000] {standard_task_runner.py:60} INFO - Started process 984 to run task
[2025-09-12T02:54:43.645+0000] {standard_task_runner.py:87} INFO - Running: ['airflow', 'tasks', 'run', 'aviationstack_kafka_dag', 'run_silver_load', 'manual__2025-09-12T02:54:39.531991+00:00', '--job-id', '16', '--raw', '--subdir', 'DAGS_FOLDER/aviationstack_dag.py', '--cfg-path', '/tmp/tmpg7j_ptxf']
[2025-09-12T02:54:43.646+0000] {standard_task_runner.py:88} INFO - Job 16: Subtask run_silver_load
[2025-09-12T02:54:43.664+0000] {task_command.py:423} INFO - Running <TaskInstance: aviationstack_kafka_dag.run_silver_load manual__2025-09-12T02:54:39.531991+00:00 [running]> on host eef19a59dfec
[2025-09-12T02:54:43.690+0000] {taskinstance.py:2480} INFO - Exporting env vars: AIRFLOW_CTX_DAG_OWNER='airflow' AIRFLOW_CTX_DAG_ID='aviationstack_kafka_dag' AIRFLOW_CTX_TASK_ID='run_silver_load' AIRFLOW_CTX_EXECUTION_DATE='2025-09-12T02:54:39.531991+00:00' AIRFLOW_CTX_TRY_NUMBER='1' AIRFLOW_CTX_DAG_RUN_ID='manual__2025-09-12T02:54:39.531991+00:00'
[2025-09-12T02:54:43.691+0000] {logging_mixin.py:188} INFO - [INFO] Start to load data into silver tables.
[2025-09-12T02:54:45.980+0000] {logging_mixin.py:188} INFO - [DEBUG] Latest processing time: 2025-09-12 02:51:01.917934
[2025-09-12T02:54:46.382+0000] {logging_mixin.py:188} INFO - [INFO] Loading data into silver_flight_info
[2025-09-12T02:54:46.383+0000] {logging_mixin.py:188} INFO - Starting cleaning and transformation process. avstack.bronze_info -> avstack.silver_flight_info
[2025-09-12T02:54:46.919+0000] {logging_mixin.py:188} INFO - Completed cleaning and tranformation process. avstack.bronze_info -> avstack.silver_flight_info
[2025-09-12T02:54:46.993+0000] {logging_mixin.py:188} INFO - Original record count: 95
[2025-09-12T02:54:47.064+0000] {logging_mixin.py:188} INFO - Cleaned record count: 94
[2025-09-12T02:54:47.065+0000] {logging_mixin.py:188} INFO - [INFO] Successfully loaded data into silver_flight_info
[2025-09-12T02:54:47.066+0000] {logging_mixin.py:188} INFO - [INFO] Loading data into silver_dept_info
[2025-09-12T02:54:47.066+0000] {logging_mixin.py:188} INFO - Starting cleaning and transformation process. avstack.bronze_info -> avstack.silver_dept_info
[2025-09-12T02:54:47.264+0000] {logging_mixin.py:188} INFO - Completed cleaning and tranformation process. avstack.bronze_info -> avstack.silver_dept_info
[2025-09-12T02:54:47.303+0000] {logging_mixin.py:188} INFO - Original record count: 95
[2025-09-12T02:54:47.362+0000] {logging_mixin.py:188} INFO - Cleaned record count: 94
[2025-09-12T02:54:47.362+0000] {logging_mixin.py:188} INFO - [INFO] Successfully loaded data into silver_dept_info
[2025-09-12T02:54:47.363+0000] {logging_mixin.py:188} INFO - [INFO] Loading data into silver_arr_info
[2025-09-12T02:54:47.363+0000] {logging_mixin.py:188} INFO - Starting cleaning and transformation process. avstack.bronze_info -> avstack.silver_arr_info
[2025-09-12T02:54:47.531+0000] {logging_mixin.py:188} INFO - Completed cleaning and tranformation process. avstack.bronze_info -> avstack.silver_arr_info
[2025-09-12T02:54:47.562+0000] {logging_mixin.py:188} INFO - Original record count: 95
[2025-09-12T02:54:47.602+0000] {logging_mixin.py:188} INFO - Cleaned record count: 94
[2025-09-12T02:54:47.602+0000] {logging_mixin.py:188} INFO - [INFO] Successfully loaded data into silver_arr_info
[2025-09-12T02:54:47.602+0000] {python.py:201} INFO - Done. Returned value was: None
[2025-09-12T02:54:47.609+0000] {taskinstance.py:1138} INFO - Marking task as SUCCESS. dag_id=aviationstack_kafka_dag, task_id=run_silver_load, execution_date=20250912T025439, start_date=20250912T025443, end_date=20250912T025447
[2025-09-12T02:54:47.644+0000] {local_task_job_runner.py:234} INFO - Task exited with return code 0
[2025-09-12T02:54:47.655+0000] {taskinstance.py:3280} INFO - 1 downstream tasks scheduled from follow-on schedule check
