[2025-09-16T18:55:44.475+0000] {taskinstance.py:1956} INFO - Dependencies all met for dep_context=non-requeueable deps ti=<TaskInstance: opensky_data_pipeline_dag.run_bronze_load scheduled__2025-09-16T18:50:00+00:00 [queued]>
[2025-09-16T18:55:44.478+0000] {taskinstance.py:1956} INFO - Dependencies all met for dep_context=requeueable deps ti=<TaskInstance: opensky_data_pipeline_dag.run_bronze_load scheduled__2025-09-16T18:50:00+00:00 [queued]>
[2025-09-16T18:55:44.478+0000] {taskinstance.py:2170} INFO - Starting attempt 1 of 1
[2025-09-16T18:55:44.481+0000] {taskinstance.py:2191} INFO - Executing <Task(PythonOperator): run_bronze_load> on 2025-09-16 18:50:00+00:00
[2025-09-16T18:55:44.484+0000] {standard_task_runner.py:60} INFO - Started process 10404 to run task
[2025-09-16T18:55:44.485+0000] {standard_task_runner.py:87} INFO - Running: ['airflow', 'tasks', 'run', 'opensky_data_pipeline_dag', 'run_bronze_load', 'scheduled__2025-09-16T18:50:00+00:00', '--job-id', '156', '--raw', '--subdir', 'DAGS_FOLDER/opensky_data_pipeline_dag.py', '--cfg-path', '/tmp/tmpygj6kab2']
[2025-09-16T18:55:44.486+0000] {standard_task_runner.py:88} INFO - Job 156: Subtask run_bronze_load
[2025-09-16T18:55:44.505+0000] {task_command.py:423} INFO - Running <TaskInstance: opensky_data_pipeline_dag.run_bronze_load scheduled__2025-09-16T18:50:00+00:00 [running]> on host 64220da1adfe
[2025-09-16T18:55:44.603+0000] {taskinstance.py:2480} INFO - Exporting env vars: AIRFLOW_CTX_DAG_OWNER='airflow' AIRFLOW_CTX_DAG_ID='opensky_data_pipeline_dag' AIRFLOW_CTX_TASK_ID='run_bronze_load' AIRFLOW_CTX_EXECUTION_DATE='2025-09-16T18:50:00+00:00' AIRFLOW_CTX_TRY_NUMBER='1' AIRFLOW_CTX_DAG_RUN_ID='scheduled__2025-09-16T18:50:00+00:00'
[2025-09-16T18:55:44.619+0000] {bronze_load.py:30} INFO - Loaded 22078 rows from Parquet: /opt/airflow/scripts/opensky/../../data/kafka_parquet/opensky_batch_20250916_185543.parquet
[2025-09-16T18:55:44.620+0000] {bronze_load.py:31} INFO - Beginning to extract and load data into bronze_info table.
[2025-09-16T18:55:44.626+0000] {base.py:83} INFO - Using connection ID 'postgres_default' for task execution.
[2025-09-16T18:55:44.632+0000] {taskinstance.py:2698} ERROR - Task failed with exception
Traceback (most recent call last):
  File "/home/airflow/.local/lib/python3.11/site-packages/airflow/models/taskinstance.py", line 433, in _execute_task
    result = execute_callable(context=context, **execute_callable_kwargs)
             ^^^^^^^^^^^^^^^^^^^^^^^^^^^^^^^^^^^^^^^^^^^^^^^^^^^^^^^^^^^^
  File "/home/airflow/.local/lib/python3.11/site-packages/airflow/operators/python.py", line 199, in execute
    return_value = self.execute_callable()
                   ^^^^^^^^^^^^^^^^^^^^^^^
  File "/home/airflow/.local/lib/python3.11/site-packages/airflow/operators/python.py", line 216, in execute_callable
    return self.python_callable(*self.op_args, **self.op_kwargs)
           ^^^^^^^^^^^^^^^^^^^^^^^^^^^^^^^^^^^^^^^^^^^^^^^^^^^^^
  File "/opt/airflow/etl/bronze/opensky/bronze_load.py", line 43, in insert_into_bronze_ddl
    clean_row = sanitize_row(full_row)
                ^^^^^^^^^^^^^^^^^^^^^^
  File "/opt/airflow/etl/bronze/opensky/bronze_load.py", line 15, in sanitize_row
    return [None if (isinstance(x, float) and (math.isnan(x) or math.isinf(x))) else x for x in row]
           ^^^^^^^^^^^^^^^^^^^^^^^^^^^^^^^^^^^^^^^^^^^^^^^^^^^^^^^^^^^^^^^^^^^^^^^^^^^^^^^^^^^^^^^^^
  File "/opt/airflow/etl/bronze/opensky/bronze_load.py", line 15, in <listcomp>
    return [None if (isinstance(x, float) and (math.isnan(x) or math.isinf(x))) else x for x in row]
                                               ^^^^
NameError: name 'math' is not defined
[2025-09-16T18:55:44.636+0000] {taskinstance.py:1138} INFO - Marking task as FAILED. dag_id=opensky_data_pipeline_dag, task_id=run_bronze_load, execution_date=20250916T185000, start_date=20250916T185544, end_date=20250916T185544
[2025-09-16T18:55:44.639+0000] {standard_task_runner.py:107} ERROR - Failed to execute job 156 for task run_bronze_load (name 'math' is not defined; 10404)
[2025-09-16T18:55:44.669+0000] {local_task_job_runner.py:234} INFO - Task exited with return code 1
[2025-09-16T18:55:44.679+0000] {taskinstance.py:3280} INFO - 0 downstream tasks scheduled from follow-on schedule check
[2025-09-17T03:29:26.667+0000] {taskinstance.py:1956} INFO - Dependencies all met for dep_context=non-requeueable deps ti=<TaskInstance: opensky_data_pipeline_dag.run_bronze_load scheduled__2025-09-16T18:50:00+00:00 [queued]>
[2025-09-17T03:29:26.669+0000] {taskinstance.py:1956} INFO - Dependencies all met for dep_context=requeueable deps ti=<TaskInstance: opensky_data_pipeline_dag.run_bronze_load scheduled__2025-09-16T18:50:00+00:00 [queued]>
[2025-09-17T03:29:26.669+0000] {taskinstance.py:2170} INFO - Starting attempt 1 of 1
[2025-09-17T03:29:26.673+0000] {taskinstance.py:2191} INFO - Executing <Task(PythonOperator): run_bronze_load> on 2025-09-16 18:50:00+00:00
[2025-09-17T03:29:26.675+0000] {standard_task_runner.py:60} INFO - Started process 992 to run task
[2025-09-17T03:29:26.676+0000] {standard_task_runner.py:87} INFO - Running: ['airflow', 'tasks', 'run', 'opensky_data_pipeline_dag', 'run_bronze_load', 'scheduled__2025-09-16T18:50:00+00:00', '--job-id', '19', '--raw', '--subdir', 'DAGS_FOLDER/opensky_data_pipeline_dag.py', '--cfg-path', '/tmp/tmp5s1en7cs']
[2025-09-17T03:29:26.677+0000] {standard_task_runner.py:88} INFO - Job 19: Subtask run_bronze_load
[2025-09-17T03:29:26.693+0000] {task_command.py:423} INFO - Running <TaskInstance: opensky_data_pipeline_dag.run_bronze_load scheduled__2025-09-16T18:50:00+00:00 [running]> on host 769d9d26935d
[2025-09-17T03:29:26.787+0000] {taskinstance.py:2480} INFO - Exporting env vars: AIRFLOW_CTX_DAG_OWNER='airflow' AIRFLOW_CTX_DAG_ID='opensky_data_pipeline_dag' AIRFLOW_CTX_TASK_ID='run_bronze_load' AIRFLOW_CTX_EXECUTION_DATE='2025-09-16T18:50:00+00:00' AIRFLOW_CTX_TRY_NUMBER='1' AIRFLOW_CTX_DAG_RUN_ID='scheduled__2025-09-16T18:50:00+00:00'
[2025-09-17T03:29:26.788+0000] {bronze_load.py:40} INFO - Starting bronze load process...
[2025-09-17T03:29:26.824+0000] {taskinstance.py:2698} ERROR - Task failed with exception
Traceback (most recent call last):
  File "/home/airflow/.local/lib/python3.11/site-packages/airflow/models/taskinstance.py", line 433, in _execute_task
    result = execute_callable(context=context, **execute_callable_kwargs)
             ^^^^^^^^^^^^^^^^^^^^^^^^^^^^^^^^^^^^^^^^^^^^^^^^^^^^^^^^^^^^
  File "/home/airflow/.local/lib/python3.11/site-packages/airflow/operators/python.py", line 199, in execute
    return_value = self.execute_callable()
                   ^^^^^^^^^^^^^^^^^^^^^^^
  File "/home/airflow/.local/lib/python3.11/site-packages/airflow/operators/python.py", line 216, in execute_callable
    return self.python_callable(*self.op_args, **self.op_kwargs)
           ^^^^^^^^^^^^^^^^^^^^^^^^^^^^^^^^^^^^^^^^^^^^^^^^^^^^^
  File "/opt/airflow/etl/bronze/opensky/bronze_load.py", line 46, in insert_into_bronze_ddl
    df = pd.read_parquet(filepath)
         ^^^^^^^^^^^^^^^^^^^^^^^^^
  File "/home/airflow/.local/lib/python3.11/site-packages/pandas/io/parquet.py", line 670, in read_parquet
    return impl.read(
           ^^^^^^^^^^
  File "/home/airflow/.local/lib/python3.11/site-packages/pandas/io/parquet.py", line 272, in read
    pa_table = self.api.parquet.read_table(
               ^^^^^^^^^^^^^^^^^^^^^^^^^^^^
  File "/home/airflow/.local/lib/python3.11/site-packages/pyarrow/parquet/core.py", line 2956, in read_table
    dataset = _ParquetDatasetV2(
              ^^^^^^^^^^^^^^^^^^
  File "/home/airflow/.local/lib/python3.11/site-packages/pyarrow/parquet/core.py", line 2507, in __init__
    self._dataset = ds.dataset(path_or_paths, filesystem=filesystem,
                    ^^^^^^^^^^^^^^^^^^^^^^^^^^^^^^^^^^^^^^^^^^^^^^^^
  File "/home/airflow/.local/lib/python3.11/site-packages/pyarrow/dataset.py", line 802, in dataset
    raise TypeError(
TypeError: Expected a path-like, list of path-likes or a list of Datasets instead of the given type: NoneType
[2025-09-17T03:29:26.828+0000] {taskinstance.py:1138} INFO - Marking task as FAILED. dag_id=opensky_data_pipeline_dag, task_id=run_bronze_load, execution_date=20250916T185000, start_date=20250917T032926, end_date=20250917T032926
[2025-09-17T03:29:26.831+0000] {standard_task_runner.py:107} ERROR - Failed to execute job 19 for task run_bronze_load (Expected a path-like, list of path-likes or a list of Datasets instead of the given type: NoneType; 992)
[2025-09-17T03:29:26.856+0000] {local_task_job_runner.py:234} INFO - Task exited with return code 1
[2025-09-17T03:29:26.865+0000] {taskinstance.py:3280} INFO - 0 downstream tasks scheduled from follow-on schedule check
