[2025-09-11T03:32:31.052+0000] {taskinstance.py:1956} INFO - Dependencies all met for dep_context=non-requeueable deps ti=<TaskInstance: aviationstack_kafka_dag.run_silver_load manual__2025-09-11T03:32:28.772574+00:00 [queued]>
[2025-09-11T03:32:31.055+0000] {taskinstance.py:1956} INFO - Dependencies all met for dep_context=requeueable deps ti=<TaskInstance: aviationstack_kafka_dag.run_silver_load manual__2025-09-11T03:32:28.772574+00:00 [queued]>
[2025-09-11T03:32:31.055+0000] {taskinstance.py:2170} INFO - Starting attempt 1 of 1
[2025-09-11T03:32:31.059+0000] {taskinstance.py:2191} INFO - Executing <Task(PythonOperator): run_silver_load> on 2025-09-11 03:32:28.772574+00:00
[2025-09-11T03:32:31.061+0000] {standard_task_runner.py:60} INFO - Started process 337 to run task
[2025-09-11T03:32:31.062+0000] {standard_task_runner.py:87} INFO - Running: ['airflow', 'tasks', 'run', 'aviationstack_kafka_dag', 'run_silver_load', 'manual__2025-09-11T03:32:28.772574+00:00', '--job-id', '10', '--raw', '--subdir', 'DAGS_FOLDER/aviationstack_dag.py', '--cfg-path', '/tmp/tmp2h3z01oj']
[2025-09-11T03:32:31.064+0000] {standard_task_runner.py:88} INFO - Job 10: Subtask run_silver_load
[2025-09-11T03:32:31.073+0000] {logging_mixin.py:188} WARNING - /home/airflow/.local/lib/python3.11/site-packages/airflow/settings.py:194 DeprecationWarning: The sql_alchemy_conn option in [core] has been moved to the sql_alchemy_conn option in [database] - the old setting has been used, but please update your config.
[2025-09-11T03:32:31.086+0000] {task_command.py:423} INFO - Running <TaskInstance: aviationstack_kafka_dag.run_silver_load manual__2025-09-11T03:32:28.772574+00:00 [running]> on host 81f5a06342ec
[2025-09-11T03:32:31.112+0000] {taskinstance.py:2480} INFO - Exporting env vars: AIRFLOW_CTX_DAG_OWNER='airflow' AIRFLOW_CTX_DAG_ID='aviationstack_kafka_dag' AIRFLOW_CTX_TASK_ID='run_silver_load' AIRFLOW_CTX_EXECUTION_DATE='2025-09-11T03:32:28.772574+00:00' AIRFLOW_CTX_TRY_NUMBER='1' AIRFLOW_CTX_DAG_RUN_ID='manual__2025-09-11T03:32:28.772574+00:00'
[2025-09-11T03:32:31.113+0000] {logging_mixin.py:188} INFO - [INFO] Start to load data into silver tables.
[2025-09-11T03:32:33.336+0000] {logging_mixin.py:188} INFO - [DEBUG] Latest processing time: 1970-01-01 00:00:00
[2025-09-11T03:32:33.754+0000] {logging_mixin.py:188} INFO - [INFO] Loading data into silver_flight_info
[2025-09-11T03:32:33.754+0000] {logging_mixin.py:188} INFO - Starting cleaning and transformation process. avstack.bronze_info -> avstack.silver_flight_info
[2025-09-11T03:32:34.319+0000] {logging_mixin.py:188} INFO - Completed cleaning and tranformation process. avstack.bronze_info -> avstack.silver_flight_info
[2025-09-11T03:32:34.381+0000] {logging_mixin.py:188} INFO - Original record count: 96
[2025-09-11T03:32:34.444+0000] {logging_mixin.py:188} INFO - Cleaned record count: 78
[2025-09-11T03:32:34.444+0000] {logging_mixin.py:188} INFO - [INFO] Successfully loaded data into silver_flight_info
[2025-09-11T03:32:34.444+0000] {logging_mixin.py:188} INFO - [INFO] Loading data into silver_dept_info
[2025-09-11T03:32:34.444+0000] {logging_mixin.py:188} INFO - Starting cleaning and transformation process. avstack.bronze_info -> avstack.silver_dept_info
[2025-09-11T03:32:34.650+0000] {logging_mixin.py:188} INFO - Completed cleaning and tranformation process. avstack.bronze_info -> avstack.silver_dept_info
[2025-09-11T03:32:34.687+0000] {logging_mixin.py:188} INFO - Original record count: 96
[2025-09-11T03:32:34.746+0000] {logging_mixin.py:188} INFO - Cleaned record count: 79
[2025-09-11T03:32:34.746+0000] {logging_mixin.py:188} INFO - [INFO] Successfully loaded data into silver_dept_info
[2025-09-11T03:32:34.747+0000] {logging_mixin.py:188} INFO - [INFO] Loading data into silver_arr_info
[2025-09-11T03:32:34.747+0000] {logging_mixin.py:188} INFO - Starting cleaning and transformation process. avstack.bronze_info -> avstack.silver_arr_info
[2025-09-11T03:32:34.896+0000] {logging_mixin.py:188} INFO - Completed cleaning and tranformation process. avstack.bronze_info -> avstack.silver_arr_info
[2025-09-11T03:32:34.928+0000] {logging_mixin.py:188} INFO - Original record count: 96
[2025-09-11T03:32:34.967+0000] {logging_mixin.py:188} INFO - Cleaned record count: 79
[2025-09-11T03:32:34.967+0000] {logging_mixin.py:188} INFO - [INFO] Successfully loaded data into silver_arr_info
[2025-09-11T03:32:34.968+0000] {python.py:201} INFO - Done. Returned value was: None
[2025-09-11T03:32:34.973+0000] {taskinstance.py:1138} INFO - Marking task as SUCCESS. dag_id=aviationstack_kafka_dag, task_id=run_silver_load, execution_date=20250911T033228, start_date=20250911T033231, end_date=20250911T033234
[2025-09-11T03:32:35.015+0000] {local_task_job_runner.py:234} INFO - Task exited with return code 0
[2025-09-11T03:32:35.023+0000] {taskinstance.py:3280} INFO - 1 downstream tasks scheduled from follow-on schedule check
