[2025-09-11T08:00:08.235+0000] {taskinstance.py:1956} INFO - Dependencies all met for dep_context=non-requeueable deps ti=<TaskInstance: aviationstack_kafka_dag.run_silver_load scheduled__2025-09-11T04:00:00+00:00 [queued]>
[2025-09-11T08:00:08.237+0000] {taskinstance.py:1956} INFO - Dependencies all met for dep_context=requeueable deps ti=<TaskInstance: aviationstack_kafka_dag.run_silver_load scheduled__2025-09-11T04:00:00+00:00 [queued]>
[2025-09-11T08:00:08.238+0000] {taskinstance.py:2170} INFO - Starting attempt 1 of 1
[2025-09-11T08:00:08.241+0000] {taskinstance.py:2191} INFO - Executing <Task(PythonOperator): run_silver_load> on 2025-09-11 04:00:00+00:00
[2025-09-11T08:00:08.243+0000] {standard_task_runner.py:60} INFO - Started process 2826 to run task
[2025-09-11T08:00:08.245+0000] {standard_task_runner.py:87} INFO - Running: ['airflow', 'tasks', 'run', 'aviationstack_kafka_dag', 'run_silver_load', 'scheduled__2025-09-11T04:00:00+00:00', '--job-id', '17', '--raw', '--subdir', 'DAGS_FOLDER/aviationstack_dag.py', '--cfg-path', '/tmp/tmpl9c1z75y']
[2025-09-11T08:00:08.246+0000] {standard_task_runner.py:88} INFO - Job 17: Subtask run_silver_load
[2025-09-11T08:00:08.264+0000] {task_command.py:423} INFO - Running <TaskInstance: aviationstack_kafka_dag.run_silver_load scheduled__2025-09-11T04:00:00+00:00 [running]> on host d46a8dc9e93f
[2025-09-11T08:00:08.288+0000] {taskinstance.py:2480} INFO - Exporting env vars: AIRFLOW_CTX_DAG_OWNER='airflow' AIRFLOW_CTX_DAG_ID='aviationstack_kafka_dag' AIRFLOW_CTX_TASK_ID='run_silver_load' AIRFLOW_CTX_EXECUTION_DATE='2025-09-11T04:00:00+00:00' AIRFLOW_CTX_TRY_NUMBER='1' AIRFLOW_CTX_DAG_RUN_ID='scheduled__2025-09-11T04:00:00+00:00'
[2025-09-11T08:00:08.288+0000] {logging_mixin.py:188} INFO - [INFO] Start to load data into silver tables.
[2025-09-11T08:00:10.542+0000] {logging_mixin.py:188} INFO - [DEBUG] Latest processing time: 2025-09-11 06:15:54.175778
[2025-09-11T08:00:10.930+0000] {logging_mixin.py:188} INFO - [INFO] Loading data into silver_flight_info
[2025-09-11T08:00:10.930+0000] {logging_mixin.py:188} INFO - Starting cleaning and transformation process. avstack.bronze_info -> avstack.silver_flight_info
[2025-09-11T08:00:11.430+0000] {logging_mixin.py:188} INFO - Completed cleaning and tranformation process. avstack.bronze_info -> avstack.silver_flight_info
[2025-09-11T08:00:11.497+0000] {logging_mixin.py:188} INFO - Original record count: 95
[2025-09-11T08:00:11.554+0000] {logging_mixin.py:188} INFO - Cleaned record count: 94
[2025-09-11T08:00:11.556+0000] {logging_mixin.py:188} INFO - [INFO] Successfully loaded data into silver_flight_info
[2025-09-11T08:00:11.556+0000] {logging_mixin.py:188} INFO - [INFO] Loading data into silver_dept_info
[2025-09-11T08:00:11.556+0000] {logging_mixin.py:188} INFO - Starting cleaning and transformation process. avstack.bronze_info -> avstack.silver_dept_info
[2025-09-11T08:00:11.744+0000] {logging_mixin.py:188} INFO - Completed cleaning and tranformation process. avstack.bronze_info -> avstack.silver_dept_info
[2025-09-11T08:00:11.785+0000] {logging_mixin.py:188} INFO - Original record count: 95
[2025-09-11T08:00:11.843+0000] {logging_mixin.py:188} INFO - Cleaned record count: 94
[2025-09-11T08:00:11.844+0000] {logging_mixin.py:188} INFO - [INFO] Successfully loaded data into silver_dept_info
[2025-09-11T08:00:11.844+0000] {logging_mixin.py:188} INFO - [INFO] Loading data into silver_arr_info
[2025-09-11T08:00:11.844+0000] {logging_mixin.py:188} INFO - Starting cleaning and transformation process. avstack.bronze_info -> avstack.silver_arr_info
[2025-09-11T08:00:12.001+0000] {logging_mixin.py:188} INFO - Completed cleaning and tranformation process. avstack.bronze_info -> avstack.silver_arr_info
[2025-09-11T08:00:12.035+0000] {logging_mixin.py:188} INFO - Original record count: 95
[2025-09-11T08:00:12.078+0000] {logging_mixin.py:188} INFO - Cleaned record count: 94
[2025-09-11T08:00:12.079+0000] {logging_mixin.py:188} INFO - [INFO] Successfully loaded data into silver_arr_info
[2025-09-11T08:00:12.079+0000] {python.py:201} INFO - Done. Returned value was: None
[2025-09-11T08:00:12.084+0000] {taskinstance.py:1138} INFO - Marking task as SUCCESS. dag_id=aviationstack_kafka_dag, task_id=run_silver_load, execution_date=20250911T040000, start_date=20250911T080008, end_date=20250911T080012
[2025-09-11T08:00:12.093+0000] {local_task_job_runner.py:234} INFO - Task exited with return code 0
[2025-09-11T08:00:12.104+0000] {taskinstance.py:3280} INFO - 1 downstream tasks scheduled from follow-on schedule check
