[2025-09-11T02:32:04.138+0000] {taskinstance.py:1956} INFO - Dependencies all met for dep_context=non-requeueable deps ti=<TaskInstance: aviationstack_kafka_dag.run_silver_load manual__2025-09-11T02:32:01.343806+00:00 [queued]>
[2025-09-11T02:32:04.141+0000] {taskinstance.py:1956} INFO - Dependencies all met for dep_context=requeueable deps ti=<TaskInstance: aviationstack_kafka_dag.run_silver_load manual__2025-09-11T02:32:01.343806+00:00 [queued]>
[2025-09-11T02:32:04.141+0000] {taskinstance.py:2170} INFO - Starting attempt 1 of 1
[2025-09-11T02:32:04.144+0000] {taskinstance.py:2191} INFO - Executing <Task(PythonOperator): run_silver_load> on 2025-09-11 02:32:01.343806+00:00
[2025-09-11T02:32:04.146+0000] {standard_task_runner.py:60} INFO - Started process 2381 to run task
[2025-09-11T02:32:04.147+0000] {standard_task_runner.py:87} INFO - Running: ['airflow', 'tasks', 'run', 'aviationstack_kafka_dag', 'run_silver_load', 'manual__2025-09-11T02:32:01.343806+00:00', '--job-id', '104', '--raw', '--subdir', 'DAGS_FOLDER/aviationstack_dag.py', '--cfg-path', '/tmp/tmp58gmetwd']
[2025-09-11T02:32:04.148+0000] {standard_task_runner.py:88} INFO - Job 104: Subtask run_silver_load
[2025-09-11T02:32:04.154+0000] {logging_mixin.py:188} WARNING - /home/airflow/.local/lib/python3.11/site-packages/airflow/settings.py:194 DeprecationWarning: The sql_alchemy_conn option in [core] has been moved to the sql_alchemy_conn option in [database] - the old setting has been used, but please update your config.
[2025-09-11T02:32:04.167+0000] {task_command.py:423} INFO - Running <TaskInstance: aviationstack_kafka_dag.run_silver_load manual__2025-09-11T02:32:01.343806+00:00 [running]> on host 08b0080c1409
[2025-09-11T02:32:04.192+0000] {taskinstance.py:2480} INFO - Exporting env vars: AIRFLOW_CTX_DAG_OWNER='airflow' AIRFLOW_CTX_DAG_ID='aviationstack_kafka_dag' AIRFLOW_CTX_TASK_ID='run_silver_load' AIRFLOW_CTX_EXECUTION_DATE='2025-09-11T02:32:01.343806+00:00' AIRFLOW_CTX_TRY_NUMBER='1' AIRFLOW_CTX_DAG_RUN_ID='manual__2025-09-11T02:32:01.343806+00:00'
[2025-09-11T02:32:04.192+0000] {logging_mixin.py:188} INFO - [INFO] Start to load data into silver tables.
[2025-09-11T02:32:06.527+0000] {logging_mixin.py:188} INFO - [DEBUG] Latest processing time: 2025-09-11 02:28:36.870362
[2025-09-11T02:32:06.926+0000] {logging_mixin.py:188} INFO - [INFO] Loading data into silver_flight_info
[2025-09-11T02:32:06.926+0000] {logging_mixin.py:188} INFO - Starting cleaning and transformation process. avstack.bronze_info -> avstack.silver_flight_info
[2025-09-11T02:32:07.467+0000] {logging_mixin.py:188} INFO - Completed cleaning and tranformation process. avstack.bronze_info -> avstack.silver_flight_info
[2025-09-11T02:32:07.548+0000] {logging_mixin.py:188} INFO - Original record count: 95
[2025-09-11T02:32:07.619+0000] {logging_mixin.py:188} INFO - Cleaned record count: 94
[2025-09-11T02:32:07.621+0000] {logging_mixin.py:188} INFO - [INFO] Successfully loaded data into silver_flight_info
[2025-09-11T02:32:07.621+0000] {logging_mixin.py:188} INFO - [INFO] Loading data into silver_dept_info
[2025-09-11T02:32:07.621+0000] {logging_mixin.py:188} INFO - Starting cleaning and transformation process. avstack.bronze_info -> avstack.silver_dept_info
[2025-09-11T02:32:07.813+0000] {logging_mixin.py:188} INFO - Completed cleaning and tranformation process. avstack.bronze_info -> avstack.silver_dept_info
[2025-09-11T02:32:07.851+0000] {logging_mixin.py:188} INFO - Original record count: 95
[2025-09-11T02:32:07.914+0000] {logging_mixin.py:188} INFO - Cleaned record count: 94
[2025-09-11T02:32:07.914+0000] {logging_mixin.py:188} INFO - [INFO] Successfully loaded data into silver_dept_info
[2025-09-11T02:32:07.914+0000] {logging_mixin.py:188} INFO - [INFO] Loading data into silver_arr_info
[2025-09-11T02:32:07.915+0000] {logging_mixin.py:188} INFO - Starting cleaning and transformation process. avstack.bronze_info -> avstack.silver_arr_info
[2025-09-11T02:32:08.071+0000] {logging_mixin.py:188} INFO - Completed cleaning and tranformation process. avstack.bronze_info -> avstack.silver_arr_info
[2025-09-11T02:32:08.104+0000] {logging_mixin.py:188} INFO - Original record count: 95
[2025-09-11T02:32:08.151+0000] {logging_mixin.py:188} INFO - Cleaned record count: 94
[2025-09-11T02:32:08.155+0000] {logging_mixin.py:188} INFO - [INFO] Successfully loaded data into silver_arr_info
[2025-09-11T02:32:08.155+0000] {python.py:201} INFO - Done. Returned value was: None
[2025-09-11T02:32:08.161+0000] {taskinstance.py:1138} INFO - Marking task as SUCCESS. dag_id=aviationstack_kafka_dag, task_id=run_silver_load, execution_date=20250911T023201, start_date=20250911T023204, end_date=20250911T023208
[2025-09-11T02:32:08.199+0000] {local_task_job_runner.py:234} INFO - Task exited with return code 0
[2025-09-11T02:32:08.209+0000] {taskinstance.py:3280} INFO - 1 downstream tasks scheduled from follow-on schedule check
