[2025-09-15T01:04:35.969+0000] {taskinstance.py:1956} INFO - Dependencies all met for dep_context=non-requeueable deps ti=<TaskInstance: aviationstack_kafka_dag.run_silver_load manual__2025-09-15T01:04:21.344236+00:00 [queued]>
[2025-09-15T01:04:35.972+0000] {taskinstance.py:1956} INFO - Dependencies all met for dep_context=requeueable deps ti=<TaskInstance: aviationstack_kafka_dag.run_silver_load manual__2025-09-15T01:04:21.344236+00:00 [queued]>
[2025-09-15T01:04:35.972+0000] {taskinstance.py:2170} INFO - Starting attempt 1 of 1
[2025-09-15T01:04:35.975+0000] {taskinstance.py:2191} INFO - Executing <Task(PythonOperator): run_silver_load> on 2025-09-15 01:04:21.344236+00:00
[2025-09-15T01:04:35.977+0000] {standard_task_runner.py:60} INFO - Started process 375 to run task
[2025-09-15T01:04:35.979+0000] {standard_task_runner.py:87} INFO - Running: ['airflow', 'tasks', 'run', 'aviationstack_kafka_dag', 'run_silver_load', 'manual__2025-09-15T01:04:21.344236+00:00', '--job-id', '7', '--raw', '--subdir', 'DAGS_FOLDER/aviationstack_dag.py', '--cfg-path', '/tmp/tmpm5_74xkz']
[2025-09-15T01:04:35.980+0000] {standard_task_runner.py:88} INFO - Job 7: Subtask run_silver_load
[2025-09-15T01:04:35.997+0000] {task_command.py:423} INFO - Running <TaskInstance: aviationstack_kafka_dag.run_silver_load manual__2025-09-15T01:04:21.344236+00:00 [running]> on host 75bf334051c3
[2025-09-15T01:04:36.020+0000] {taskinstance.py:2480} INFO - Exporting env vars: AIRFLOW_CTX_DAG_OWNER='airflow' AIRFLOW_CTX_DAG_ID='aviationstack_kafka_dag' AIRFLOW_CTX_TASK_ID='run_silver_load' AIRFLOW_CTX_EXECUTION_DATE='2025-09-15T01:04:21.344236+00:00' AIRFLOW_CTX_TRY_NUMBER='1' AIRFLOW_CTX_DAG_RUN_ID='manual__2025-09-15T01:04:21.344236+00:00'
[2025-09-15T01:04:36.020+0000] {logging_mixin.py:188} INFO - [INFO] Start to load data into silver tables.
[2025-09-15T01:04:38.312+0000] {logging_mixin.py:188} INFO - [DEBUG] Latest processing time: 1970-01-01 00:00:00
[2025-09-15T01:04:38.726+0000] {logging_mixin.py:188} INFO - [INFO] Loading data into silver_flight_info
[2025-09-15T01:04:38.726+0000] {logging_mixin.py:188} INFO - Starting cleaning and transformation process. avstack.bronze_info -> avstack.silver_flight_info
[2025-09-15T01:04:39.264+0000] {logging_mixin.py:188} INFO - Completed cleaning and tranformation process. avstack.bronze_info -> avstack.silver_flight_info
[2025-09-15T01:04:39.322+0000] {logging_mixin.py:188} INFO - Original record count: 98
[2025-09-15T01:04:39.388+0000] {logging_mixin.py:188} INFO - Cleaned record count: 94
[2025-09-15T01:04:39.388+0000] {logging_mixin.py:188} INFO - [INFO] Successfully loaded data into silver_flight_info
[2025-09-15T01:04:39.388+0000] {logging_mixin.py:188} INFO - [INFO] Loading data into silver_dept_info
[2025-09-15T01:04:39.389+0000] {logging_mixin.py:188} INFO - Starting cleaning and transformation process. avstack.bronze_info -> avstack.silver_dept_info
[2025-09-15T01:04:39.595+0000] {logging_mixin.py:188} INFO - Completed cleaning and tranformation process. avstack.bronze_info -> avstack.silver_dept_info
[2025-09-15T01:04:39.635+0000] {logging_mixin.py:188} INFO - Original record count: 98
[2025-09-15T01:04:39.696+0000] {logging_mixin.py:188} INFO - Cleaned record count: 95
[2025-09-15T01:04:39.696+0000] {logging_mixin.py:188} INFO - [INFO] Successfully loaded data into silver_dept_info
[2025-09-15T01:04:39.696+0000] {logging_mixin.py:188} INFO - [INFO] Loading data into silver_arr_info
[2025-09-15T01:04:39.696+0000] {logging_mixin.py:188} INFO - Starting cleaning and transformation process. avstack.bronze_info -> avstack.silver_arr_info
[2025-09-15T01:04:39.840+0000] {logging_mixin.py:188} INFO - Completed cleaning and tranformation process. avstack.bronze_info -> avstack.silver_arr_info
[2025-09-15T01:04:39.871+0000] {logging_mixin.py:188} INFO - Original record count: 98
[2025-09-15T01:04:39.913+0000] {logging_mixin.py:188} INFO - Cleaned record count: 95
[2025-09-15T01:04:39.913+0000] {logging_mixin.py:188} INFO - [INFO] Successfully loaded data into silver_arr_info
[2025-09-15T01:04:39.913+0000] {python.py:201} INFO - Done. Returned value was: None
[2025-09-15T01:04:39.919+0000] {taskinstance.py:1138} INFO - Marking task as SUCCESS. dag_id=aviationstack_kafka_dag, task_id=run_silver_load, execution_date=20250915T010421, start_date=20250915T010435, end_date=20250915T010439
[2025-09-15T01:04:39.954+0000] {local_task_job_runner.py:234} INFO - Task exited with return code 0
[2025-09-15T01:04:39.965+0000] {taskinstance.py:3280} INFO - 1 downstream tasks scheduled from follow-on schedule check
