[2025-09-11T04:00:00.483+0000] {taskinstance.py:1956} INFO - Dependencies all met for dep_context=non-requeueable deps ti=<TaskInstance: aviationstack_kafka_dag.run_kafka_consumer scheduled__2025-09-11T00:00:00+00:00 [queued]>
[2025-09-11T04:00:00.486+0000] {taskinstance.py:1956} INFO - Dependencies all met for dep_context=requeueable deps ti=<TaskInstance: aviationstack_kafka_dag.run_kafka_consumer scheduled__2025-09-11T00:00:00+00:00 [queued]>
[2025-09-11T04:00:00.486+0000] {taskinstance.py:2170} INFO - Starting attempt 1 of 1
[2025-09-11T04:00:00.490+0000] {taskinstance.py:2191} INFO - Executing <Task(PythonOperator): run_kafka_consumer> on 2025-09-11 00:00:00+00:00
[2025-09-11T04:00:00.492+0000] {standard_task_runner.py:60} INFO - Started process 1427 to run task
[2025-09-11T04:00:00.493+0000] {standard_task_runner.py:87} INFO - Running: ['airflow', 'tasks', 'run', 'aviationstack_kafka_dag', 'run_kafka_consumer', 'scheduled__2025-09-11T00:00:00+00:00', '--job-id', '16', '--raw', '--subdir', 'DAGS_FOLDER/aviationstack_dag.py', '--cfg-path', '/tmp/tmpy8ow3eh5']
[2025-09-11T04:00:00.494+0000] {standard_task_runner.py:88} INFO - Job 16: Subtask run_kafka_consumer
[2025-09-11T04:00:00.502+0000] {logging_mixin.py:188} WARNING - /home/airflow/.local/lib/python3.11/site-packages/airflow/settings.py:194 DeprecationWarning: The sql_alchemy_conn option in [core] has been moved to the sql_alchemy_conn option in [database] - the old setting has been used, but please update your config.
[2025-09-11T04:00:00.516+0000] {task_command.py:423} INFO - Running <TaskInstance: aviationstack_kafka_dag.run_kafka_consumer scheduled__2025-09-11T00:00:00+00:00 [running]> on host 81f5a06342ec
[2025-09-11T04:00:00.543+0000] {taskinstance.py:2480} INFO - Exporting env vars: AIRFLOW_CTX_DAG_OWNER='airflow' AIRFLOW_CTX_DAG_ID='aviationstack_kafka_dag' AIRFLOW_CTX_TASK_ID='run_kafka_consumer' AIRFLOW_CTX_EXECUTION_DATE='2025-09-11T00:00:00+00:00' AIRFLOW_CTX_TRY_NUMBER='1' AIRFLOW_CTX_DAG_RUN_ID='scheduled__2025-09-11T00:00:00+00:00'
[2025-09-11T04:00:00.544+0000] {kafka_consumer.py:90} INFO - [DEBUG] Using existing Kafka payload: data/kafka_logs/as_message_20250911_020013.json
[2025-09-11T04:00:00.544+0000] {python.py:201} INFO - Done. Returned value was: data/kafka_logs/as_message_20250911_020013.json
[2025-09-11T04:00:00.552+0000] {taskinstance.py:1138} INFO - Marking task as SUCCESS. dag_id=aviationstack_kafka_dag, task_id=run_kafka_consumer, execution_date=20250911T000000, start_date=20250911T040000, end_date=20250911T040000
[2025-09-11T04:00:00.591+0000] {local_task_job_runner.py:234} INFO - Task exited with return code 0
[2025-09-11T04:00:00.601+0000] {taskinstance.py:3280} INFO - 1 downstream tasks scheduled from follow-on schedule check
[2025-09-11T06:03:21.797+0000] {taskinstance.py:1956} INFO - Dependencies all met for dep_context=non-requeueable deps ti=<TaskInstance: aviationstack_kafka_dag.run_kafka_consumer scheduled__2025-09-11T00:00:00+00:00 [queued]>
[2025-09-11T06:03:21.799+0000] {taskinstance.py:1956} INFO - Dependencies all met for dep_context=requeueable deps ti=<TaskInstance: aviationstack_kafka_dag.run_kafka_consumer scheduled__2025-09-11T00:00:00+00:00 [queued]>
[2025-09-11T06:03:21.799+0000] {taskinstance.py:2170} INFO - Starting attempt 1 of 1
[2025-09-11T06:03:21.803+0000] {taskinstance.py:2191} INFO - Executing <Task(PythonOperator): run_kafka_consumer> on 2025-09-11 00:00:00+00:00
[2025-09-11T06:03:21.805+0000] {standard_task_runner.py:60} INFO - Started process 192 to run task
[2025-09-11T06:03:21.807+0000] {standard_task_runner.py:87} INFO - Running: ['airflow', 'tasks', 'run', 'aviationstack_kafka_dag', 'run_kafka_consumer', 'scheduled__2025-09-11T00:00:00+00:00', '--job-id', '2', '--raw', '--subdir', 'DAGS_FOLDER/aviationstack_dag.py', '--cfg-path', '/tmp/tmpvxg0sabk']
[2025-09-11T06:03:21.808+0000] {standard_task_runner.py:88} INFO - Job 2: Subtask run_kafka_consumer
[2025-09-11T06:03:21.828+0000] {task_command.py:423} INFO - Running <TaskInstance: aviationstack_kafka_dag.run_kafka_consumer scheduled__2025-09-11T00:00:00+00:00 [running]> on host 9f908c5c2335
[2025-09-11T06:03:21.859+0000] {taskinstance.py:2480} INFO - Exporting env vars: AIRFLOW_CTX_DAG_OWNER='airflow' AIRFLOW_CTX_DAG_ID='aviationstack_kafka_dag' AIRFLOW_CTX_TASK_ID='run_kafka_consumer' AIRFLOW_CTX_EXECUTION_DATE='2025-09-11T00:00:00+00:00' AIRFLOW_CTX_TRY_NUMBER='1' AIRFLOW_CTX_DAG_RUN_ID='scheduled__2025-09-11T00:00:00+00:00'
[2025-09-11T06:03:21.859+0000] {kafka_consumer.py:90} INFO - [DEBUG] Using existing Kafka payload: data/kafka_logs/as_message_20250910_090820.json
[2025-09-11T06:03:21.859+0000] {python.py:201} INFO - Done. Returned value was: data/kafka_logs/as_message_20250910_090820.json
[2025-09-11T06:03:21.868+0000] {taskinstance.py:1138} INFO - Marking task as SUCCESS. dag_id=aviationstack_kafka_dag, task_id=run_kafka_consumer, execution_date=20250911T000000, start_date=20250911T060321, end_date=20250911T060321
[2025-09-11T06:03:21.905+0000] {local_task_job_runner.py:234} INFO - Task exited with return code 0
[2025-09-11T06:03:21.917+0000] {taskinstance.py:3280} INFO - 1 downstream tasks scheduled from follow-on schedule check
[2025-09-11T06:13:45.096+0000] {taskinstance.py:1956} INFO - Dependencies all met for dep_context=non-requeueable deps ti=<TaskInstance: aviationstack_kafka_dag.run_kafka_consumer scheduled__2025-09-11T00:00:00+00:00 [queued]>
[2025-09-11T06:13:45.098+0000] {taskinstance.py:1956} INFO - Dependencies all met for dep_context=requeueable deps ti=<TaskInstance: aviationstack_kafka_dag.run_kafka_consumer scheduled__2025-09-11T00:00:00+00:00 [queued]>
[2025-09-11T06:13:45.099+0000] {taskinstance.py:2170} INFO - Starting attempt 1 of 1
[2025-09-11T06:13:45.103+0000] {taskinstance.py:2191} INFO - Executing <Task(PythonOperator): run_kafka_consumer> on 2025-09-11 00:00:00+00:00
[2025-09-11T06:13:45.107+0000] {standard_task_runner.py:60} INFO - Started process 182 to run task
[2025-09-11T06:13:45.108+0000] {standard_task_runner.py:87} INFO - Running: ['airflow', 'tasks', 'run', 'aviationstack_kafka_dag', 'run_kafka_consumer', 'scheduled__2025-09-11T00:00:00+00:00', '--job-id', '2', '--raw', '--subdir', 'DAGS_FOLDER/aviationstack_dag.py', '--cfg-path', '/tmp/tmppdttbomt']
[2025-09-11T06:13:45.109+0000] {standard_task_runner.py:88} INFO - Job 2: Subtask run_kafka_consumer
[2025-09-11T06:13:45.131+0000] {task_command.py:423} INFO - Running <TaskInstance: aviationstack_kafka_dag.run_kafka_consumer scheduled__2025-09-11T00:00:00+00:00 [running]> on host d46a8dc9e93f
[2025-09-11T06:13:45.165+0000] {taskinstance.py:2480} INFO - Exporting env vars: AIRFLOW_CTX_DAG_OWNER='airflow' AIRFLOW_CTX_DAG_ID='aviationstack_kafka_dag' AIRFLOW_CTX_TASK_ID='run_kafka_consumer' AIRFLOW_CTX_EXECUTION_DATE='2025-09-11T00:00:00+00:00' AIRFLOW_CTX_TRY_NUMBER='1' AIRFLOW_CTX_DAG_RUN_ID='scheduled__2025-09-11T00:00:00+00:00'
[2025-09-11T06:13:45.166+0000] {kafka_consumer.py:90} INFO - [DEBUG] Using existing Kafka payload: data/kafka_logs/as_message_20250910_090820.json
[2025-09-11T06:13:45.166+0000] {python.py:201} INFO - Done. Returned value was: data/kafka_logs/as_message_20250910_090820.json
[2025-09-11T06:13:45.174+0000] {taskinstance.py:1138} INFO - Marking task as SUCCESS. dag_id=aviationstack_kafka_dag, task_id=run_kafka_consumer, execution_date=20250911T000000, start_date=20250911T061345, end_date=20250911T061345
[2025-09-11T06:13:45.206+0000] {local_task_job_runner.py:234} INFO - Task exited with return code 0
[2025-09-11T06:13:45.217+0000] {taskinstance.py:3280} INFO - 1 downstream tasks scheduled from follow-on schedule check
