[2025-09-16T03:11:58.157+0000] {taskinstance.py:1956} INFO - Dependencies all met for dep_context=non-requeueable deps ti=<TaskInstance: opensky_data_pipeline_dag.dbt_run_silver scheduled__2025-09-15T18:50:00+00:00 [queued]>
[2025-09-16T03:11:58.159+0000] {taskinstance.py:1956} INFO - Dependencies all met for dep_context=requeueable deps ti=<TaskInstance: opensky_data_pipeline_dag.dbt_run_silver scheduled__2025-09-15T18:50:00+00:00 [queued]>
[2025-09-16T03:11:58.159+0000] {taskinstance.py:2170} INFO - Starting attempt 1 of 1
[2025-09-16T03:11:58.163+0000] {taskinstance.py:2191} INFO - Executing <Task(BashOperator): dbt_run_silver> on 2025-09-15 18:50:00+00:00
[2025-09-16T03:11:58.165+0000] {standard_task_runner.py:60} INFO - Started process 751 to run task
[2025-09-16T03:11:58.166+0000] {standard_task_runner.py:87} INFO - Running: ['airflow', 'tasks', 'run', 'opensky_data_pipeline_dag', 'dbt_run_silver', 'scheduled__2025-09-15T18:50:00+00:00', '--job-id', '13', '--raw', '--subdir', 'DAGS_FOLDER/opensky_data_pipeline_dag.py', '--cfg-path', '/tmp/tmpd7c74k98']
[2025-09-16T03:11:58.167+0000] {standard_task_runner.py:88} INFO - Job 13: Subtask dbt_run_silver
[2025-09-16T03:11:58.185+0000] {task_command.py:423} INFO - Running <TaskInstance: opensky_data_pipeline_dag.dbt_run_silver scheduled__2025-09-15T18:50:00+00:00 [running]> on host d6bdfb507af9
[2025-09-16T03:11:58.211+0000] {taskinstance.py:2480} INFO - Exporting env vars: AIRFLOW_CTX_DAG_OWNER='airflow' AIRFLOW_CTX_DAG_ID='opensky_data_pipeline_dag' AIRFLOW_CTX_TASK_ID='dbt_run_silver' AIRFLOW_CTX_EXECUTION_DATE='2025-09-15T18:50:00+00:00' AIRFLOW_CTX_TRY_NUMBER='1' AIRFLOW_CTX_DAG_RUN_ID='scheduled__2025-09-15T18:50:00+00:00'
[2025-09-16T03:11:58.211+0000] {subprocess.py:63} INFO - Tmp dir root location: /tmp
[2025-09-16T03:11:58.211+0000] {subprocess.py:75} INFO - Running command: ['/usr/bin/bash', '-c', 'cd /opt/airflow/flightweather_dbt && dbt run --select tag:silver --profiles-dir .']
[2025-09-16T03:11:58.215+0000] {subprocess.py:86} INFO - Output:
[2025-09-16T03:11:58.726+0000] {subprocess.py:93} INFO - [0m03:11:58  Running with dbt=1.10.11
[2025-09-16T03:11:58.805+0000] {subprocess.py:93} INFO - [0m03:11:58  Registered adapter: postgres=1.9.1
[2025-09-16T03:11:58.915+0000] {subprocess.py:93} INFO - [0m03:11:58  Found 3 models, 1 source, 434 macros
[2025-09-16T03:11:58.916+0000] {subprocess.py:93} INFO - [0m03:11:58
[2025-09-16T03:11:58.916+0000] {subprocess.py:93} INFO - [0m03:11:58  Concurrency: 2 threads (target='dev')
[2025-09-16T03:11:58.916+0000] {subprocess.py:93} INFO - [0m03:11:58
[2025-09-16T03:11:58.952+0000] {subprocess.py:93} INFO - [0m03:11:58  1 of 2 START sql incremental model opensky.silver_main_table ................... [RUN]
[2025-09-16T03:11:58.952+0000] {subprocess.py:93} INFO - [0m03:11:58  2 of 2 START sql incremental model opensky.silver_secondary_table .............. [RUN]
[2025-09-16T03:11:59.054+0000] {subprocess.py:93} INFO - [0m03:11:59  1 of 2 OK created sql incremental model opensky.silver_main_table .............. [[32mINSERT 0 6302[0m in 0.10s]
[2025-09-16T03:11:59.054+0000] {subprocess.py:93} INFO - [0m03:11:59  2 of 2 OK created sql incremental model opensky.silver_secondary_table ......... [[32mINSERT 0 6360[0m in 0.10s]
[2025-09-16T03:11:59.060+0000] {subprocess.py:93} INFO - [0m03:11:59
[2025-09-16T03:11:59.060+0000] {subprocess.py:93} INFO - [0m03:11:59  Finished running 2 incremental models in 0 hours 0 minutes and 0.14 seconds (0.14s).
[2025-09-16T03:11:59.075+0000] {subprocess.py:93} INFO - [0m03:11:59
[2025-09-16T03:11:59.075+0000] {subprocess.py:93} INFO - [0m03:11:59  [32mCompleted successfully[0m
[2025-09-16T03:11:59.075+0000] {subprocess.py:93} INFO - [0m03:11:59
[2025-09-16T03:11:59.075+0000] {subprocess.py:93} INFO - [0m03:11:59  Done. PASS=2 WARN=0 ERROR=0 SKIP=0 NO-OP=0 TOTAL=2
[2025-09-16T03:12:00.174+0000] {subprocess.py:97} INFO - Command exited with return code 0
[2025-09-16T03:12:00.185+0000] {taskinstance.py:1138} INFO - Marking task as SUCCESS. dag_id=opensky_data_pipeline_dag, task_id=dbt_run_silver, execution_date=20250915T185000, start_date=20250916T031158, end_date=20250916T031200
[2025-09-16T03:12:00.211+0000] {local_task_job_runner.py:234} INFO - Task exited with return code 0
[2025-09-16T03:12:00.220+0000] {taskinstance.py:3280} INFO - 1 downstream tasks scheduled from follow-on schedule check
