[2025-09-17T03:35:40.001+0000] {taskinstance.py:1956} INFO - Dependencies all met for dep_context=non-requeueable deps ti=<TaskInstance: opensky_data_pipeline_dag.dbt_run_gold manual__2025-09-17T03:35:17.514832+00:00 [queued]>
[2025-09-17T03:35:40.003+0000] {taskinstance.py:1956} INFO - Dependencies all met for dep_context=requeueable deps ti=<TaskInstance: opensky_data_pipeline_dag.dbt_run_gold manual__2025-09-17T03:35:17.514832+00:00 [queued]>
[2025-09-17T03:35:40.003+0000] {taskinstance.py:2170} INFO - Starting attempt 1 of 1
[2025-09-17T03:35:40.006+0000] {taskinstance.py:2191} INFO - Executing <Task(BashOperator): dbt_run_gold> on 2025-09-17 03:35:17.514832+00:00
[2025-09-17T03:35:40.008+0000] {standard_task_runner.py:60} INFO - Started process 1355 to run task
[2025-09-17T03:35:40.010+0000] {standard_task_runner.py:87} INFO - Running: ['airflow', 'tasks', 'run', 'opensky_data_pipeline_dag', 'dbt_run_gold', 'manual__2025-09-17T03:35:17.514832+00:00', '--job-id', '29', '--raw', '--subdir', 'DAGS_FOLDER/opensky_data_pipeline_dag.py', '--cfg-path', '/tmp/tmp3_4b7rvu']
[2025-09-17T03:35:40.011+0000] {standard_task_runner.py:88} INFO - Job 29: Subtask dbt_run_gold
[2025-09-17T03:35:40.028+0000] {task_command.py:423} INFO - Running <TaskInstance: opensky_data_pipeline_dag.dbt_run_gold manual__2025-09-17T03:35:17.514832+00:00 [running]> on host 769d9d26935d
[2025-09-17T03:35:40.128+0000] {taskinstance.py:2480} INFO - Exporting env vars: AIRFLOW_CTX_DAG_OWNER='airflow' AIRFLOW_CTX_DAG_ID='opensky_data_pipeline_dag' AIRFLOW_CTX_TASK_ID='dbt_run_gold' AIRFLOW_CTX_EXECUTION_DATE='2025-09-17T03:35:17.514832+00:00' AIRFLOW_CTX_TRY_NUMBER='1' AIRFLOW_CTX_DAG_RUN_ID='manual__2025-09-17T03:35:17.514832+00:00'
[2025-09-17T03:35:40.129+0000] {subprocess.py:63} INFO - Tmp dir root location: /tmp
[2025-09-17T03:35:40.129+0000] {subprocess.py:75} INFO - Running command: ['/usr/bin/bash', '-c', 'cd /opt/airflow/flightweather_dbt && dbt run --select tag:gold --profiles-dir .']
[2025-09-17T03:35:40.132+0000] {subprocess.py:86} INFO - Output:
[2025-09-17T03:35:40.636+0000] {subprocess.py:93} INFO - [0m03:35:40  Running with dbt=1.10.11
[2025-09-17T03:35:40.714+0000] {subprocess.py:93} INFO - [0m03:35:40  Registered adapter: postgres=1.9.1
[2025-09-17T03:35:40.828+0000] {subprocess.py:93} INFO - [0m03:35:40  Found 3 models, 1 source, 434 macros
[2025-09-17T03:35:40.829+0000] {subprocess.py:93} INFO - [0m03:35:40
[2025-09-17T03:35:40.829+0000] {subprocess.py:93} INFO - [0m03:35:40  Concurrency: 2 threads (target='dev')
[2025-09-17T03:35:40.830+0000] {subprocess.py:93} INFO - [0m03:35:40
[2025-09-17T03:35:40.867+0000] {subprocess.py:93} INFO - [0m03:35:40  1 of 1 START sql table model opensky.gold_flight_stats_by_country .............. [RUN]
[2025-09-17T03:35:40.929+0000] {subprocess.py:93} INFO - [0m03:35:40  1 of 1 OK created sql table model opensky.gold_flight_stats_by_country ......... [[32mSELECT 0[0m in 0.06s]
[2025-09-17T03:35:40.935+0000] {subprocess.py:93} INFO - [0m03:35:40
[2025-09-17T03:35:40.935+0000] {subprocess.py:93} INFO - [0m03:35:40  Finished running 1 table model in 0 hours 0 minutes and 0.10 seconds (0.10s).
[2025-09-17T03:35:40.950+0000] {subprocess.py:93} INFO - [0m03:35:40
[2025-09-17T03:35:40.950+0000] {subprocess.py:93} INFO - [0m03:35:40  [32mCompleted successfully[0m
[2025-09-17T03:35:40.950+0000] {subprocess.py:93} INFO - [0m03:35:40
[2025-09-17T03:35:40.950+0000] {subprocess.py:93} INFO - [0m03:35:40  Done. PASS=1 WARN=0 ERROR=0 SKIP=0 NO-OP=0 TOTAL=1
[2025-09-17T03:35:41.995+0000] {subprocess.py:97} INFO - Command exited with return code 0
[2025-09-17T03:35:42.005+0000] {taskinstance.py:1138} INFO - Marking task as SUCCESS. dag_id=opensky_data_pipeline_dag, task_id=dbt_run_gold, execution_date=20250917T033517, start_date=20250917T033540, end_date=20250917T033542
[2025-09-17T03:35:42.027+0000] {local_task_job_runner.py:234} INFO - Task exited with return code 0
[2025-09-17T03:35:42.034+0000] {taskinstance.py:3280} INFO - 0 downstream tasks scheduled from follow-on schedule check
