[2025-09-11T06:14:32.428+0000] {taskinstance.py:1956} INFO - Dependencies all met for dep_context=non-requeueable deps ti=<TaskInstance: aviationstack_kafka_dag.run_silver_load manual__2025-09-11T06:14:29.712719+00:00 [queued]>
[2025-09-11T06:14:32.431+0000] {taskinstance.py:1956} INFO - Dependencies all met for dep_context=requeueable deps ti=<TaskInstance: aviationstack_kafka_dag.run_silver_load manual__2025-09-11T06:14:29.712719+00:00 [queued]>
[2025-09-11T06:14:32.431+0000] {taskinstance.py:2170} INFO - Starting attempt 1 of 1
[2025-09-11T06:14:32.434+0000] {taskinstance.py:2191} INFO - Executing <Task(PythonOperator): run_silver_load> on 2025-09-11 06:14:29.712719+00:00
[2025-09-11T06:14:32.436+0000] {standard_task_runner.py:60} INFO - Started process 213 to run task
[2025-09-11T06:14:32.438+0000] {standard_task_runner.py:87} INFO - Running: ['airflow', 'tasks', 'run', 'aviationstack_kafka_dag', 'run_silver_load', 'manual__2025-09-11T06:14:29.712719+00:00', '--job-id', '8', '--raw', '--subdir', 'DAGS_FOLDER/aviationstack_dag.py', '--cfg-path', '/tmp/tmp2ev34s79']
[2025-09-11T06:14:32.439+0000] {standard_task_runner.py:88} INFO - Job 8: Subtask run_silver_load
[2025-09-11T06:14:32.456+0000] {task_command.py:423} INFO - Running <TaskInstance: aviationstack_kafka_dag.run_silver_load manual__2025-09-11T06:14:29.712719+00:00 [running]> on host d46a8dc9e93f
[2025-09-11T06:14:32.481+0000] {taskinstance.py:2480} INFO - Exporting env vars: AIRFLOW_CTX_DAG_OWNER='airflow' AIRFLOW_CTX_DAG_ID='aviationstack_kafka_dag' AIRFLOW_CTX_TASK_ID='run_silver_load' AIRFLOW_CTX_EXECUTION_DATE='2025-09-11T06:14:29.712719+00:00' AIRFLOW_CTX_TRY_NUMBER='1' AIRFLOW_CTX_DAG_RUN_ID='manual__2025-09-11T06:14:29.712719+00:00'
[2025-09-11T06:14:32.481+0000] {logging_mixin.py:188} INFO - [INFO] Start to load data into silver tables.
[2025-09-11T06:14:34.772+0000] {logging_mixin.py:188} INFO - [DEBUG] Latest processing time: 1970-01-01 00:00:00
[2025-09-11T06:14:35.190+0000] {logging_mixin.py:188} INFO - [INFO] Loading data into silver_flight_info
[2025-09-11T06:14:35.190+0000] {logging_mixin.py:188} INFO - Starting cleaning and transformation process. avstack.bronze_info -> avstack.silver_flight_info
[2025-09-11T06:14:35.708+0000] {logging_mixin.py:188} INFO - Completed cleaning and tranformation process. avstack.bronze_info -> avstack.silver_flight_info
[2025-09-11T06:14:35.769+0000] {logging_mixin.py:188} INFO - Original record count: 96
[2025-09-11T06:14:35.835+0000] {logging_mixin.py:188} INFO - Cleaned record count: 78
[2025-09-11T06:14:35.835+0000] {logging_mixin.py:188} INFO - [INFO] Successfully loaded data into silver_flight_info
[2025-09-11T06:14:35.837+0000] {logging_mixin.py:188} INFO - [INFO] Loading data into silver_dept_info
[2025-09-11T06:14:35.838+0000] {logging_mixin.py:188} INFO - Starting cleaning and transformation process. avstack.bronze_info -> avstack.silver_dept_info
[2025-09-11T06:14:36.035+0000] {logging_mixin.py:188} INFO - Completed cleaning and tranformation process. avstack.bronze_info -> avstack.silver_dept_info
[2025-09-11T06:14:36.075+0000] {logging_mixin.py:188} INFO - Original record count: 96
[2025-09-11T06:14:36.134+0000] {logging_mixin.py:188} INFO - Cleaned record count: 79
[2025-09-11T06:14:36.134+0000] {logging_mixin.py:188} INFO - [INFO] Successfully loaded data into silver_dept_info
[2025-09-11T06:14:36.135+0000] {logging_mixin.py:188} INFO - [INFO] Loading data into silver_arr_info
[2025-09-11T06:14:36.135+0000] {logging_mixin.py:188} INFO - Starting cleaning and transformation process. avstack.bronze_info -> avstack.silver_arr_info
[2025-09-11T06:14:36.301+0000] {logging_mixin.py:188} INFO - Completed cleaning and tranformation process. avstack.bronze_info -> avstack.silver_arr_info
[2025-09-11T06:14:36.334+0000] {logging_mixin.py:188} INFO - Original record count: 96
[2025-09-11T06:14:36.376+0000] {logging_mixin.py:188} INFO - Cleaned record count: 79
[2025-09-11T06:14:36.376+0000] {logging_mixin.py:188} INFO - [INFO] Successfully loaded data into silver_arr_info
[2025-09-11T06:14:36.376+0000] {python.py:201} INFO - Done. Returned value was: None
[2025-09-11T06:14:36.382+0000] {taskinstance.py:1138} INFO - Marking task as SUCCESS. dag_id=aviationstack_kafka_dag, task_id=run_silver_load, execution_date=20250911T061429, start_date=20250911T061432, end_date=20250911T061436
[2025-09-11T06:14:36.391+0000] {local_task_job_runner.py:234} INFO - Task exited with return code 0
[2025-09-11T06:14:36.401+0000] {taskinstance.py:3280} INFO - 1 downstream tasks scheduled from follow-on schedule check
