[0m14:45:57.369145 [debug] [MainThread]: Sending event: {'category': 'dbt', 'action': 'invocation', 'label': 'start', 'context': [<snowplow_tracker.self_describing_json.SelfDescribingJson object at 0x1092a78c0>, <snowplow_tracker.self_describing_json.SelfDescribingJson object at 0x10aa279d0>, <snowplow_tracker.self_describing_json.SelfDescribingJson object at 0x10aa27b10>]}


============================== 14:45:57.371289 | 4d94db58-d460-49b3-8c42-48775806a17a ==============================
[0m14:45:57.371289 [info ] [MainThread]: Running with dbt=1.10.11
[0m14:45:57.371535 [debug] [MainThread]: running dbt with arguments {'printer_width': '80', 'log_cache_events': 'False', 'send_anonymous_usage_stats': 'True', 'empty': 'None', 'fail_fast': 'False', 'partial_parse': 'True', 'profiles_dir': '/Users/bengrigsby/.dbt', 'version_check': 'True', 'target_path': 'None', 'indirect_selection': 'eager', 'use_colors': 'True', 'write_json': 'True', 'log_path': 'logs', 'cache_selected_only': 'False', 'use_experimental_parser': 'False', 'warn_error': 'None', 'debug': 'False', 'introspect': 'True', 'invocation_command': 'dbt init flightweather_dbt', 'static_parser': 'True', 'quiet': 'False', 'warn_error_options': 'WarnErrorOptionsV2(error=[], warn=[], silence=[])', 'no_print': 'None', 'log_format': 'default'}
[0m14:45:57.376998 [info ] [MainThread]: Creating dbt configuration folder at /Users/bengrigsby/.dbt
[0m14:45:57.377568 [debug] [MainThread]: Starter project path: /Users/bengrigsby/Desktop/Jobs/flightweather/venv/lib/python3.13/site-packages/dbt/include/starter_project
[0m14:45:57.379895 [info ] [MainThread]: 
Your new dbt project "flightweather_dbt" was created!

For more information on how to configure the profiles.yml file,
please consult the dbt documentation here:

  https://docs.getdbt.com/docs/configure-your-profile

One more thing:

Need help? Don't hesitate to reach out to us via GitHub issues or on Slack:

  https://community.getdbt.com/

Happy modeling!

[0m14:45:57.380026 [info ] [MainThread]: Setting up your profile.
[0m14:48:16.894526 [info ] [MainThread]: Profile flightweather_dbt written to /Users/bengrigsby/.dbt/profiles.yml using target's profile_template.yml and your supplied values. Run 'dbt debug' to validate the connection.
[0m14:48:16.902226 [debug] [MainThread]: Resource report: {"command_name": "init", "command_success": true, "command_wall_clock_time": 139.55606, "process_in_blocks": "0", "process_kernel_time": 0.079757, "process_mem_max_rss": "108937216", "process_out_blocks": "0", "process_user_time": 0.482219}
[0m14:48:16.903044 [debug] [MainThread]: Command `dbt init` succeeded at 14:48:16.902925 after 139.56 seconds
[0m14:48:16.903357 [debug] [MainThread]: Sending event: {'category': 'dbt', 'action': 'invocation', 'label': 'end', 'context': [<snowplow_tracker.self_describing_json.SelfDescribingJson object at 0x10aad2ea0>, <snowplow_tracker.self_describing_json.SelfDescribingJson object at 0x109875490>, <snowplow_tracker.self_describing_json.SelfDescribingJson object at 0x10ac04d10>]}
[0m14:48:16.903643 [debug] [MainThread]: Flushing usage events
[0m14:48:17.721310 [debug] [MainThread]: An error was encountered while trying to flush usage events
[0m14:52:56.825859 [debug] [MainThread]: Sending event: {'category': 'dbt', 'action': 'invocation', 'label': 'start', 'context': [<snowplow_tracker.self_describing_json.SelfDescribingJson object at 0x1052fb8c0>, <snowplow_tracker.self_describing_json.SelfDescribingJson object at 0x106d279d0>, <snowplow_tracker.self_describing_json.SelfDescribingJson object at 0x106d27b10>]}


============================== 14:52:56.827516 | 2f6582fd-671e-462c-9307-4235e01784f2 ==============================
[0m14:52:56.827516 [info ] [MainThread]: Running with dbt=1.10.11
[0m14:52:56.827779 [debug] [MainThread]: running dbt with arguments {'write_json': 'True', 'use_colors': 'True', 'partial_parse': 'True', 'cache_selected_only': 'False', 'send_anonymous_usage_stats': 'True', 'static_parser': 'True', 'version_check': 'True', 'profiles_dir': '/Users/bengrigsby/.dbt', 'log_cache_events': 'False', 'no_print': 'None', 'indirect_selection': 'eager', 'introspect': 'True', 'warn_error': 'None', 'log_format': 'default', 'use_experimental_parser': 'False', 'quiet': 'False', 'log_path': 'logs', 'target_path': 'None', 'invocation_command': 'dbt debug', 'printer_width': '80', 'warn_error_options': 'WarnErrorOptionsV2(error=[], warn=[], silence=[])', 'debug': 'False', 'fail_fast': 'False', 'empty': 'None'}
[0m14:52:56.833011 [info ] [MainThread]: dbt version: 1.10.11
[0m14:52:56.833152 [info ] [MainThread]: python version: 3.13.7
[0m14:52:56.833251 [info ] [MainThread]: python path: /Users/bengrigsby/Desktop/Jobs/flightweather/venv/bin/python3.13
[0m14:52:56.833459 [info ] [MainThread]: os info: macOS-15.6.1-arm64-arm-64bit-Mach-O
[0m14:52:56.854052 [info ] [MainThread]: Using profiles dir at /Users/bengrigsby/.dbt
[0m14:52:56.854271 [info ] [MainThread]: Using profiles.yml file at /Users/bengrigsby/.dbt/profiles.yml
[0m14:52:56.854385 [info ] [MainThread]: Using dbt_project.yml file at /Users/bengrigsby/Desktop/Jobs/flightweather/dbt_project.yml
[0m14:52:56.854579 [info ] [MainThread]: adapter type: postgres
[0m14:52:56.854673 [info ] [MainThread]: adapter version: 1.9.1
[0m14:52:56.854781 [info ] [MainThread]: Configuration:
[0m14:52:56.854869 [info ] [MainThread]:   profiles.yml file [[32mOK found and valid[0m]
[0m14:52:56.854963 [info ] [MainThread]:   dbt_project.yml file [[31mERROR not found[0m]
[0m14:52:56.855052 [info ] [MainThread]: Required dependencies:
[0m14:52:56.855178 [debug] [MainThread]: Executing "git --help"
[0m14:52:56.861399 [debug] [MainThread]: STDOUT: "b"usage: git [-v | --version] [-h | --help] [-C <path>] [-c <name>=<value>]\n           [--exec-path[=<path>]] [--html-path] [--man-path] [--info-path]\n           [-p | --paginate | -P | --no-pager] [--no-replace-objects] [--no-lazy-fetch]\n           [--no-optional-locks] [--no-advice] [--bare] [--git-dir=<path>]\n           [--work-tree=<path>] [--namespace=<name>] [--config-env=<name>=<envvar>]\n           <command> [<args>]\n\nThese are common Git commands used in various situations:\n\nstart a working area (see also: git help tutorial)\n   clone      Clone a repository into a new directory\n   init       Create an empty Git repository or reinitialize an existing one\n\nwork on the current change (see also: git help everyday)\n   add        Add file contents to the index\n   mv         Move or rename a file, a directory, or a symlink\n   restore    Restore working tree files\n   rm         Remove files from the working tree and from the index\n\nexamine the history and state (see also: git help revisions)\n   bisect     Use binary search to find the commit that introduced a bug\n   diff       Show changes between commits, commit and working tree, etc\n   grep       Print lines matching a pattern\n   log        Show commit logs\n   show       Show various types of objects\n   status     Show the working tree status\n\ngrow, mark and tweak your common history\n   backfill   Download missing objects in a partial clone\n   branch     List, create, or delete branches\n   commit     Record changes to the repository\n   merge      Join two or more development histories together\n   rebase     Reapply commits on top of another base tip\n   reset      Reset current HEAD to the specified state\n   switch     Switch branches\n   tag        Create, list, delete or verify a tag object signed with GPG\n\ncollaborate (see also: git help workflows)\n   fetch      Download objects and refs from another repository\n   pull       Fetch from and integrate with another repository or a local branch\n   push       Update remote refs along with associated objects\n\n'git help -a' and 'git help -g' list available subcommands and some\nconcept guides. See 'git help <command>' or 'git help <concept>'\nto read about a specific subcommand or concept.\nSee 'git help git' for an overview of the system.\n""
[0m14:52:56.862095 [debug] [MainThread]: STDERR: "b''"
[0m14:52:56.862257 [info ] [MainThread]:  - git [[32mOK found[0m]

[0m14:52:56.862392 [info ] [MainThread]: Connection:
[0m14:52:56.862513 [info ] [MainThread]:   host: localhost
[0m14:52:56.862593 [info ] [MainThread]:   port: 5433
[0m14:52:56.862666 [info ] [MainThread]:   user: user
[0m14:52:56.862736 [info ] [MainThread]:   database: flight_db
[0m14:52:56.862807 [info ] [MainThread]:   schema: opensky
[0m14:52:56.862879 [info ] [MainThread]:   connect_timeout: 10
[0m14:52:56.862953 [info ] [MainThread]:   role: None
[0m14:52:56.863020 [info ] [MainThread]:   search_path: None
[0m14:52:56.863089 [info ] [MainThread]:   keepalives_idle: 0
[0m14:52:56.863160 [info ] [MainThread]:   sslmode: None
[0m14:52:56.863231 [info ] [MainThread]:   sslcert: None
[0m14:52:56.863301 [info ] [MainThread]:   sslkey: None
[0m14:52:56.863369 [info ] [MainThread]:   sslrootcert: None
[0m14:52:56.863445 [info ] [MainThread]:   application_name: dbt
[0m14:52:56.863527 [info ] [MainThread]:   retries: 1
[0m14:52:56.863805 [info ] [MainThread]: Registered adapter: postgres=1.9.1
[0m14:52:56.896044 [debug] [MainThread]: Acquiring new postgres connection 'debug'
[0m14:52:56.909179 [debug] [MainThread]: Using postgres connection "debug"
[0m14:52:56.909332 [debug] [MainThread]: On debug: select 1 as id
[0m14:52:56.909445 [debug] [MainThread]: Opening a new connection, currently in state init
[0m14:52:56.926647 [debug] [MainThread]: SQL status: SELECT 1 in 0.017 seconds
[0m14:52:56.927108 [debug] [MainThread]: On debug: Close
[0m14:52:56.927239 [info ] [MainThread]:   Connection test: [[32mOK connection ok[0m]

[0m14:52:56.927373 [info ] [MainThread]: [31m1 check failed:[0m
[0m14:52:56.927465 [info ] [MainThread]: Project loading failed for the following reason:
 project path </Users/bengrigsby/Desktop/Jobs/flightweather/dbt_project.yml> not found

[0m14:52:56.928695 [debug] [MainThread]: Resource report: {"command_name": "debug", "command_success": false, "command_wall_clock_time": 0.12581317, "process_in_blocks": "0", "process_kernel_time": 0.100046, "process_mem_max_rss": "119881728", "process_out_blocks": "0", "process_user_time": 0.508355}
[0m14:52:56.928920 [debug] [MainThread]: Command `dbt debug` failed at 14:52:56.928877 after 0.13 seconds
[0m14:52:56.929068 [debug] [MainThread]: Connection 'debug' was properly closed.
[0m14:52:56.929181 [debug] [MainThread]: Sending event: {'category': 'dbt', 'action': 'invocation', 'label': 'end', 'context': [<snowplow_tracker.self_describing_json.SelfDescribingJson object at 0x107ab1810>, <snowplow_tracker.self_describing_json.SelfDescribingJson object at 0x1072b8ef0>, <snowplow_tracker.self_describing_json.SelfDescribingJson object at 0x106e097b0>]}
[0m14:52:56.929342 [debug] [MainThread]: Flushing usage events
[0m14:52:57.732698 [debug] [MainThread]: An error was encountered while trying to flush usage events
[0m15:03:38.212289 [debug] [MainThread]: Sending event: {'category': 'dbt', 'action': 'invocation', 'label': 'start', 'context': [<snowplow_tracker.self_describing_json.SelfDescribingJson object at 0x105bbb8c0>, <snowplow_tracker.self_describing_json.SelfDescribingJson object at 0x10722bb10>, <snowplow_tracker.self_describing_json.SelfDescribingJson object at 0x10722b9d0>]}


============================== 15:03:38.213926 | 1520f2ff-458f-4a04-848c-1bf96e86ad93 ==============================
[0m15:03:38.213926 [info ] [MainThread]: Running with dbt=1.10.11
[0m15:03:38.214172 [debug] [MainThread]: running dbt with arguments {'profiles_dir': '/Users/bengrigsby/.dbt', 'version_check': 'True', 'fail_fast': 'False', 'log_path': 'logs', 'invocation_command': 'dbt run', 'log_format': 'default', 'no_print': 'None', 'write_json': 'True', 'send_anonymous_usage_stats': 'True', 'introspect': 'True', 'quiet': 'False', 'warn_error': 'None', 'debug': 'False', 'empty': 'False', 'log_cache_events': 'False', 'cache_selected_only': 'False', 'target_path': 'None', 'use_experimental_parser': 'False', 'printer_width': '80', 'use_colors': 'True', 'static_parser': 'True', 'warn_error_options': 'WarnErrorOptionsV2(error=[], warn=[], silence=[])', 'indirect_selection': 'eager', 'partial_parse': 'True'}
[0m15:03:38.214366 [error] [MainThread]: Encountered an error:
Runtime Error
  No dbt_project.yml found at expected path /Users/bengrigsby/Desktop/Jobs/flightweather/dbt_project.yml
  Verify that each entry within packages.yml (and their transitive dependencies) contains a file named dbt_project.yml
  
[0m15:03:38.215259 [debug] [MainThread]: Resource report: {"command_name": "run", "command_success": false, "command_wall_clock_time": 0.025696, "process_in_blocks": "0", "process_kernel_time": 0.061577, "process_mem_max_rss": "106266624", "process_out_blocks": "0", "process_user_time": 0.448119}
[0m15:03:38.215432 [debug] [MainThread]: Command `dbt run` failed at 15:03:38.215399 after 0.03 seconds
[0m15:03:38.215540 [debug] [MainThread]: Sending event: {'category': 'dbt', 'action': 'invocation', 'label': 'end', 'context': [<snowplow_tracker.self_describing_json.SelfDescribingJson object at 0x1071235c0>, <snowplow_tracker.self_describing_json.SelfDescribingJson object at 0x1072656d0>, <snowplow_tracker.self_describing_json.SelfDescribingJson object at 0x1070c59d0>]}
[0m15:03:38.215649 [debug] [MainThread]: Flushing usage events
[0m15:03:39.149700 [debug] [MainThread]: An error was encountered while trying to flush usage events
