[2025-09-11T02:26:27.330+0000] {taskinstance.py:1956} INFO - Dependencies all met for dep_context=non-requeueable deps ti=<TaskInstance: aviationstack_kafka_dag.run_gold_load manual__2025-09-11T02:26:20.084034+00:00 [queued]>
[2025-09-11T02:26:27.333+0000] {taskinstance.py:1956} INFO - Dependencies all met for dep_context=requeueable deps ti=<TaskInstance: aviationstack_kafka_dag.run_gold_load manual__2025-09-11T02:26:20.084034+00:00 [queued]>
[2025-09-11T02:26:27.333+0000] {taskinstance.py:2170} INFO - Starting attempt 1 of 1
[2025-09-11T02:26:27.337+0000] {taskinstance.py:2191} INFO - Executing <Task(PythonOperator): run_gold_load> on 2025-09-11 02:26:20.084034+00:00
[2025-09-11T02:26:27.339+0000] {standard_task_runner.py:60} INFO - Started process 1975 to run task
[2025-09-11T02:26:27.340+0000] {standard_task_runner.py:87} INFO - Running: ['airflow', 'tasks', 'run', 'aviationstack_kafka_dag', 'run_gold_load', 'manual__2025-09-11T02:26:20.084034+00:00', '--job-id', '97', '--raw', '--subdir', 'DAGS_FOLDER/aviationstack_dag.py', '--cfg-path', '/tmp/tmp1jneto77']
[2025-09-11T02:26:27.341+0000] {standard_task_runner.py:88} INFO - Job 97: Subtask run_gold_load
[2025-09-11T02:26:27.347+0000] {logging_mixin.py:188} WARNING - /home/airflow/.local/lib/python3.11/site-packages/airflow/settings.py:194 DeprecationWarning: The sql_alchemy_conn option in [core] has been moved to the sql_alchemy_conn option in [database] - the old setting has been used, but please update your config.
[2025-09-11T02:26:27.359+0000] {task_command.py:423} INFO - Running <TaskInstance: aviationstack_kafka_dag.run_gold_load manual__2025-09-11T02:26:20.084034+00:00 [running]> on host 08b0080c1409
[2025-09-11T02:26:27.386+0000] {taskinstance.py:2480} INFO - Exporting env vars: AIRFLOW_CTX_DAG_OWNER='airflow' AIRFLOW_CTX_DAG_ID='aviationstack_kafka_dag' AIRFLOW_CTX_TASK_ID='run_gold_load' AIRFLOW_CTX_EXECUTION_DATE='2025-09-11T02:26:20.084034+00:00' AIRFLOW_CTX_TRY_NUMBER='1' AIRFLOW_CTX_DAG_RUN_ID='manual__2025-09-11T02:26:20.084034+00:00'
[2025-09-11T02:26:27.393+0000] {base.py:83} INFO - Using connection ID 'postgres_default' for task execution.
[2025-09-11T02:26:27.395+0000] {logging_mixin.py:188} INFO - [INFO] Starting to load data into gold layer
[2025-09-11T02:26:27.395+0000] {logging_mixin.py:188} INFO - Working on timezone
[2025-09-11T02:26:27.396+0000] {logging_mixin.py:188} INFO - Completed timezone
[2025-09-11T02:26:27.397+0000] {logging_mixin.py:188} INFO - Working on airline
[2025-09-11T02:26:27.397+0000] {logging_mixin.py:188} INFO - Completed airline
[2025-09-11T02:26:27.397+0000] {logging_mixin.py:188} INFO - Working on airport
[2025-09-11T02:26:27.398+0000] {logging_mixin.py:188} INFO - [ERROR] Airport table: duplicate key value violates unique constraint "gold_dim_airport_info_iata_key"
DETAIL:  Key (iata)=(VIE) already exists.
[2025-09-11T02:26:27.398+0000] {logging_mixin.py:188} INFO - Working on flight
[2025-09-11T02:26:27.398+0000] {logging_mixin.py:188} INFO - [ERROR] Flight table: current transaction is aborted, commands ignored until end of transaction block
[2025-09-11T02:26:27.398+0000] {logging_mixin.py:188} INFO - Working on arr_dept_table
[2025-09-11T02:26:27.398+0000] {logging_mixin.py:188} INFO - [ERROR] Arr_dept_table: current transaction is aborted, commands ignored until end of transaction block
[2025-09-11T02:26:27.398+0000] {logging_mixin.py:188} INFO - Working on departure table
[2025-09-11T02:26:27.399+0000] {logging_mixin.py:188} INFO - [ERROR] Departure table: current transaction is aborted, commands ignored until end of transaction block
[2025-09-11T02:26:27.399+0000] {logging_mixin.py:188} INFO - Working on arrival table
[2025-09-11T02:26:27.399+0000] {logging_mixin.py:188} INFO - [ERROR] Arrival table: current transaction is aborted, commands ignored until end of transaction block
[2025-09-11T02:26:27.399+0000] {logging_mixin.py:188} INFO - [INFO] Completed gold layer
[2025-09-11T02:26:27.399+0000] {python.py:201} INFO - Done. Returned value was: None
[2025-09-11T02:26:27.402+0000] {taskinstance.py:1138} INFO - Marking task as SUCCESS. dag_id=aviationstack_kafka_dag, task_id=run_gold_load, execution_date=20250911T022620, start_date=20250911T022627, end_date=20250911T022627
[2025-09-11T02:26:27.438+0000] {local_task_job_runner.py:234} INFO - Task exited with return code 0
[2025-09-11T02:26:27.445+0000] {taskinstance.py:3280} INFO - 0 downstream tasks scheduled from follow-on schedule check
