[2025-09-17T03:49:23.803+0000] {taskinstance.py:1956} INFO - Dependencies all met for dep_context=non-requeueable deps ti=<TaskInstance: opensky_data_pipeline_dag.dbt_run_silver manual__2025-09-17T03:49:04.293441+00:00 [queued]>
[2025-09-17T03:49:23.806+0000] {taskinstance.py:1956} INFO - Dependencies all met for dep_context=requeueable deps ti=<TaskInstance: opensky_data_pipeline_dag.dbt_run_silver manual__2025-09-17T03:49:04.293441+00:00 [queued]>
[2025-09-17T03:49:23.806+0000] {taskinstance.py:2170} INFO - Starting attempt 1 of 1
[2025-09-17T03:49:23.810+0000] {taskinstance.py:2191} INFO - Executing <Task(BashOperator): dbt_run_silver> on 2025-09-17 03:49:04.293441+00:00
[2025-09-17T03:49:23.813+0000] {standard_task_runner.py:60} INFO - Started process 1995 to run task
[2025-09-17T03:49:23.814+0000] {standard_task_runner.py:87} INFO - Running: ['airflow', 'tasks', 'run', 'opensky_data_pipeline_dag', 'dbt_run_silver', 'manual__2025-09-17T03:49:04.293441+00:00', '--job-id', '35', '--raw', '--subdir', 'DAGS_FOLDER/opensky_data_pipeline_dag.py', '--cfg-path', '/tmp/tmp1tmndxrw']
[2025-09-17T03:49:23.815+0000] {standard_task_runner.py:88} INFO - Job 35: Subtask dbt_run_silver
[2025-09-17T03:49:23.833+0000] {task_command.py:423} INFO - Running <TaskInstance: opensky_data_pipeline_dag.dbt_run_silver manual__2025-09-17T03:49:04.293441+00:00 [running]> on host 769d9d26935d
[2025-09-17T03:49:23.937+0000] {taskinstance.py:2480} INFO - Exporting env vars: AIRFLOW_CTX_DAG_OWNER='airflow' AIRFLOW_CTX_DAG_ID='opensky_data_pipeline_dag' AIRFLOW_CTX_TASK_ID='dbt_run_silver' AIRFLOW_CTX_EXECUTION_DATE='2025-09-17T03:49:04.293441+00:00' AIRFLOW_CTX_TRY_NUMBER='1' AIRFLOW_CTX_DAG_RUN_ID='manual__2025-09-17T03:49:04.293441+00:00'
[2025-09-17T03:49:23.937+0000] {subprocess.py:63} INFO - Tmp dir root location: /tmp
[2025-09-17T03:49:23.937+0000] {subprocess.py:75} INFO - Running command: ['/usr/bin/bash', '-c', 'cd /opt/airflow/flightweather_dbt && dbt run --select tag:silver --profiles-dir .']
[2025-09-17T03:49:23.941+0000] {subprocess.py:86} INFO - Output:
[2025-09-17T03:49:24.473+0000] {subprocess.py:93} INFO - [0m03:49:24  Running with dbt=1.10.11
[2025-09-17T03:49:24.552+0000] {subprocess.py:93} INFO - [0m03:49:24  Registered adapter: postgres=1.9.1
[2025-09-17T03:49:24.733+0000] {subprocess.py:93} INFO - [0m03:49:24  Found 3 models, 1 source, 434 macros
[2025-09-17T03:49:24.735+0000] {subprocess.py:93} INFO - [0m03:49:24
[2025-09-17T03:49:24.735+0000] {subprocess.py:93} INFO - [0m03:49:24  Concurrency: 2 threads (target='dev')
[2025-09-17T03:49:24.735+0000] {subprocess.py:93} INFO - [0m03:49:24
[2025-09-17T03:49:24.793+0000] {subprocess.py:93} INFO - [0m03:49:24  1 of 2 START sql incremental model opensky.silver_main_table ................... [RUN]
[2025-09-17T03:49:24.794+0000] {subprocess.py:93} INFO - [0m03:49:24  2 of 2 START sql incremental model opensky.silver_secondary_table .............. [RUN]
[2025-09-17T03:49:24.877+0000] {subprocess.py:93} INFO - [0m03:49:24  2 of 2 OK created sql incremental model opensky.silver_secondary_table ......... [[32mINSERT 0 0[0m in 0.08s]
[2025-09-17T03:49:24.882+0000] {subprocess.py:93} INFO - [0m03:49:24  1 of 2 OK created sql incremental model opensky.silver_main_table .............. [[32mINSERT 0 54061[0m in 0.09s]
[2025-09-17T03:49:24.888+0000] {subprocess.py:93} INFO - [0m03:49:24
[2025-09-17T03:49:24.888+0000] {subprocess.py:93} INFO - [0m03:49:24  Finished running 2 incremental models in 0 hours 0 minutes and 0.15 seconds (0.15s).
[2025-09-17T03:49:24.902+0000] {subprocess.py:93} INFO - [0m03:49:24
[2025-09-17T03:49:24.902+0000] {subprocess.py:93} INFO - [0m03:49:24  [32mCompleted successfully[0m
[2025-09-17T03:49:24.903+0000] {subprocess.py:93} INFO - [0m03:49:24
[2025-09-17T03:49:24.903+0000] {subprocess.py:93} INFO - [0m03:49:24  Done. PASS=2 WARN=0 ERROR=0 SKIP=0 NO-OP=0 TOTAL=2
[2025-09-17T03:49:25.948+0000] {subprocess.py:97} INFO - Command exited with return code 0
[2025-09-17T03:49:25.959+0000] {taskinstance.py:1138} INFO - Marking task as SUCCESS. dag_id=opensky_data_pipeline_dag, task_id=dbt_run_silver, execution_date=20250917T034904, start_date=20250917T034923, end_date=20250917T034925
[2025-09-17T03:49:25.990+0000] {local_task_job_runner.py:234} INFO - Task exited with return code 0
[2025-09-17T03:49:25.999+0000] {taskinstance.py:3280} INFO - 1 downstream tasks scheduled from follow-on schedule check
