[2025-09-12T02:47:32.480+0000] {taskinstance.py:1956} INFO - Dependencies all met for dep_context=non-requeueable deps ti=<TaskInstance: aviationstack_kafka_dag.run_bronze_load scheduled__2025-09-11T08:00:00+00:00 [queued]>
[2025-09-12T02:47:32.483+0000] {taskinstance.py:1956} INFO - Dependencies all met for dep_context=requeueable deps ti=<TaskInstance: aviationstack_kafka_dag.run_bronze_load scheduled__2025-09-11T08:00:00+00:00 [queued]>
[2025-09-12T02:47:32.483+0000] {taskinstance.py:2170} INFO - Starting attempt 1 of 1
[2025-09-12T02:47:32.488+0000] {taskinstance.py:2191} INFO - Executing <Task(PythonOperator): run_bronze_load> on 2025-09-11 08:00:00+00:00
[2025-09-12T02:47:32.491+0000] {standard_task_runner.py:60} INFO - Started process 557 to run task
[2025-09-12T02:47:32.492+0000] {standard_task_runner.py:87} INFO - Running: ['airflow', 'tasks', 'run', 'aviationstack_kafka_dag', 'run_bronze_load', 'scheduled__2025-09-11T08:00:00+00:00', '--job-id', '7', '--raw', '--subdir', 'DAGS_FOLDER/aviationstack_dag.py', '--cfg-path', '/tmp/tmp5cpw6prz']
[2025-09-12T02:47:32.493+0000] {standard_task_runner.py:88} INFO - Job 7: Subtask run_bronze_load
[2025-09-12T02:47:32.518+0000] {task_command.py:423} INFO - Running <TaskInstance: aviationstack_kafka_dag.run_bronze_load scheduled__2025-09-11T08:00:00+00:00 [running]> on host eef19a59dfec
[2025-09-12T02:47:32.548+0000] {taskinstance.py:2480} INFO - Exporting env vars: AIRFLOW_CTX_DAG_OWNER='airflow' AIRFLOW_CTX_DAG_ID='aviationstack_kafka_dag' AIRFLOW_CTX_TASK_ID='run_bronze_load' AIRFLOW_CTX_EXECUTION_DATE='2025-09-11T08:00:00+00:00' AIRFLOW_CTX_TRY_NUMBER='1' AIRFLOW_CTX_DAG_RUN_ID='scheduled__2025-09-11T08:00:00+00:00'
[2025-09-12T02:47:32.563+0000] {base.py:83} INFO - Using connection ID 'postgres_default' for task execution.
[2025-09-12T02:47:32.565+0000] {taskinstance.py:2698} ERROR - Task failed with exception
Traceback (most recent call last):
  File "/home/airflow/.local/lib/python3.11/site-packages/airflow/models/taskinstance.py", line 433, in _execute_task
    result = execute_callable(context=context, **execute_callable_kwargs)
             ^^^^^^^^^^^^^^^^^^^^^^^^^^^^^^^^^^^^^^^^^^^^^^^^^^^^^^^^^^^^
  File "/home/airflow/.local/lib/python3.11/site-packages/airflow/operators/python.py", line 199, in execute
    return_value = self.execute_callable()
                   ^^^^^^^^^^^^^^^^^^^^^^^
  File "/home/airflow/.local/lib/python3.11/site-packages/airflow/operators/python.py", line 216, in execute_callable
    return self.python_callable(*self.op_args, **self.op_kwargs)
           ^^^^^^^^^^^^^^^^^^^^^^^^^^^^^^^^^^^^^^^^^^^^^^^^^^^^^
  File "/opt/airflow/etl/bronze/avstack/bronze_load.py", line 29, in insert_into_bronze_ddl
    conn = hook.get_conn()
           ^^^^^^^^^^^^^^^
  File "/home/airflow/.local/lib/python3.11/site-packages/airflow/providers/postgres/hooks/postgres.py", line 158, in get_conn
    self.conn = psycopg2.connect(**conn_args)
                ^^^^^^^^^^^^^^^^^^^^^^^^^^^^^
  File "/home/airflow/.local/lib/python3.11/site-packages/psycopg2/__init__.py", line 122, in connect
    conn = _connect(dsn, connection_factory=connection_factory, **kwasync)
           ^^^^^^^^^^^^^^^^^^^^^^^^^^^^^^^^^^^^^^^^^^^^^^^^^^^^^^^^^^^^^^^
psycopg2.OperationalError: connection to server at "postgres" (172.18.0.3), port 5432 failed: FATAL:  ***word authentication failed for user "postgres"

[2025-09-12T02:47:32.571+0000] {taskinstance.py:1138} INFO - Marking task as FAILED. dag_id=aviationstack_kafka_dag, task_id=run_bronze_load, execution_date=20250911T080000, start_date=20250912T024732, end_date=20250912T024732
[2025-09-12T02:47:32.576+0000] {standard_task_runner.py:107} ERROR - Failed to execute job 7 for task run_bronze_load (connection to server at "postgres" (172.18.0.3), port 5432 failed: FATAL:  ***word authentication failed for user "postgres"
; 557)
[2025-09-12T02:47:32.591+0000] {local_task_job_runner.py:234} INFO - Task exited with return code 1
[2025-09-12T02:47:32.601+0000] {taskinstance.py:3280} INFO - 0 downstream tasks scheduled from follow-on schedule check
[2025-09-12T03:01:27.409+0000] {taskinstance.py:1956} INFO - Dependencies all met for dep_context=non-requeueable deps ti=<TaskInstance: aviationstack_kafka_dag.run_bronze_load scheduled__2025-09-11T08:00:00+00:00 [queued]>
[2025-09-12T03:01:27.412+0000] {taskinstance.py:1956} INFO - Dependencies all met for dep_context=requeueable deps ti=<TaskInstance: aviationstack_kafka_dag.run_bronze_load scheduled__2025-09-11T08:00:00+00:00 [queued]>
[2025-09-12T03:01:27.412+0000] {taskinstance.py:2170} INFO - Starting attempt 1 of 1
[2025-09-12T03:01:27.416+0000] {taskinstance.py:2191} INFO - Executing <Task(PythonOperator): run_bronze_load> on 2025-09-11 08:00:00+00:00
[2025-09-12T03:01:27.418+0000] {standard_task_runner.py:60} INFO - Started process 214 to run task
[2025-09-12T03:01:27.419+0000] {standard_task_runner.py:87} INFO - Running: ['airflow', 'tasks', 'run', 'aviationstack_kafka_dag', 'run_bronze_load', 'scheduled__2025-09-11T08:00:00+00:00', '--job-id', '6', '--raw', '--subdir', 'DAGS_FOLDER/aviationstack_dag.py', '--cfg-path', '/tmp/tmphws9jgli']
[2025-09-12T03:01:27.420+0000] {standard_task_runner.py:88} INFO - Job 6: Subtask run_bronze_load
[2025-09-12T03:01:27.441+0000] {task_command.py:423} INFO - Running <TaskInstance: aviationstack_kafka_dag.run_bronze_load scheduled__2025-09-11T08:00:00+00:00 [running]> on host 1c734b27727a
[2025-09-12T03:01:27.469+0000] {taskinstance.py:2480} INFO - Exporting env vars: AIRFLOW_CTX_DAG_OWNER='airflow' AIRFLOW_CTX_DAG_ID='aviationstack_kafka_dag' AIRFLOW_CTX_TASK_ID='run_bronze_load' AIRFLOW_CTX_EXECUTION_DATE='2025-09-11T08:00:00+00:00' AIRFLOW_CTX_TRY_NUMBER='1' AIRFLOW_CTX_DAG_RUN_ID='scheduled__2025-09-11T08:00:00+00:00'
[2025-09-12T03:01:27.480+0000] {base.py:83} INFO - Using connection ID 'postgres_default' for task execution.
[2025-09-12T03:01:27.483+0000] {taskinstance.py:2698} ERROR - Task failed with exception
Traceback (most recent call last):
  File "/home/airflow/.local/lib/python3.11/site-packages/airflow/models/taskinstance.py", line 433, in _execute_task
    result = execute_callable(context=context, **execute_callable_kwargs)
             ^^^^^^^^^^^^^^^^^^^^^^^^^^^^^^^^^^^^^^^^^^^^^^^^^^^^^^^^^^^^
  File "/home/airflow/.local/lib/python3.11/site-packages/airflow/operators/python.py", line 199, in execute
    return_value = self.execute_callable()
                   ^^^^^^^^^^^^^^^^^^^^^^^
  File "/home/airflow/.local/lib/python3.11/site-packages/airflow/operators/python.py", line 216, in execute_callable
    return self.python_callable(*self.op_args, **self.op_kwargs)
           ^^^^^^^^^^^^^^^^^^^^^^^^^^^^^^^^^^^^^^^^^^^^^^^^^^^^^
  File "/opt/airflow/etl/bronze/avstack/bronze_load.py", line 29, in insert_into_bronze_ddl
    conn = hook.get_conn()
           ^^^^^^^^^^^^^^^
  File "/home/airflow/.local/lib/python3.11/site-packages/airflow/providers/postgres/hooks/postgres.py", line 158, in get_conn
    self.conn = psycopg2.connect(**conn_args)
                ^^^^^^^^^^^^^^^^^^^^^^^^^^^^^
  File "/home/airflow/.local/lib/python3.11/site-packages/psycopg2/__init__.py", line 122, in connect
    conn = _connect(dsn, connection_factory=connection_factory, **kwasync)
           ^^^^^^^^^^^^^^^^^^^^^^^^^^^^^^^^^^^^^^^^^^^^^^^^^^^^^^^^^^^^^^^
psycopg2.OperationalError: connection to server at "postgres" (172.18.0.3), port 5432 failed: FATAL:  ***word authentication failed for user "postgres"

[2025-09-12T03:01:27.488+0000] {taskinstance.py:1138} INFO - Marking task as FAILED. dag_id=aviationstack_kafka_dag, task_id=run_bronze_load, execution_date=20250911T080000, start_date=20250912T030127, end_date=20250912T030127
[2025-09-12T03:01:27.491+0000] {standard_task_runner.py:107} ERROR - Failed to execute job 6 for task run_bronze_load (connection to server at "postgres" (172.18.0.3), port 5432 failed: FATAL:  ***word authentication failed for user "postgres"
; 214)
[2025-09-12T03:01:27.518+0000] {local_task_job_runner.py:234} INFO - Task exited with return code 1
[2025-09-12T03:01:27.528+0000] {taskinstance.py:3280} INFO - 0 downstream tasks scheduled from follow-on schedule check
[2025-09-12T03:36:34.306+0000] {taskinstance.py:1956} INFO - Dependencies all met for dep_context=non-requeueable deps ti=<TaskInstance: aviationstack_kafka_dag.run_bronze_load scheduled__2025-09-11T08:00:00+00:00 [queued]>
[2025-09-12T03:36:34.308+0000] {taskinstance.py:1956} INFO - Dependencies all met for dep_context=requeueable deps ti=<TaskInstance: aviationstack_kafka_dag.run_bronze_load scheduled__2025-09-11T08:00:00+00:00 [queued]>
[2025-09-12T03:36:34.308+0000] {taskinstance.py:2170} INFO - Starting attempt 1 of 1
[2025-09-12T03:36:34.312+0000] {taskinstance.py:2191} INFO - Executing <Task(PythonOperator): run_bronze_load> on 2025-09-11 08:00:00+00:00
[2025-09-12T03:36:34.314+0000] {standard_task_runner.py:60} INFO - Started process 254 to run task
[2025-09-12T03:36:34.316+0000] {standard_task_runner.py:87} INFO - Running: ['airflow', 'tasks', 'run', 'aviationstack_kafka_dag', 'run_bronze_load', 'scheduled__2025-09-11T08:00:00+00:00', '--job-id', '6', '--raw', '--subdir', 'DAGS_FOLDER/aviationstack_dag.py', '--cfg-path', '/tmp/tmpwk1lde2g']
[2025-09-12T03:36:34.317+0000] {standard_task_runner.py:88} INFO - Job 6: Subtask run_bronze_load
[2025-09-12T03:36:34.338+0000] {task_command.py:423} INFO - Running <TaskInstance: aviationstack_kafka_dag.run_bronze_load scheduled__2025-09-11T08:00:00+00:00 [running]> on host f4b8ac862c00
[2025-09-12T03:36:34.366+0000] {taskinstance.py:2480} INFO - Exporting env vars: AIRFLOW_CTX_DAG_OWNER='airflow' AIRFLOW_CTX_DAG_ID='aviationstack_kafka_dag' AIRFLOW_CTX_TASK_ID='run_bronze_load' AIRFLOW_CTX_EXECUTION_DATE='2025-09-11T08:00:00+00:00' AIRFLOW_CTX_TRY_NUMBER='1' AIRFLOW_CTX_DAG_RUN_ID='scheduled__2025-09-11T08:00:00+00:00'
[2025-09-12T03:36:34.377+0000] {base.py:83} INFO - Using connection ID 'postgres_default' for task execution.
[2025-09-12T03:36:34.380+0000] {taskinstance.py:2698} ERROR - Task failed with exception
Traceback (most recent call last):
  File "/home/airflow/.local/lib/python3.11/site-packages/airflow/models/taskinstance.py", line 433, in _execute_task
    result = execute_callable(context=context, **execute_callable_kwargs)
             ^^^^^^^^^^^^^^^^^^^^^^^^^^^^^^^^^^^^^^^^^^^^^^^^^^^^^^^^^^^^
  File "/home/airflow/.local/lib/python3.11/site-packages/airflow/operators/python.py", line 199, in execute
    return_value = self.execute_callable()
                   ^^^^^^^^^^^^^^^^^^^^^^^
  File "/home/airflow/.local/lib/python3.11/site-packages/airflow/operators/python.py", line 216, in execute_callable
    return self.python_callable(*self.op_args, **self.op_kwargs)
           ^^^^^^^^^^^^^^^^^^^^^^^^^^^^^^^^^^^^^^^^^^^^^^^^^^^^^
  File "/opt/airflow/etl/bronze/avstack/bronze_load.py", line 29, in insert_into_bronze_ddl
    conn = hook.get_conn()
           ^^^^^^^^^^^^^^^
  File "/home/airflow/.local/lib/python3.11/site-packages/airflow/providers/postgres/hooks/postgres.py", line 158, in get_conn
    self.conn = psycopg2.connect(**conn_args)
                ^^^^^^^^^^^^^^^^^^^^^^^^^^^^^
  File "/home/airflow/.local/lib/python3.11/site-packages/psycopg2/__init__.py", line 122, in connect
    conn = _connect(dsn, connection_factory=connection_factory, **kwasync)
           ^^^^^^^^^^^^^^^^^^^^^^^^^^^^^^^^^^^^^^^^^^^^^^^^^^^^^^^^^^^^^^^
psycopg2.OperationalError: connection to server at "postgres" (172.18.0.3), port 5432 failed: FATAL:  ***word authentication failed for user "postgres"

[2025-09-12T03:36:34.384+0000] {taskinstance.py:1138} INFO - Marking task as FAILED. dag_id=aviationstack_kafka_dag, task_id=run_bronze_load, execution_date=20250911T080000, start_date=20250912T033634, end_date=20250912T033634
[2025-09-12T03:36:34.387+0000] {standard_task_runner.py:107} ERROR - Failed to execute job 6 for task run_bronze_load (connection to server at "postgres" (172.18.0.3), port 5432 failed: FATAL:  ***word authentication failed for user "postgres"
; 254)
[2025-09-12T03:36:34.412+0000] {local_task_job_runner.py:234} INFO - Task exited with return code 1
[2025-09-12T03:36:34.422+0000] {taskinstance.py:3280} INFO - 0 downstream tasks scheduled from follow-on schedule check
[2025-09-12T03:44:12.447+0000] {taskinstance.py:1956} INFO - Dependencies all met for dep_context=non-requeueable deps ti=<TaskInstance: aviationstack_kafka_dag.run_bronze_load scheduled__2025-09-11T08:00:00+00:00 [queued]>
[2025-09-12T03:44:12.450+0000] {taskinstance.py:1956} INFO - Dependencies all met for dep_context=requeueable deps ti=<TaskInstance: aviationstack_kafka_dag.run_bronze_load scheduled__2025-09-11T08:00:00+00:00 [queued]>
[2025-09-12T03:44:12.450+0000] {taskinstance.py:2170} INFO - Starting attempt 1 of 1
[2025-09-12T03:44:12.454+0000] {taskinstance.py:2191} INFO - Executing <Task(PythonOperator): run_bronze_load> on 2025-09-11 08:00:00+00:00
[2025-09-12T03:44:12.456+0000] {standard_task_runner.py:60} INFO - Started process 224 to run task
[2025-09-12T03:44:12.457+0000] {standard_task_runner.py:87} INFO - Running: ['airflow', 'tasks', 'run', 'aviationstack_kafka_dag', 'run_bronze_load', 'scheduled__2025-09-11T08:00:00+00:00', '--job-id', '7', '--raw', '--subdir', 'DAGS_FOLDER/aviationstack_dag.py', '--cfg-path', '/tmp/tmpovha4mph']
[2025-09-12T03:44:12.458+0000] {standard_task_runner.py:88} INFO - Job 7: Subtask run_bronze_load
[2025-09-12T03:44:12.482+0000] {task_command.py:423} INFO - Running <TaskInstance: aviationstack_kafka_dag.run_bronze_load scheduled__2025-09-11T08:00:00+00:00 [running]> on host 33b82dfba2b0
[2025-09-12T03:44:12.510+0000] {taskinstance.py:2480} INFO - Exporting env vars: AIRFLOW_CTX_DAG_OWNER='airflow' AIRFLOW_CTX_DAG_ID='aviationstack_kafka_dag' AIRFLOW_CTX_TASK_ID='run_bronze_load' AIRFLOW_CTX_EXECUTION_DATE='2025-09-11T08:00:00+00:00' AIRFLOW_CTX_TRY_NUMBER='1' AIRFLOW_CTX_DAG_RUN_ID='scheduled__2025-09-11T08:00:00+00:00'
[2025-09-12T03:44:12.521+0000] {base.py:83} INFO - Using connection ID 'postgres_default' for task execution.
[2025-09-12T03:44:12.524+0000] {logging_mixin.py:188} INFO - [INFO] Reading data from JSON file
[2025-09-12T03:44:12.524+0000] {taskinstance.py:2698} ERROR - Task failed with exception
Traceback (most recent call last):
  File "/home/airflow/.local/lib/python3.11/site-packages/airflow/models/taskinstance.py", line 433, in _execute_task
    result = execute_callable(context=context, **execute_callable_kwargs)
             ^^^^^^^^^^^^^^^^^^^^^^^^^^^^^^^^^^^^^^^^^^^^^^^^^^^^^^^^^^^^
  File "/home/airflow/.local/lib/python3.11/site-packages/airflow/operators/python.py", line 199, in execute
    return_value = self.execute_callable()
                   ^^^^^^^^^^^^^^^^^^^^^^^
  File "/home/airflow/.local/lib/python3.11/site-packages/airflow/operators/python.py", line 216, in execute_callable
    return self.python_callable(*self.op_args, **self.op_kwargs)
           ^^^^^^^^^^^^^^^^^^^^^^^^^^^^^^^^^^^^^^^^^^^^^^^^^^^^^
  File "/opt/airflow/etl/bronze/avstack/bronze_load.py", line 33, in insert_into_bronze_ddl
    with open(filepath, "r") as f:
         ^^^^^^^^^^^^^^^^^^^
TypeError: expected str, bytes or os.PathLike object, not NoneType
[2025-09-12T03:44:12.528+0000] {taskinstance.py:1138} INFO - Marking task as FAILED. dag_id=aviationstack_kafka_dag, task_id=run_bronze_load, execution_date=20250911T080000, start_date=20250912T034412, end_date=20250912T034412
[2025-09-12T03:44:12.531+0000] {standard_task_runner.py:107} ERROR - Failed to execute job 7 for task run_bronze_load (expected str, bytes or os.PathLike object, not NoneType; 224)
[2025-09-12T03:44:12.554+0000] {local_task_job_runner.py:234} INFO - Task exited with return code 1
[2025-09-12T03:44:12.564+0000] {taskinstance.py:3280} INFO - 0 downstream tasks scheduled from follow-on schedule check
[2025-09-12T03:56:43.186+0000] {taskinstance.py:1956} INFO - Dependencies all met for dep_context=non-requeueable deps ti=<TaskInstance: aviationstack_kafka_dag.run_bronze_load scheduled__2025-09-11T08:00:00+00:00 [queued]>
[2025-09-12T03:56:43.189+0000] {taskinstance.py:1956} INFO - Dependencies all met for dep_context=requeueable deps ti=<TaskInstance: aviationstack_kafka_dag.run_bronze_load scheduled__2025-09-11T08:00:00+00:00 [queued]>
[2025-09-12T03:56:43.189+0000] {taskinstance.py:2170} INFO - Starting attempt 1 of 1
[2025-09-12T03:56:43.193+0000] {taskinstance.py:2191} INFO - Executing <Task(PythonOperator): run_bronze_load> on 2025-09-11 08:00:00+00:00
[2025-09-12T03:56:43.195+0000] {standard_task_runner.py:60} INFO - Started process 334 to run task
[2025-09-12T03:56:43.196+0000] {standard_task_runner.py:87} INFO - Running: ['airflow', 'tasks', 'run', 'aviationstack_kafka_dag', 'run_bronze_load', 'scheduled__2025-09-11T08:00:00+00:00', '--job-id', '6', '--raw', '--subdir', 'DAGS_FOLDER/aviationstack_dag.py', '--cfg-path', '/tmp/tmpmzv_c3qq']
[2025-09-12T03:56:43.197+0000] {standard_task_runner.py:88} INFO - Job 6: Subtask run_bronze_load
[2025-09-12T03:56:43.218+0000] {task_command.py:423} INFO - Running <TaskInstance: aviationstack_kafka_dag.run_bronze_load scheduled__2025-09-11T08:00:00+00:00 [running]> on host d9a167701a42
[2025-09-12T03:56:43.245+0000] {taskinstance.py:2480} INFO - Exporting env vars: AIRFLOW_CTX_DAG_OWNER='airflow' AIRFLOW_CTX_DAG_ID='aviationstack_kafka_dag' AIRFLOW_CTX_TASK_ID='run_bronze_load' AIRFLOW_CTX_EXECUTION_DATE='2025-09-11T08:00:00+00:00' AIRFLOW_CTX_TRY_NUMBER='1' AIRFLOW_CTX_DAG_RUN_ID='scheduled__2025-09-11T08:00:00+00:00'
[2025-09-12T03:56:43.256+0000] {base.py:83} INFO - Using connection ID 'postgres_default' for task execution.
[2025-09-12T03:56:43.259+0000] {taskinstance.py:2698} ERROR - Task failed with exception
Traceback (most recent call last):
  File "/home/airflow/.local/lib/python3.11/site-packages/airflow/models/taskinstance.py", line 433, in _execute_task
    result = execute_callable(context=context, **execute_callable_kwargs)
             ^^^^^^^^^^^^^^^^^^^^^^^^^^^^^^^^^^^^^^^^^^^^^^^^^^^^^^^^^^^^
  File "/home/airflow/.local/lib/python3.11/site-packages/airflow/operators/python.py", line 199, in execute
    return_value = self.execute_callable()
                   ^^^^^^^^^^^^^^^^^^^^^^^
  File "/home/airflow/.local/lib/python3.11/site-packages/airflow/operators/python.py", line 216, in execute_callable
    return self.python_callable(*self.op_args, **self.op_kwargs)
           ^^^^^^^^^^^^^^^^^^^^^^^^^^^^^^^^^^^^^^^^^^^^^^^^^^^^^
  File "/opt/airflow/etl/bronze/avstack/bronze_load.py", line 29, in insert_into_bronze_ddl
    conn = hook.get_conn()
           ^^^^^^^^^^^^^^^
  File "/home/airflow/.local/lib/python3.11/site-packages/airflow/providers/postgres/hooks/postgres.py", line 158, in get_conn
    self.conn = psycopg2.connect(**conn_args)
                ^^^^^^^^^^^^^^^^^^^^^^^^^^^^^
  File "/home/airflow/.local/lib/python3.11/site-packages/psycopg2/__init__.py", line 122, in connect
    conn = _connect(dsn, connection_factory=connection_factory, **kwasync)
           ^^^^^^^^^^^^^^^^^^^^^^^^^^^^^^^^^^^^^^^^^^^^^^^^^^^^^^^^^^^^^^^
psycopg2.OperationalError: connection to server at "postgres" (172.18.0.3), port 5432 failed: FATAL:  ***word authentication failed for user "postgres"

[2025-09-12T03:56:43.263+0000] {taskinstance.py:1138} INFO - Marking task as FAILED. dag_id=aviationstack_kafka_dag, task_id=run_bronze_load, execution_date=20250911T080000, start_date=20250912T035643, end_date=20250912T035643
[2025-09-12T03:56:43.267+0000] {standard_task_runner.py:107} ERROR - Failed to execute job 6 for task run_bronze_load (connection to server at "postgres" (172.18.0.3), port 5432 failed: FATAL:  ***word authentication failed for user "postgres"
; 334)
[2025-09-12T03:56:43.293+0000] {local_task_job_runner.py:234} INFO - Task exited with return code 1
[2025-09-12T03:56:43.304+0000] {taskinstance.py:3280} INFO - 0 downstream tasks scheduled from follow-on schedule check
