[2025-09-16T02:25:04.520+0000] {taskinstance.py:1956} INFO - Dependencies all met for dep_context=non-requeueable deps ti=<TaskInstance: opensky_pipeline_dag.dbt_run_silver manual__2025-09-16T02:24:46.049465+00:00 [queued]>
[2025-09-16T02:25:04.522+0000] {taskinstance.py:1956} INFO - Dependencies all met for dep_context=requeueable deps ti=<TaskInstance: opensky_pipeline_dag.dbt_run_silver manual__2025-09-16T02:24:46.049465+00:00 [queued]>
[2025-09-16T02:25:04.522+0000] {taskinstance.py:2170} INFO - Starting attempt 1 of 1
[2025-09-16T02:25:04.526+0000] {taskinstance.py:2191} INFO - Executing <Task(BashOperator): dbt_run_silver> on 2025-09-16 02:24:46.049465+00:00
[2025-09-16T02:25:04.528+0000] {standard_task_runner.py:60} INFO - Started process 576 to run task
[2025-09-16T02:25:04.529+0000] {standard_task_runner.py:87} INFO - Running: ['airflow', 'tasks', 'run', 'opensky_pipeline_dag', 'dbt_run_silver', 'manual__2025-09-16T02:24:46.049465+00:00', '--job-id', '19', '--raw', '--subdir', 'DAGS_FOLDER/opensky_dag_slow.py', '--cfg-path', '/tmp/tmpmj3osjj0']
[2025-09-16T02:25:04.529+0000] {standard_task_runner.py:88} INFO - Job 19: Subtask dbt_run_silver
[2025-09-16T02:25:04.546+0000] {task_command.py:423} INFO - Running <TaskInstance: opensky_pipeline_dag.dbt_run_silver manual__2025-09-16T02:24:46.049465+00:00 [running]> on host f5313bc6bf01
[2025-09-16T02:25:04.573+0000] {taskinstance.py:2480} INFO - Exporting env vars: AIRFLOW_CTX_DAG_OWNER='airflow' AIRFLOW_CTX_DAG_ID='opensky_pipeline_dag' AIRFLOW_CTX_TASK_ID='dbt_run_silver' AIRFLOW_CTX_EXECUTION_DATE='2025-09-16T02:24:46.049465+00:00' AIRFLOW_CTX_TRY_NUMBER='1' AIRFLOW_CTX_DAG_RUN_ID='manual__2025-09-16T02:24:46.049465+00:00'
[2025-09-16T02:25:04.574+0000] {subprocess.py:63} INFO - Tmp dir root location: /tmp
[2025-09-16T02:25:04.574+0000] {subprocess.py:75} INFO - Running command: ['/usr/bin/bash', '-c', 'cd /opt/airflow/flightweather_dbt && dbt run --select tag:silver --profiles-dir .']
[2025-09-16T02:25:04.577+0000] {subprocess.py:86} INFO - Output:
[2025-09-16T02:25:05.103+0000] {subprocess.py:93} INFO - [0m02:25:05  Running with dbt=1.10.11
[2025-09-16T02:25:05.185+0000] {subprocess.py:93} INFO - [0m02:25:05  Registered adapter: postgres=1.9.1
[2025-09-16T02:25:05.368+0000] {subprocess.py:93} INFO - [0m02:25:05  Found 3 models, 1 source, 434 macros
[2025-09-16T02:25:05.369+0000] {subprocess.py:93} INFO - [0m02:25:05
[2025-09-16T02:25:05.370+0000] {subprocess.py:93} INFO - [0m02:25:05  Concurrency: 2 threads (target='dev')
[2025-09-16T02:25:05.370+0000] {subprocess.py:93} INFO - [0m02:25:05
[2025-09-16T02:25:05.429+0000] {subprocess.py:93} INFO - [0m02:25:05  1 of 2 START sql incremental model opensky.silver_main_table ................... [RUN]
[2025-09-16T02:25:05.429+0000] {subprocess.py:93} INFO - [0m02:25:05  2 of 2 START sql incremental model opensky.silver_secondary_table .............. [RUN]
[2025-09-16T02:25:05.514+0000] {subprocess.py:93} INFO - [0m02:25:05  1 of 2 OK created sql incremental model opensky.silver_main_table .............. [[32mINSERT 0 6901[0m in 0.08s]
[2025-09-16T02:25:05.515+0000] {subprocess.py:93} INFO - [0m02:25:05  2 of 2 OK created sql incremental model opensky.silver_secondary_table ......... [[32mINSERT 0 6968[0m in 0.08s]
[2025-09-16T02:25:05.520+0000] {subprocess.py:93} INFO - [0m02:25:05
[2025-09-16T02:25:05.521+0000] {subprocess.py:93} INFO - [0m02:25:05  Finished running 2 incremental models in 0 hours 0 minutes and 0.15 seconds (0.15s).
[2025-09-16T02:25:05.537+0000] {subprocess.py:93} INFO - [0m02:25:05
[2025-09-16T02:25:05.537+0000] {subprocess.py:93} INFO - [0m02:25:05  [32mCompleted successfully[0m
[2025-09-16T02:25:05.537+0000] {subprocess.py:93} INFO - [0m02:25:05
[2025-09-16T02:25:05.537+0000] {subprocess.py:93} INFO - [0m02:25:05  Done. PASS=2 WARN=0 ERROR=0 SKIP=0 NO-OP=0 TOTAL=2
[2025-09-16T02:25:06.613+0000] {subprocess.py:97} INFO - Command exited with return code 0
[2025-09-16T02:25:06.624+0000] {taskinstance.py:1138} INFO - Marking task as SUCCESS. dag_id=opensky_pipeline_dag, task_id=dbt_run_silver, execution_date=20250916T022446, start_date=20250916T022504, end_date=20250916T022506
[2025-09-16T02:25:06.657+0000] {local_task_job_runner.py:234} INFO - Task exited with return code 0
[2025-09-16T02:25:06.666+0000] {taskinstance.py:3280} INFO - 1 downstream tasks scheduled from follow-on schedule check
