[2025-09-17T01:45:35.452+0000] {taskinstance.py:1956} INFO - Dependencies all met for dep_context=non-requeueable deps ti=<TaskInstance: opensky_data_streaming_dag.stop_streaming manual__2025-09-17T01:44:33.195534+00:00 [queued]>
[2025-09-17T01:45:35.455+0000] {taskinstance.py:1956} INFO - Dependencies all met for dep_context=requeueable deps ti=<TaskInstance: opensky_data_streaming_dag.stop_streaming manual__2025-09-17T01:44:33.195534+00:00 [queued]>
[2025-09-17T01:45:35.455+0000] {taskinstance.py:2170} INFO - Starting attempt 1 of 1
[2025-09-17T01:45:35.459+0000] {taskinstance.py:2191} INFO - Executing <Task(BashOperator): stop_streaming> on 2025-09-17 01:44:33.195534+00:00
[2025-09-17T01:45:35.461+0000] {standard_task_runner.py:60} INFO - Started process 443 to run task
[2025-09-17T01:45:35.463+0000] {standard_task_runner.py:87} INFO - Running: ['airflow', 'tasks', 'run', 'opensky_data_streaming_dag', 'stop_streaming', 'manual__2025-09-17T01:44:33.195534+00:00', '--job-id', '6', '--raw', '--subdir', 'DAGS_FOLDER/opensky_data_streaming_dag.py', '--cfg-path', '/tmp/tmp6v1he6lk']
[2025-09-17T01:45:35.464+0000] {standard_task_runner.py:88} INFO - Job 6: Subtask stop_streaming
[2025-09-17T01:45:35.485+0000] {task_command.py:423} INFO - Running <TaskInstance: opensky_data_streaming_dag.stop_streaming manual__2025-09-17T01:44:33.195534+00:00 [running]> on host 65c8631451a4
[2025-09-17T01:45:35.512+0000] {taskinstance.py:2480} INFO - Exporting env vars: AIRFLOW_CTX_DAG_OWNER='airflow' AIRFLOW_CTX_DAG_ID='opensky_data_streaming_dag' AIRFLOW_CTX_TASK_ID='stop_streaming' AIRFLOW_CTX_EXECUTION_DATE='2025-09-17T01:44:33.195534+00:00' AIRFLOW_CTX_TRY_NUMBER='1' AIRFLOW_CTX_DAG_RUN_ID='manual__2025-09-17T01:44:33.195534+00:00'
[2025-09-17T01:45:35.512+0000] {subprocess.py:63} INFO - Tmp dir root location: /tmp
[2025-09-17T01:45:35.512+0000] {subprocess.py:75} INFO - Running command: ['/usr/bin/bash', '-c', '\n        if [ -f /opt/airflow/data/streaming.pid ]; then\n        kill -9 $(cat /opt/airflow/data/streaming.pid) && rm /opt/airflow/data/streaming.pid\n        else\n        echo "No process to kill"\n        fi\n    ']
[2025-09-17T01:45:35.516+0000] {subprocess.py:86} INFO - Output:
[2025-09-17T01:45:35.520+0000] {subprocess.py:93} INFO - rm: cannot remove '/opt/airflow/data/streaming.pid': No such file or directory
[2025-09-17T01:45:35.520+0000] {subprocess.py:97} INFO - Command exited with return code 1
[2025-09-17T01:45:35.525+0000] {taskinstance.py:2698} ERROR - Task failed with exception
Traceback (most recent call last):
  File "/home/airflow/.local/lib/python3.11/site-packages/airflow/models/taskinstance.py", line 433, in _execute_task
    result = execute_callable(context=context, **execute_callable_kwargs)
             ^^^^^^^^^^^^^^^^^^^^^^^^^^^^^^^^^^^^^^^^^^^^^^^^^^^^^^^^^^^^
  File "/home/airflow/.local/lib/python3.11/site-packages/airflow/operators/bash.py", line 212, in execute
    raise AirflowException(
airflow.exceptions.AirflowException: Bash command failed. The command returned a non-zero exit code 1.
[2025-09-17T01:45:35.526+0000] {taskinstance.py:1138} INFO - Marking task as FAILED. dag_id=opensky_data_streaming_dag, task_id=stop_streaming, execution_date=20250917T014433, start_date=20250917T014535, end_date=20250917T014535
[2025-09-17T01:45:35.530+0000] {standard_task_runner.py:107} ERROR - Failed to execute job 6 for task stop_streaming (Bash command failed. The command returned a non-zero exit code 1.; 443)
[2025-09-17T01:45:35.562+0000] {local_task_job_runner.py:234} INFO - Task exited with return code 1
[2025-09-17T01:45:35.569+0000] {taskinstance.py:3280} INFO - 0 downstream tasks scheduled from follow-on schedule check
