[2025-09-11T08:00:12.360+0000] {taskinstance.py:1956} INFO - Dependencies all met for dep_context=non-requeueable deps ti=<TaskInstance: aviationstack_kafka_dag.run_gold_load scheduled__2025-09-11T04:00:00+00:00 [queued]>
[2025-09-11T08:00:12.363+0000] {taskinstance.py:1956} INFO - Dependencies all met for dep_context=requeueable deps ti=<TaskInstance: aviationstack_kafka_dag.run_gold_load scheduled__2025-09-11T04:00:00+00:00 [queued]>
[2025-09-11T08:00:12.363+0000] {taskinstance.py:2170} INFO - Starting attempt 1 of 1
[2025-09-11T08:00:12.366+0000] {taskinstance.py:2191} INFO - Executing <Task(PythonOperator): run_gold_load> on 2025-09-11 04:00:00+00:00
[2025-09-11T08:00:12.368+0000] {standard_task_runner.py:60} INFO - Started process 3068 to run task
[2025-09-11T08:00:12.369+0000] {standard_task_runner.py:87} INFO - Running: ['airflow', 'tasks', 'run', 'aviationstack_kafka_dag', 'run_gold_load', 'scheduled__2025-09-11T04:00:00+00:00', '--job-id', '18', '--raw', '--subdir', 'DAGS_FOLDER/aviationstack_dag.py', '--cfg-path', '/tmp/tmpvplmn0zw']
[2025-09-11T08:00:12.370+0000] {standard_task_runner.py:88} INFO - Job 18: Subtask run_gold_load
[2025-09-11T08:00:12.388+0000] {task_command.py:423} INFO - Running <TaskInstance: aviationstack_kafka_dag.run_gold_load scheduled__2025-09-11T04:00:00+00:00 [running]> on host d46a8dc9e93f
[2025-09-11T08:00:12.413+0000] {taskinstance.py:2480} INFO - Exporting env vars: AIRFLOW_CTX_DAG_OWNER='airflow' AIRFLOW_CTX_DAG_ID='aviationstack_kafka_dag' AIRFLOW_CTX_TASK_ID='run_gold_load' AIRFLOW_CTX_EXECUTION_DATE='2025-09-11T04:00:00+00:00' AIRFLOW_CTX_TRY_NUMBER='1' AIRFLOW_CTX_DAG_RUN_ID='scheduled__2025-09-11T04:00:00+00:00'
[2025-09-11T08:00:12.420+0000] {base.py:83} INFO - Using connection ID 'postgres_default' for task execution.
[2025-09-11T08:00:12.423+0000] {logging_mixin.py:188} INFO - [INFO] Starting to load data into gold layer
[2025-09-11T08:00:12.423+0000] {logging_mixin.py:188} INFO - Working on timezone
[2025-09-11T08:00:12.424+0000] {logging_mixin.py:188} INFO - Completed timezone
[2025-09-11T08:00:12.424+0000] {logging_mixin.py:188} INFO - Working on airline
[2025-09-11T08:00:12.424+0000] {logging_mixin.py:188} INFO - Completed airline
[2025-09-11T08:00:12.424+0000] {logging_mixin.py:188} INFO - Working on airport
[2025-09-11T08:00:12.425+0000] {logging_mixin.py:188} INFO - Completed airport
[2025-09-11T08:00:12.425+0000] {logging_mixin.py:188} INFO - Working on flight
[2025-09-11T08:00:12.429+0000] {logging_mixin.py:188} INFO - Completed flight
[2025-09-11T08:00:12.429+0000] {logging_mixin.py:188} INFO - Working on arr_dept_table
[2025-09-11T08:00:12.437+0000] {logging_mixin.py:188} INFO - Completed arr_dept table
[2025-09-11T08:00:12.437+0000] {logging_mixin.py:188} INFO - Working on departure table
[2025-09-11T08:00:12.442+0000] {logging_mixin.py:188} INFO - Completed departure table
[2025-09-11T08:00:12.442+0000] {logging_mixin.py:188} INFO - Working on arrival table
[2025-09-11T08:00:12.456+0000] {logging_mixin.py:188} INFO - Completed arrival table
[2025-09-11T08:00:12.456+0000] {logging_mixin.py:188} INFO - [INFO] Completed gold layer
[2025-09-11T08:00:12.456+0000] {python.py:201} INFO - Done. Returned value was: None
[2025-09-11T08:00:12.459+0000] {taskinstance.py:1138} INFO - Marking task as SUCCESS. dag_id=aviationstack_kafka_dag, task_id=run_gold_load, execution_date=20250911T040000, start_date=20250911T080012, end_date=20250911T080012
[2025-09-11T08:00:12.468+0000] {local_task_job_runner.py:234} INFO - Task exited with return code 0
[2025-09-11T08:00:12.475+0000] {taskinstance.py:3280} INFO - 0 downstream tasks scheduled from follow-on schedule check
