[2025-09-17T06:26:38.348+0000] {taskinstance.py:1956} INFO - Dependencies all met for dep_context=non-requeueable deps ti=<TaskInstance: opensky_data_pipeline_dag.dbt_run_silver manual__2025-09-17T06:26:15.071251+00:00 [queued]>
[2025-09-17T06:26:38.350+0000] {taskinstance.py:1956} INFO - Dependencies all met for dep_context=requeueable deps ti=<TaskInstance: opensky_data_pipeline_dag.dbt_run_silver manual__2025-09-17T06:26:15.071251+00:00 [queued]>
[2025-09-17T06:26:38.350+0000] {taskinstance.py:2170} INFO - Starting attempt 1 of 1
[2025-09-17T06:26:38.354+0000] {taskinstance.py:2191} INFO - Executing <Task(BashOperator): dbt_run_silver> on 2025-09-17 06:26:15.071251+00:00
[2025-09-17T06:26:38.356+0000] {standard_task_runner.py:60} INFO - Started process 8432 to run task
[2025-09-17T06:26:38.357+0000] {standard_task_runner.py:87} INFO - Running: ['airflow', 'tasks', 'run', 'opensky_data_pipeline_dag', 'dbt_run_silver', 'manual__2025-09-17T06:26:15.071251+00:00', '--job-id', '45', '--raw', '--subdir', 'DAGS_FOLDER/opensky_data_pipeline_dag.py', '--cfg-path', '/tmp/tmpxvhvz1n5']
[2025-09-17T06:26:38.358+0000] {standard_task_runner.py:88} INFO - Job 45: Subtask dbt_run_silver
[2025-09-17T06:26:38.375+0000] {task_command.py:423} INFO - Running <TaskInstance: opensky_data_pipeline_dag.dbt_run_silver manual__2025-09-17T06:26:15.071251+00:00 [running]> on host 769d9d26935d
[2025-09-17T06:26:38.474+0000] {taskinstance.py:2480} INFO - Exporting env vars: AIRFLOW_CTX_DAG_OWNER='airflow' AIRFLOW_CTX_DAG_ID='opensky_data_pipeline_dag' AIRFLOW_CTX_TASK_ID='dbt_run_silver' AIRFLOW_CTX_EXECUTION_DATE='2025-09-17T06:26:15.071251+00:00' AIRFLOW_CTX_TRY_NUMBER='1' AIRFLOW_CTX_DAG_RUN_ID='manual__2025-09-17T06:26:15.071251+00:00'
[2025-09-17T06:26:38.474+0000] {subprocess.py:63} INFO - Tmp dir root location: /tmp
[2025-09-17T06:26:38.475+0000] {subprocess.py:75} INFO - Running command: ['/usr/bin/bash', '-c', 'cd /opt/airflow/flightweather_dbt && dbt run --select tag:silver --profiles-dir .']
[2025-09-17T06:26:38.478+0000] {subprocess.py:86} INFO - Output:
[2025-09-17T06:26:38.982+0000] {subprocess.py:93} INFO - [0m06:26:38  Running with dbt=1.10.11
[2025-09-17T06:26:39.060+0000] {subprocess.py:93} INFO - [0m06:26:39  Registered adapter: postgres=1.9.1
[2025-09-17T06:26:39.181+0000] {subprocess.py:93} INFO - [0m06:26:39  Encountered an error:
[2025-09-17T06:26:39.181+0000] {subprocess.py:93} INFO - Compilation Error in model gold_flight_stats_by_country (models/opensky/gold_flight_stats_by_country.sql)
[2025-09-17T06:26:39.182+0000] {subprocess.py:93} INFO -   'None' has no attribute 'table'. This can happen when calling a macro that does not exist. Check for typos and/or install package dependencies with "dbt deps".
[2025-09-17T06:26:40.438+0000] {subprocess.py:97} INFO - Command exited with return code 2
[2025-09-17T06:26:40.443+0000] {taskinstance.py:2698} ERROR - Task failed with exception
Traceback (most recent call last):
  File "/home/airflow/.local/lib/python3.11/site-packages/airflow/models/taskinstance.py", line 433, in _execute_task
    result = execute_callable(context=context, **execute_callable_kwargs)
             ^^^^^^^^^^^^^^^^^^^^^^^^^^^^^^^^^^^^^^^^^^^^^^^^^^^^^^^^^^^^
  File "/home/airflow/.local/lib/python3.11/site-packages/airflow/operators/bash.py", line 212, in execute
    raise AirflowException(
airflow.exceptions.AirflowException: Bash command failed. The command returned a non-zero exit code 2.
[2025-09-17T06:26:40.444+0000] {taskinstance.py:1138} INFO - Marking task as FAILED. dag_id=opensky_data_pipeline_dag, task_id=dbt_run_silver, execution_date=20250917T062615, start_date=20250917T062638, end_date=20250917T062640
[2025-09-17T06:26:40.449+0000] {standard_task_runner.py:107} ERROR - Failed to execute job 45 for task dbt_run_silver (Bash command failed. The command returned a non-zero exit code 2.; 8432)
[2025-09-17T06:26:40.491+0000] {local_task_job_runner.py:234} INFO - Task exited with return code 1
[2025-09-17T06:26:40.501+0000] {taskinstance.py:3280} INFO - 0 downstream tasks scheduled from follow-on schedule check
