[2025-09-11T03:52:56.265+0000] {taskinstance.py:1956} INFO - Dependencies all met for dep_context=non-requeueable deps ti=<TaskInstance: aviationstack_kafka_dag.run_silver_load manual__2025-09-11T03:52:54.033855+00:00 [queued]>
[2025-09-11T03:52:56.267+0000] {taskinstance.py:1956} INFO - Dependencies all met for dep_context=requeueable deps ti=<TaskInstance: aviationstack_kafka_dag.run_silver_load manual__2025-09-11T03:52:54.033855+00:00 [queued]>
[2025-09-11T03:52:56.267+0000] {taskinstance.py:2170} INFO - Starting attempt 1 of 1
[2025-09-11T03:52:56.271+0000] {taskinstance.py:2191} INFO - Executing <Task(PythonOperator): run_silver_load> on 2025-09-11 03:52:54.033855+00:00
[2025-09-11T03:52:56.272+0000] {standard_task_runner.py:60} INFO - Started process 1013 to run task
[2025-09-11T03:52:56.274+0000] {standard_task_runner.py:87} INFO - Running: ['airflow', 'tasks', 'run', 'aviationstack_kafka_dag', 'run_silver_load', 'manual__2025-09-11T03:52:54.033855+00:00', '--job-id', '14', '--raw', '--subdir', 'DAGS_FOLDER/aviationstack_dag.py', '--cfg-path', '/tmp/tmpnu9mlbbq']
[2025-09-11T03:52:56.275+0000] {standard_task_runner.py:88} INFO - Job 14: Subtask run_silver_load
[2025-09-11T03:52:56.281+0000] {logging_mixin.py:188} WARNING - /home/airflow/.local/lib/python3.11/site-packages/airflow/settings.py:194 DeprecationWarning: The sql_alchemy_conn option in [core] has been moved to the sql_alchemy_conn option in [database] - the old setting has been used, but please update your config.
[2025-09-11T03:52:56.293+0000] {task_command.py:423} INFO - Running <TaskInstance: aviationstack_kafka_dag.run_silver_load manual__2025-09-11T03:52:54.033855+00:00 [running]> on host 81f5a06342ec
[2025-09-11T03:52:56.321+0000] {taskinstance.py:2480} INFO - Exporting env vars: AIRFLOW_CTX_DAG_OWNER='airflow' AIRFLOW_CTX_DAG_ID='aviationstack_kafka_dag' AIRFLOW_CTX_TASK_ID='run_silver_load' AIRFLOW_CTX_EXECUTION_DATE='2025-09-11T03:52:54.033855+00:00' AIRFLOW_CTX_TRY_NUMBER='1' AIRFLOW_CTX_DAG_RUN_ID='manual__2025-09-11T03:52:54.033855+00:00'
[2025-09-11T03:52:56.321+0000] {logging_mixin.py:188} INFO - [INFO] Start to load data into silver tables.
[2025-09-11T03:52:58.569+0000] {logging_mixin.py:188} INFO - [DEBUG] Latest processing time: 2025-09-11 03:32:34.308415
[2025-09-11T03:52:58.956+0000] {logging_mixin.py:188} INFO - [INFO] Loading data into silver_flight_info
[2025-09-11T03:52:58.957+0000] {logging_mixin.py:188} INFO - Starting cleaning and transformation process. avstack.bronze_info -> avstack.silver_flight_info
[2025-09-11T03:52:59.495+0000] {logging_mixin.py:188} INFO - Completed cleaning and tranformation process. avstack.bronze_info -> avstack.silver_flight_info
[2025-09-11T03:52:59.565+0000] {logging_mixin.py:188} INFO - Original record count: 95
[2025-09-11T03:52:59.641+0000] {logging_mixin.py:188} INFO - Cleaned record count: 94
[2025-09-11T03:52:59.642+0000] {logging_mixin.py:188} INFO - [INFO] Successfully loaded data into silver_flight_info
[2025-09-11T03:52:59.642+0000] {logging_mixin.py:188} INFO - [INFO] Loading data into silver_dept_info
[2025-09-11T03:52:59.642+0000] {logging_mixin.py:188} INFO - Starting cleaning and transformation process. avstack.bronze_info -> avstack.silver_dept_info
[2025-09-11T03:52:59.841+0000] {logging_mixin.py:188} INFO - Completed cleaning and tranformation process. avstack.bronze_info -> avstack.silver_dept_info
[2025-09-11T03:52:59.879+0000] {logging_mixin.py:188} INFO - Original record count: 95
[2025-09-11T03:52:59.937+0000] {logging_mixin.py:188} INFO - Cleaned record count: 94
[2025-09-11T03:52:59.938+0000] {logging_mixin.py:188} INFO - [INFO] Successfully loaded data into silver_dept_info
[2025-09-11T03:52:59.938+0000] {logging_mixin.py:188} INFO - [INFO] Loading data into silver_arr_info
[2025-09-11T03:52:59.938+0000] {logging_mixin.py:188} INFO - Starting cleaning and transformation process. avstack.bronze_info -> avstack.silver_arr_info
[2025-09-11T03:53:00.090+0000] {logging_mixin.py:188} INFO - Completed cleaning and tranformation process. avstack.bronze_info -> avstack.silver_arr_info
[2025-09-11T03:53:00.123+0000] {logging_mixin.py:188} INFO - Original record count: 95
[2025-09-11T03:53:00.165+0000] {logging_mixin.py:188} INFO - Cleaned record count: 94
[2025-09-11T03:53:00.165+0000] {logging_mixin.py:188} INFO - [INFO] Successfully loaded data into silver_arr_info
[2025-09-11T03:53:00.165+0000] {python.py:201} INFO - Done. Returned value was: None
[2025-09-11T03:53:00.171+0000] {taskinstance.py:1138} INFO - Marking task as SUCCESS. dag_id=aviationstack_kafka_dag, task_id=run_silver_load, execution_date=20250911T035254, start_date=20250911T035256, end_date=20250911T035300
[2025-09-11T03:53:00.195+0000] {local_task_job_runner.py:234} INFO - Task exited with return code 0
[2025-09-11T03:53:00.207+0000] {taskinstance.py:3280} INFO - 1 downstream tasks scheduled from follow-on schedule check
