[2025-09-12T03:23:21.000+0000] {taskinstance.py:1956} INFO - Dependencies all met for dep_context=non-requeueable deps ti=<TaskInstance: aviationstack_kafka_dag.run_bronze_load manual__2025-09-12T03:23:08.009268+00:00 [queued]>
[2025-09-12T03:23:21.002+0000] {taskinstance.py:1956} INFO - Dependencies all met for dep_context=requeueable deps ti=<TaskInstance: aviationstack_kafka_dag.run_bronze_load manual__2025-09-12T03:23:08.009268+00:00 [queued]>
[2025-09-12T03:23:21.002+0000] {taskinstance.py:2170} INFO - Starting attempt 1 of 1
[2025-09-12T03:23:21.006+0000] {taskinstance.py:2191} INFO - Executing <Task(PythonOperator): run_bronze_load> on 2025-09-12 03:23:08.009268+00:00
[2025-09-12T03:23:21.008+0000] {standard_task_runner.py:60} INFO - Started process 207 to run task
[2025-09-12T03:23:21.009+0000] {standard_task_runner.py:87} INFO - Running: ['airflow', 'tasks', 'run', 'aviationstack_kafka_dag', 'run_bronze_load', 'manual__2025-09-12T03:23:08.009268+00:00', '--job-id', '16', '--raw', '--subdir', 'DAGS_FOLDER/aviationstack_dag.py', '--cfg-path', '/tmp/tmpykkrd4li']
[2025-09-12T03:23:21.010+0000] {standard_task_runner.py:88} INFO - Job 16: Subtask run_bronze_load
[2025-09-12T03:23:21.030+0000] {task_command.py:423} INFO - Running <TaskInstance: aviationstack_kafka_dag.run_bronze_load manual__2025-09-12T03:23:08.009268+00:00 [running]> on host f8e9c153be16
[2025-09-12T03:23:21.055+0000] {taskinstance.py:2480} INFO - Exporting env vars: AIRFLOW_CTX_DAG_OWNER='airflow' AIRFLOW_CTX_DAG_ID='aviationstack_kafka_dag' AIRFLOW_CTX_TASK_ID='run_bronze_load' AIRFLOW_CTX_EXECUTION_DATE='2025-09-12T03:23:08.009268+00:00' AIRFLOW_CTX_TRY_NUMBER='1' AIRFLOW_CTX_DAG_RUN_ID='manual__2025-09-12T03:23:08.009268+00:00'
[2025-09-12T03:23:21.066+0000] {base.py:83} INFO - Using connection ID 'postgres_default' for task execution.
[2025-09-12T03:23:21.068+0000] {logging_mixin.py:188} INFO - [INFO] Reading data from JSON file
[2025-09-12T03:23:21.069+0000] {taskinstance.py:2698} ERROR - Task failed with exception
Traceback (most recent call last):
  File "/home/airflow/.local/lib/python3.11/site-packages/airflow/models/taskinstance.py", line 433, in _execute_task
    result = execute_callable(context=context, **execute_callable_kwargs)
             ^^^^^^^^^^^^^^^^^^^^^^^^^^^^^^^^^^^^^^^^^^^^^^^^^^^^^^^^^^^^
  File "/home/airflow/.local/lib/python3.11/site-packages/airflow/operators/python.py", line 199, in execute
    return_value = self.execute_callable()
                   ^^^^^^^^^^^^^^^^^^^^^^^
  File "/home/airflow/.local/lib/python3.11/site-packages/airflow/operators/python.py", line 216, in execute_callable
    return self.python_callable(*self.op_args, **self.op_kwargs)
           ^^^^^^^^^^^^^^^^^^^^^^^^^^^^^^^^^^^^^^^^^^^^^^^^^^^^^
  File "/opt/airflow/etl/bronze/avstack/bronze_load.py", line 33, in insert_into_bronze_ddl
    with open(filepath, "r") as f:
         ^^^^^^^^^^^^^^^^^^^
TypeError: expected str, bytes or os.PathLike object, not NoneType
[2025-09-12T03:23:21.072+0000] {taskinstance.py:1138} INFO - Marking task as FAILED. dag_id=aviationstack_kafka_dag, task_id=run_bronze_load, execution_date=20250912T032308, start_date=20250912T032321, end_date=20250912T032321
[2025-09-12T03:23:21.076+0000] {standard_task_runner.py:107} ERROR - Failed to execute job 16 for task run_bronze_load (expected str, bytes or os.PathLike object, not NoneType; 207)
[2025-09-12T03:23:21.109+0000] {local_task_job_runner.py:234} INFO - Task exited with return code 1
[2025-09-12T03:23:21.118+0000] {taskinstance.py:3280} INFO - 0 downstream tasks scheduled from follow-on schedule check
