[2025-09-11T01:51:35.041+0000] {taskinstance.py:1956} INFO - Dependencies all met for dep_context=non-requeueable deps ti=<TaskInstance: aviationstack_kafka_dag.run_silver_load manual__2025-09-11T01:51:22.887206+00:00 [queued]>
[2025-09-11T01:51:35.043+0000] {taskinstance.py:1956} INFO - Dependencies all met for dep_context=requeueable deps ti=<TaskInstance: aviationstack_kafka_dag.run_silver_load manual__2025-09-11T01:51:22.887206+00:00 [queued]>
[2025-09-11T01:51:35.044+0000] {taskinstance.py:2170} INFO - Starting attempt 1 of 1
[2025-09-11T01:51:35.047+0000] {taskinstance.py:2191} INFO - Executing <Task(PythonOperator): run_silver_load> on 2025-09-11 01:51:22.887206+00:00
[2025-09-11T01:51:35.049+0000] {standard_task_runner.py:60} INFO - Started process 217 to run task
[2025-09-11T01:51:35.050+0000] {standard_task_runner.py:87} INFO - Running: ['airflow', 'tasks', 'run', 'aviationstack_kafka_dag', 'run_silver_load', 'manual__2025-09-11T01:51:22.887206+00:00', '--job-id', '72', '--raw', '--subdir', 'DAGS_FOLDER/aviationstack_dag.py', '--cfg-path', '/tmp/tmplw0yns11']
[2025-09-11T01:51:35.051+0000] {standard_task_runner.py:88} INFO - Job 72: Subtask run_silver_load
[2025-09-11T01:51:35.057+0000] {logging_mixin.py:188} WARNING - /home/airflow/.local/lib/python3.11/site-packages/airflow/settings.py:194 DeprecationWarning: The sql_alchemy_conn option in [core] has been moved to the sql_alchemy_conn option in [database] - the old setting has been used, but please update your config.
[2025-09-11T01:51:35.069+0000] {task_command.py:423} INFO - Running <TaskInstance: aviationstack_kafka_dag.run_silver_load manual__2025-09-11T01:51:22.887206+00:00 [running]> on host bf96c1025081
[2025-09-11T01:51:35.093+0000] {taskinstance.py:2480} INFO - Exporting env vars: AIRFLOW_CTX_DAG_OWNER='airflow' AIRFLOW_CTX_DAG_ID='aviationstack_kafka_dag' AIRFLOW_CTX_TASK_ID='run_silver_load' AIRFLOW_CTX_EXECUTION_DATE='2025-09-11T01:51:22.887206+00:00' AIRFLOW_CTX_TRY_NUMBER='1' AIRFLOW_CTX_DAG_RUN_ID='manual__2025-09-11T01:51:22.887206+00:00'
[2025-09-11T01:51:35.093+0000] {logging_mixin.py:188} INFO - [INFO] Start to load data into silver tables.
[2025-09-11T01:51:38.044+0000] {taskinstance.py:2698} ERROR - Task failed with exception
Traceback (most recent call last):
  File "/home/airflow/.local/lib/python3.11/site-packages/airflow/models/taskinstance.py", line 433, in _execute_task
    result = execute_callable(context=context, **execute_callable_kwargs)
             ^^^^^^^^^^^^^^^^^^^^^^^^^^^^^^^^^^^^^^^^^^^^^^^^^^^^^^^^^^^^
  File "/home/airflow/.local/lib/python3.11/site-packages/airflow/operators/python.py", line 199, in execute
    return_value = self.execute_callable()
                   ^^^^^^^^^^^^^^^^^^^^^^^
  File "/home/airflow/.local/lib/python3.11/site-packages/airflow/operators/python.py", line 216, in execute_callable
    return self.python_callable(*self.op_args, **self.op_kwargs)
           ^^^^^^^^^^^^^^^^^^^^^^^^^^^^^^^^^^^^^^^^^^^^^^^^^^^^^
  File "/opt/airflow/etl/silver/avstack/silver_load.py", line 60, in load_silver
    df = df.filter(
         ^^^^^^^^^^
  File "/home/airflow/.local/lib/python3.11/site-packages/pyspark/sql/dataframe.py", line 3325, in filter
    jdf = self._jdf.filter(condition._jc)
          ^^^^^^^^^^^^^^^^^^^^^^^^^^^^^^^
  File "/home/airflow/.local/lib/python3.11/site-packages/py4j/java_gateway.py", line 1322, in __call__
    return_value = get_return_value(
                   ^^^^^^^^^^^^^^^^^
  File "/home/airflow/.local/lib/python3.11/site-packages/pyspark/errors/exceptions/captured.py", line 185, in deco
    raise converted from None
pyspark.errors.exceptions.captured.AnalysisException: [DATATYPE_MISMATCH.BINARY_OP_DIFF_TYPES] Cannot resolve "((((((dept_timezone IS NOT NULL) AND (arr_timezone IS NOT NULL)) AND (dept_airport IS NOT NULL)) AND (arr_airport IS NOT NULL)) AND (airline_iata IS NOT NULL)) AND created_at)" due to data type mismatch: the left and right operands of the binary operator have incompatible types ("BOOLEAN" and "TIMESTAMP").;
'Filter ((((((isnotnull(dept_timezone#85) AND isnotnull(arr_timezone#97)) AND isnotnull(dept_airport#84)) AND isnotnull(arr_airport#96)) AND isnotnull(airline_iata#110)) AND created_at#81) > to_timestamp(2025-09-11 01:51:34.03684, None, TimestampType, Some(Etc/UTC), false))
+- Relation [id#80,created_at#81,flight_date#82,flight_status#83,dept_airport#84,dept_timezone#85,dept_airport_iata#86,dept_airport_icao#87,dept_airport_terminal#88,dept_airport_gate#89,dept_delay#90,scheduled_dept#91,estimated_dept#92,actual_dept#93,estimated_dept_runway#94,actual_dept_runway#95,arr_airport#96,arr_timezone#97,arr_airport_iata#98,arr_airport_icao#99,arr_airport_terminal#100,arr_airport_gate#101,arr_airport_baggage#102,scheduled_arr#103,... 13 more fields] JDBCRelation(avstack.bronze_info) [numPartitions=1]

[2025-09-11T01:51:38.052+0000] {taskinstance.py:1138} INFO - Marking task as FAILED. dag_id=aviationstack_kafka_dag, task_id=run_silver_load, execution_date=20250911T015122, start_date=20250911T015135, end_date=20250911T015138
[2025-09-11T01:51:38.057+0000] {standard_task_runner.py:107} ERROR - Failed to execute job 72 for task run_silver_load ([DATATYPE_MISMATCH.BINARY_OP_DIFF_TYPES] Cannot resolve "((((((dept_timezone IS NOT NULL) AND (arr_timezone IS NOT NULL)) AND (dept_airport IS NOT NULL)) AND (arr_airport IS NOT NULL)) AND (airline_iata IS NOT NULL)) AND created_at)" due to data type mismatch: the left and right operands of the binary operator have incompatible types ("BOOLEAN" and "TIMESTAMP").;
'Filter ((((((isnotnull(dept_timezone#85) AND isnotnull(arr_timezone#97)) AND isnotnull(dept_airport#84)) AND isnotnull(arr_airport#96)) AND isnotnull(airline_iata#110)) AND created_at#81) > to_timestamp(2025-09-11 01:51:34.03684, None, TimestampType, Some(Etc/UTC), false))
+- Relation [id#80,created_at#81,flight_date#82,flight_status#83,dept_airport#84,dept_timezone#85,dept_airport_iata#86,dept_airport_icao#87,dept_airport_terminal#88,dept_airport_gate#89,dept_delay#90,scheduled_dept#91,estimated_dept#92,actual_dept#93,estimated_dept_runway#94,actual_dept_runway#95,arr_airport#96,arr_timezone#97,arr_airport_iata#98,arr_airport_icao#99,arr_airport_terminal#100,arr_airport_gate#101,arr_airport_baggage#102,scheduled_arr#103,... 13 more fields] JDBCRelation(avstack.bronze_info) [numPartitions=1]
; 217)
[2025-09-11T01:51:38.069+0000] {local_task_job_runner.py:234} INFO - Task exited with return code 1
[2025-09-11T01:51:38.079+0000] {taskinstance.py:3280} INFO - 0 downstream tasks scheduled from follow-on schedule check
