[2025-09-16T09:05:01.889+0000] {taskinstance.py:1956} INFO - Dependencies all met for dep_context=non-requeueable deps ti=<TaskInstance: opensky_data_streaming_dag.stop_streaming scheduled__2025-09-15T09:00:00+00:00 [queued]>
[2025-09-16T09:05:01.892+0000] {taskinstance.py:1956} INFO - Dependencies all met for dep_context=requeueable deps ti=<TaskInstance: opensky_data_streaming_dag.stop_streaming scheduled__2025-09-15T09:00:00+00:00 [queued]>
[2025-09-16T09:05:01.893+0000] {taskinstance.py:2170} INFO - Starting attempt 1 of 1
[2025-09-16T09:05:01.898+0000] {taskinstance.py:2191} INFO - Executing <Task(BashOperator): stop_streaming> on 2025-09-15 09:00:00+00:00
[2025-09-16T09:05:01.900+0000] {standard_task_runner.py:60} INFO - Started process 2663 to run task
[2025-09-16T09:05:01.901+0000] {standard_task_runner.py:87} INFO - Running: ['airflow', 'tasks', 'run', 'opensky_data_streaming_dag', 'stop_streaming', 'scheduled__2025-09-15T09:00:00+00:00', '--job-id', '23', '--raw', '--subdir', 'DAGS_FOLDER/opensky_data_streaming_dag.py', '--cfg-path', '/tmp/tmp1i6liq00']
[2025-09-16T09:05:01.902+0000] {standard_task_runner.py:88} INFO - Job 23: Subtask stop_streaming
[2025-09-16T09:05:01.922+0000] {task_command.py:423} INFO - Running <TaskInstance: opensky_data_streaming_dag.stop_streaming scheduled__2025-09-15T09:00:00+00:00 [running]> on host 64220da1adfe
[2025-09-16T09:05:01.953+0000] {taskinstance.py:2480} INFO - Exporting env vars: AIRFLOW_CTX_DAG_OWNER='airflow' AIRFLOW_CTX_DAG_ID='opensky_data_streaming_dag' AIRFLOW_CTX_TASK_ID='stop_streaming' AIRFLOW_CTX_EXECUTION_DATE='2025-09-15T09:00:00+00:00' AIRFLOW_CTX_TRY_NUMBER='1' AIRFLOW_CTX_DAG_RUN_ID='scheduled__2025-09-15T09:00:00+00:00'
[2025-09-16T09:05:01.954+0000] {subprocess.py:63} INFO - Tmp dir root location: /tmp
[2025-09-16T09:05:01.954+0000] {subprocess.py:75} INFO - Running command: ['/usr/bin/bash', '-c', 'kill -9 $(cat /tmp/streaming.pid) && rm /tmp/streaming.pid || echo "No process to kill"']
[2025-09-16T09:05:01.958+0000] {subprocess.py:86} INFO - Output:
[2025-09-16T09:05:01.959+0000] {subprocess.py:97} INFO - Command exited with return code 0
[2025-09-16T09:05:01.969+0000] {taskinstance.py:1138} INFO - Marking task as SUCCESS. dag_id=opensky_data_streaming_dag, task_id=stop_streaming, execution_date=20250915T090000, start_date=20250916T090501, end_date=20250916T090501
[2025-09-16T09:05:02.004+0000] {local_task_job_runner.py:234} INFO - Task exited with return code 0
[2025-09-16T09:05:02.012+0000] {taskinstance.py:3280} INFO - 0 downstream tasks scheduled from follow-on schedule check
[2025-09-17T01:15:29.632+0000] {taskinstance.py:1956} INFO - Dependencies all met for dep_context=non-requeueable deps ti=<TaskInstance: opensky_data_streaming_dag.stop_streaming scheduled__2025-09-15T09:00:00+00:00 [queued]>
[2025-09-17T01:15:29.635+0000] {taskinstance.py:1956} INFO - Dependencies all met for dep_context=requeueable deps ti=<TaskInstance: opensky_data_streaming_dag.stop_streaming scheduled__2025-09-15T09:00:00+00:00 [queued]>
[2025-09-17T01:15:29.635+0000] {taskinstance.py:2170} INFO - Starting attempt 1 of 1
[2025-09-17T01:15:29.639+0000] {taskinstance.py:2191} INFO - Executing <Task(BashOperator): stop_streaming> on 2025-09-15 09:00:00+00:00
[2025-09-17T01:15:29.641+0000] {standard_task_runner.py:60} INFO - Started process 1057 to run task
[2025-09-17T01:15:29.642+0000] {standard_task_runner.py:87} INFO - Running: ['airflow', 'tasks', 'run', 'opensky_data_streaming_dag', 'stop_streaming', 'scheduled__2025-09-15T09:00:00+00:00', '--job-id', '6', '--raw', '--subdir', 'DAGS_FOLDER/opensky_data_streaming_dag.py', '--cfg-path', '/tmp/tmpd0vxxkiu']
[2025-09-17T01:15:29.643+0000] {standard_task_runner.py:88} INFO - Job 6: Subtask stop_streaming
[2025-09-17T01:15:29.666+0000] {task_command.py:423} INFO - Running <TaskInstance: opensky_data_streaming_dag.stop_streaming scheduled__2025-09-15T09:00:00+00:00 [running]> on host 800d77c7e41d
[2025-09-17T01:15:29.695+0000] {taskinstance.py:2480} INFO - Exporting env vars: AIRFLOW_CTX_DAG_OWNER='airflow' AIRFLOW_CTX_DAG_ID='opensky_data_streaming_dag' AIRFLOW_CTX_TASK_ID='stop_streaming' AIRFLOW_CTX_EXECUTION_DATE='2025-09-15T09:00:00+00:00' AIRFLOW_CTX_TRY_NUMBER='1' AIRFLOW_CTX_DAG_RUN_ID='scheduled__2025-09-15T09:00:00+00:00'
[2025-09-17T01:15:29.696+0000] {subprocess.py:63} INFO - Tmp dir root location: /tmp
[2025-09-17T01:15:29.696+0000] {subprocess.py:75} INFO - Running command: ['/usr/bin/bash', '-c', 'kill -9 $(cat /tmp/streaming.pid) && rm /tmp/streaming.pid || echo "No process to kill"']
[2025-09-17T01:15:29.700+0000] {subprocess.py:86} INFO - Output:
[2025-09-17T01:15:29.703+0000] {subprocess.py:97} INFO - Command exited with return code 0
[2025-09-17T01:15:29.717+0000] {taskinstance.py:1138} INFO - Marking task as SUCCESS. dag_id=opensky_data_streaming_dag, task_id=stop_streaming, execution_date=20250915T090000, start_date=20250917T011529, end_date=20250917T011529
[2025-09-17T01:15:29.741+0000] {local_task_job_runner.py:234} INFO - Task exited with return code 0
[2025-09-17T01:15:29.751+0000] {taskinstance.py:3280} INFO - 0 downstream tasks scheduled from follow-on schedule check
[2025-09-17T01:45:35.455+0000] {taskinstance.py:1956} INFO - Dependencies all met for dep_context=non-requeueable deps ti=<TaskInstance: opensky_data_streaming_dag.stop_streaming scheduled__2025-09-15T09:00:00+00:00 [queued]>
[2025-09-17T01:45:35.457+0000] {taskinstance.py:1956} INFO - Dependencies all met for dep_context=requeueable deps ti=<TaskInstance: opensky_data_streaming_dag.stop_streaming scheduled__2025-09-15T09:00:00+00:00 [queued]>
[2025-09-17T01:45:35.458+0000] {taskinstance.py:2170} INFO - Starting attempt 1 of 1
[2025-09-17T01:45:35.462+0000] {taskinstance.py:2191} INFO - Executing <Task(BashOperator): stop_streaming> on 2025-09-15 09:00:00+00:00
[2025-09-17T01:45:35.464+0000] {standard_task_runner.py:60} INFO - Started process 444 to run task
[2025-09-17T01:45:35.465+0000] {standard_task_runner.py:87} INFO - Running: ['airflow', 'tasks', 'run', 'opensky_data_streaming_dag', 'stop_streaming', 'scheduled__2025-09-15T09:00:00+00:00', '--job-id', '7', '--raw', '--subdir', 'DAGS_FOLDER/opensky_data_streaming_dag.py', '--cfg-path', '/tmp/tmppptfubzt']
[2025-09-17T01:45:35.466+0000] {standard_task_runner.py:88} INFO - Job 7: Subtask stop_streaming
[2025-09-17T01:45:35.486+0000] {task_command.py:423} INFO - Running <TaskInstance: opensky_data_streaming_dag.stop_streaming scheduled__2025-09-15T09:00:00+00:00 [running]> on host 65c8631451a4
[2025-09-17T01:45:35.512+0000] {taskinstance.py:2480} INFO - Exporting env vars: AIRFLOW_CTX_DAG_OWNER='airflow' AIRFLOW_CTX_DAG_ID='opensky_data_streaming_dag' AIRFLOW_CTX_TASK_ID='stop_streaming' AIRFLOW_CTX_EXECUTION_DATE='2025-09-15T09:00:00+00:00' AIRFLOW_CTX_TRY_NUMBER='1' AIRFLOW_CTX_DAG_RUN_ID='scheduled__2025-09-15T09:00:00+00:00'
[2025-09-17T01:45:35.512+0000] {subprocess.py:63} INFO - Tmp dir root location: /tmp
[2025-09-17T01:45:35.512+0000] {subprocess.py:75} INFO - Running command: ['/usr/bin/bash', '-c', '\n        if [ -f /opt/airflow/data/streaming.pid ]; then\n        kill -9 $(cat /opt/airflow/data/streaming.pid) && rm /opt/airflow/data/streaming.pid\n        else\n        echo "No process to kill"\n        fi\n    ']
[2025-09-17T01:45:35.516+0000] {subprocess.py:86} INFO - Output:
[2025-09-17T01:45:35.519+0000] {subprocess.py:97} INFO - Command exited with return code 0
[2025-09-17T01:45:35.530+0000] {taskinstance.py:1138} INFO - Marking task as SUCCESS. dag_id=opensky_data_streaming_dag, task_id=stop_streaming, execution_date=20250915T090000, start_date=20250917T014535, end_date=20250917T014535
[2025-09-17T01:45:35.566+0000] {local_task_job_runner.py:234} INFO - Task exited with return code 0
[2025-09-17T01:45:35.576+0000] {taskinstance.py:3280} INFO - 0 downstream tasks scheduled from follow-on schedule check
[2025-09-17T03:01:50.732+0000] {taskinstance.py:1956} INFO - Dependencies all met for dep_context=non-requeueable deps ti=<TaskInstance: opensky_data_streaming_dag.stop_streaming scheduled__2025-09-15T09:00:00+00:00 [queued]>
[2025-09-17T03:01:50.735+0000] {taskinstance.py:1956} INFO - Dependencies all met for dep_context=requeueable deps ti=<TaskInstance: opensky_data_streaming_dag.stop_streaming scheduled__2025-09-15T09:00:00+00:00 [queued]>
[2025-09-17T03:01:50.737+0000] {taskinstance.py:2170} INFO - Starting attempt 1 of 1
[2025-09-17T03:01:50.740+0000] {taskinstance.py:2191} INFO - Executing <Task(BashOperator): stop_streaming> on 2025-09-15 09:00:00+00:00
[2025-09-17T03:01:50.742+0000] {standard_task_runner.py:60} INFO - Started process 297 to run task
[2025-09-17T03:01:50.743+0000] {standard_task_runner.py:87} INFO - Running: ['airflow', 'tasks', 'run', 'opensky_data_streaming_dag', 'stop_streaming', 'scheduled__2025-09-15T09:00:00+00:00', '--job-id', '7', '--raw', '--subdir', 'DAGS_FOLDER/opensky_data_streaming_dag.py', '--cfg-path', '/tmp/tmp3anfd3nq']
[2025-09-17T03:01:50.745+0000] {standard_task_runner.py:88} INFO - Job 7: Subtask stop_streaming
[2025-09-17T03:01:50.766+0000] {task_command.py:423} INFO - Running <TaskInstance: opensky_data_streaming_dag.stop_streaming scheduled__2025-09-15T09:00:00+00:00 [running]> on host d42b31bd8d54
[2025-09-17T03:01:50.792+0000] {taskinstance.py:2480} INFO - Exporting env vars: AIRFLOW_CTX_DAG_OWNER='airflow' AIRFLOW_CTX_DAG_ID='opensky_data_streaming_dag' AIRFLOW_CTX_TASK_ID='stop_streaming' AIRFLOW_CTX_EXECUTION_DATE='2025-09-15T09:00:00+00:00' AIRFLOW_CTX_TRY_NUMBER='1' AIRFLOW_CTX_DAG_RUN_ID='scheduled__2025-09-15T09:00:00+00:00'
[2025-09-17T03:01:50.793+0000] {subprocess.py:63} INFO - Tmp dir root location: /tmp
[2025-09-17T03:01:50.793+0000] {subprocess.py:75} INFO - Running command: ['/usr/bin/bash', '-c', '\n    if [ -f /opt/airflow/data/streaming.pid ]; then\n        kill -9 $(cat /opt/airflow/data/streaming.pid) || true\n        rm -f /opt/airflow/data/streaming.pid || true\n        echo "Stopped streaming process."\n    else\n        echo "No process to kill"\n    fi\n    ']
[2025-09-17T03:01:50.796+0000] {subprocess.py:86} INFO - Output:
[2025-09-17T03:01:50.796+0000] {subprocess.py:93} INFO - No process to kill
[2025-09-17T03:01:50.797+0000] {subprocess.py:97} INFO - Command exited with return code 0
[2025-09-17T03:01:50.807+0000] {taskinstance.py:1138} INFO - Marking task as SUCCESS. dag_id=opensky_data_streaming_dag, task_id=stop_streaming, execution_date=20250915T090000, start_date=20250917T030150, end_date=20250917T030150
[2025-09-17T03:01:50.845+0000] {local_task_job_runner.py:234} INFO - Task exited with return code 0
[2025-09-17T03:01:50.853+0000] {taskinstance.py:3280} INFO - 0 downstream tasks scheduled from follow-on schedule check
[2025-09-17T03:15:26.440+0000] {taskinstance.py:1956} INFO - Dependencies all met for dep_context=non-requeueable deps ti=<TaskInstance: opensky_data_streaming_dag.stop_streaming scheduled__2025-09-15T09:00:00+00:00 [queued]>
[2025-09-17T03:15:26.442+0000] {taskinstance.py:1956} INFO - Dependencies all met for dep_context=requeueable deps ti=<TaskInstance: opensky_data_streaming_dag.stop_streaming scheduled__2025-09-15T09:00:00+00:00 [queued]>
[2025-09-17T03:15:26.443+0000] {taskinstance.py:2170} INFO - Starting attempt 1 of 1
[2025-09-17T03:15:26.447+0000] {taskinstance.py:2191} INFO - Executing <Task(BashOperator): stop_streaming> on 2025-09-15 09:00:00+00:00
[2025-09-17T03:15:26.448+0000] {standard_task_runner.py:60} INFO - Started process 360 to run task
[2025-09-17T03:15:26.450+0000] {standard_task_runner.py:87} INFO - Running: ['airflow', 'tasks', 'run', 'opensky_data_streaming_dag', 'stop_streaming', 'scheduled__2025-09-15T09:00:00+00:00', '--job-id', '7', '--raw', '--subdir', 'DAGS_FOLDER/opensky_data_streaming_dag.py', '--cfg-path', '/tmp/tmp2j6iplv5']
[2025-09-17T03:15:26.451+0000] {standard_task_runner.py:88} INFO - Job 7: Subtask stop_streaming
[2025-09-17T03:15:26.470+0000] {task_command.py:423} INFO - Running <TaskInstance: opensky_data_streaming_dag.stop_streaming scheduled__2025-09-15T09:00:00+00:00 [running]> on host 769d9d26935d
[2025-09-17T03:15:26.496+0000] {taskinstance.py:2480} INFO - Exporting env vars: AIRFLOW_CTX_DAG_OWNER='airflow' AIRFLOW_CTX_DAG_ID='opensky_data_streaming_dag' AIRFLOW_CTX_TASK_ID='stop_streaming' AIRFLOW_CTX_EXECUTION_DATE='2025-09-15T09:00:00+00:00' AIRFLOW_CTX_TRY_NUMBER='1' AIRFLOW_CTX_DAG_RUN_ID='scheduled__2025-09-15T09:00:00+00:00'
[2025-09-17T03:15:26.496+0000] {subprocess.py:63} INFO - Tmp dir root location: /tmp
[2025-09-17T03:15:26.497+0000] {subprocess.py:75} INFO - Running command: ['/usr/bin/bash', '-c', '\n    if [ -f /opt/airflow/data/streaming.pid ]; then\n        kill -9 $(cat /opt/airflow/data/streaming.pid) || true\n        rm -f /opt/airflow/data/streaming.pid || true\n        echo "Stopped streaming process."\n    else\n        echo "No process to kill"\n    fi\n    ']
[2025-09-17T03:15:26.500+0000] {subprocess.py:86} INFO - Output:
[2025-09-17T03:15:26.503+0000] {subprocess.py:93} INFO - Stopped streaming process.
[2025-09-17T03:15:26.504+0000] {subprocess.py:97} INFO - Command exited with return code 0
[2025-09-17T03:15:26.514+0000] {taskinstance.py:1138} INFO - Marking task as SUCCESS. dag_id=opensky_data_streaming_dag, task_id=stop_streaming, execution_date=20250915T090000, start_date=20250917T031526, end_date=20250917T031526
[2025-09-17T03:15:26.546+0000] {local_task_job_runner.py:234} INFO - Task exited with return code 0
[2025-09-17T03:15:26.554+0000] {taskinstance.py:3280} INFO - 0 downstream tasks scheduled from follow-on schedule check
