[2025-09-12T02:47:31.402+0000] {taskinstance.py:1956} INFO - Dependencies all met for dep_context=non-requeueable deps ti=<TaskInstance: aviationstack_kafka_dag.run_kafka_consumer scheduled__2025-09-11T08:00:00+00:00 [queued]>
[2025-09-12T02:47:31.405+0000] {taskinstance.py:1956} INFO - Dependencies all met for dep_context=requeueable deps ti=<TaskInstance: aviationstack_kafka_dag.run_kafka_consumer scheduled__2025-09-11T08:00:00+00:00 [queued]>
[2025-09-12T02:47:31.405+0000] {taskinstance.py:2170} INFO - Starting attempt 1 of 1
[2025-09-12T02:47:31.409+0000] {taskinstance.py:2191} INFO - Executing <Task(PythonOperator): run_kafka_consumer> on 2025-09-11 08:00:00+00:00
[2025-09-12T02:47:31.411+0000] {standard_task_runner.py:60} INFO - Started process 553 to run task
[2025-09-12T02:47:31.412+0000] {standard_task_runner.py:87} INFO - Running: ['airflow', 'tasks', 'run', 'aviationstack_kafka_dag', 'run_kafka_consumer', 'scheduled__2025-09-11T08:00:00+00:00', '--job-id', '5', '--raw', '--subdir', 'DAGS_FOLDER/aviationstack_dag.py', '--cfg-path', '/tmp/tmp3bug00ru']
[2025-09-12T02:47:31.414+0000] {standard_task_runner.py:88} INFO - Job 5: Subtask run_kafka_consumer
[2025-09-12T02:47:31.436+0000] {task_command.py:423} INFO - Running <TaskInstance: aviationstack_kafka_dag.run_kafka_consumer scheduled__2025-09-11T08:00:00+00:00 [running]> on host eef19a59dfec
[2025-09-12T02:47:31.469+0000] {taskinstance.py:2480} INFO - Exporting env vars: AIRFLOW_CTX_DAG_OWNER='airflow' AIRFLOW_CTX_DAG_ID='aviationstack_kafka_dag' AIRFLOW_CTX_TASK_ID='run_kafka_consumer' AIRFLOW_CTX_EXECUTION_DATE='2025-09-11T08:00:00+00:00' AIRFLOW_CTX_TRY_NUMBER='1' AIRFLOW_CTX_DAG_RUN_ID='scheduled__2025-09-11T08:00:00+00:00'
[2025-09-12T02:47:31.470+0000] {kafka_consumer.py:90} INFO - [DEBUG] Using existing Kafka payload: data/kafka_logs/as_message_20250911_020013.json
[2025-09-12T02:47:31.470+0000] {python.py:201} INFO - Done. Returned value was: data/kafka_logs/as_message_20250911_020013.json
[2025-09-12T02:47:31.481+0000] {taskinstance.py:1138} INFO - Marking task as SUCCESS. dag_id=aviationstack_kafka_dag, task_id=run_kafka_consumer, execution_date=20250911T080000, start_date=20250912T024731, end_date=20250912T024731
[2025-09-12T02:47:31.512+0000] {local_task_job_runner.py:234} INFO - Task exited with return code 0
[2025-09-12T02:47:31.525+0000] {taskinstance.py:3280} INFO - 1 downstream tasks scheduled from follow-on schedule check
[2025-09-12T03:01:16.296+0000] {taskinstance.py:1956} INFO - Dependencies all met for dep_context=non-requeueable deps ti=<TaskInstance: aviationstack_kafka_dag.run_kafka_consumer scheduled__2025-09-11T08:00:00+00:00 [queued]>
[2025-09-12T03:01:16.298+0000] {taskinstance.py:1956} INFO - Dependencies all met for dep_context=requeueable deps ti=<TaskInstance: aviationstack_kafka_dag.run_kafka_consumer scheduled__2025-09-11T08:00:00+00:00 [queued]>
[2025-09-12T03:01:16.299+0000] {taskinstance.py:2170} INFO - Starting attempt 1 of 1
[2025-09-12T03:01:16.302+0000] {taskinstance.py:2191} INFO - Executing <Task(PythonOperator): run_kafka_consumer> on 2025-09-11 08:00:00+00:00
[2025-09-12T03:01:16.304+0000] {standard_task_runner.py:60} INFO - Started process 208 to run task
[2025-09-12T03:01:16.306+0000] {standard_task_runner.py:87} INFO - Running: ['airflow', 'tasks', 'run', 'aviationstack_kafka_dag', 'run_kafka_consumer', 'scheduled__2025-09-11T08:00:00+00:00', '--job-id', '4', '--raw', '--subdir', 'DAGS_FOLDER/aviationstack_dag.py', '--cfg-path', '/tmp/tmp7n0ysm8w']
[2025-09-12T03:01:16.307+0000] {standard_task_runner.py:88} INFO - Job 4: Subtask run_kafka_consumer
[2025-09-12T03:01:16.328+0000] {task_command.py:423} INFO - Running <TaskInstance: aviationstack_kafka_dag.run_kafka_consumer scheduled__2025-09-11T08:00:00+00:00 [running]> on host 1c734b27727a
[2025-09-12T03:01:16.355+0000] {taskinstance.py:2480} INFO - Exporting env vars: AIRFLOW_CTX_DAG_OWNER='airflow' AIRFLOW_CTX_DAG_ID='aviationstack_kafka_dag' AIRFLOW_CTX_TASK_ID='run_kafka_consumer' AIRFLOW_CTX_EXECUTION_DATE='2025-09-11T08:00:00+00:00' AIRFLOW_CTX_TRY_NUMBER='1' AIRFLOW_CTX_DAG_RUN_ID='scheduled__2025-09-11T08:00:00+00:00'
[2025-09-12T03:01:16.356+0000] {logging_mixin.py:188} INFO - Starting consumer...
[2025-09-12T03:01:16.358+0000] {conn.py:396} INFO - <BrokerConnection client_id=kafka-python-2.2.15, node_id=1 host=kafka:9092 <connecting> [IPv4 ('172.18.0.4', 9092)]>: connecting to kafka:9092 [('172.18.0.4', 9092) IPv4]
[2025-09-12T03:01:16.359+0000] {conn.py:457} INFO - <BrokerConnection client_id=kafka-python-2.2.15, node_id=1 host=kafka:9092 <connected> [IPv4 ('172.18.0.4', 9092)]>: Connection complete.
[2025-09-12T03:01:16.359+0000] {conn.py:945} INFO - <BrokerConnection client_id=kafka-python-2.2.15, node_id=bootstrap-0 host=kafka:9092 <connected> [IPv4 ('172.18.0.4', 9092)]>: Closing connection. 
[2025-09-12T03:01:16.670+0000] {cluster.py:401} INFO - Coordinator for group/aviation_flight_data_test_group_02 is ('coordinator-1', 'kafka', 9092, None)
[2025-09-12T03:01:16.670+0000] {base.py:788} INFO - Discovered coordinator coordinator-1 for group aviation_flight_data_test_group_02
[2025-09-12T03:01:16.671+0000] {base.py:848} INFO - Starting new heartbeat thread
[2025-09-12T03:01:16.671+0000] {consumer.py:365} INFO - Revoking previously assigned partitions () for group aviation_flight_data_test_group_02
[2025-09-12T03:01:16.671+0000] {base.py:419} INFO - Failed to join group aviation_flight_data_test_group_02: NodeNotReadyError: coordinator-1
[2025-09-12T03:01:16.672+0000] {conn.py:396} INFO - <BrokerConnection client_id=kafka-python-2.2.15, node_id=coordinator-1 host=kafka:9092 <connecting> [IPv4 ('172.18.0.4', 9092)]>: connecting to kafka:9092 [('172.18.0.4', 9092) IPv4]
[2025-09-12T03:01:16.672+0000] {conn.py:457} INFO - <BrokerConnection client_id=kafka-python-2.2.15, node_id=coordinator-1 host=kafka:9092 <connected> [IPv4 ('172.18.0.4', 9092)]>: Connection complete.
[2025-09-12T03:01:16.774+0000] {base.py:532} INFO - (Re-)joining group aviation_flight_data_test_group_02
[2025-09-12T03:01:16.782+0000] {base.py:637} INFO - Received member id kafka-python-2.2.15-b33c0642-765f-482a-9551-0ed748dbf76f for group aviation_flight_data_test_group_02; will retry join-group
[2025-09-12T03:01:16.782+0000] {base.py:419} INFO - Failed to join group aviation_flight_data_test_group_02: [Error 79] MemberIdRequiredError
[2025-09-12T03:01:16.783+0000] {base.py:532} INFO - (Re-)joining group aviation_flight_data_test_group_02
[2025-09-12T03:01:22.806+0000] {base.py:594} INFO - Successfully joined group aviation_flight_data_test_group_02 <Generation 1 (member_id: kafka-python-2.2.15-b33c0642-765f-482a-9551-0ed748dbf76f, protocol: range)>
[2025-09-12T03:01:22.821+0000] {subscription_state.py:254} INFO - Updated partition assignment: []
[2025-09-12T03:01:22.821+0000] {consumer.py:249} INFO - Setting newly assigned partitions () for group aviation_flight_data_test_group_02
[2025-09-12T03:01:26.358+0000] {python.py:201} INFO - Done. Returned value was: None
[2025-09-12T03:01:26.373+0000] {taskinstance.py:1138} INFO - Marking task as SUCCESS. dag_id=aviationstack_kafka_dag, task_id=run_kafka_consumer, execution_date=20250911T080000, start_date=20250912T030116, end_date=20250912T030126
[2025-09-12T03:01:26.392+0000] {local_task_job_runner.py:234} INFO - Task exited with return code 0
[2025-09-12T03:01:26.405+0000] {taskinstance.py:3280} INFO - 1 downstream tasks scheduled from follow-on schedule check
[2025-09-12T03:36:23.211+0000] {taskinstance.py:1956} INFO - Dependencies all met for dep_context=non-requeueable deps ti=<TaskInstance: aviationstack_kafka_dag.run_kafka_consumer scheduled__2025-09-11T08:00:00+00:00 [queued]>
[2025-09-12T03:36:23.214+0000] {taskinstance.py:1956} INFO - Dependencies all met for dep_context=requeueable deps ti=<TaskInstance: aviationstack_kafka_dag.run_kafka_consumer scheduled__2025-09-11T08:00:00+00:00 [queued]>
[2025-09-12T03:36:23.214+0000] {taskinstance.py:2170} INFO - Starting attempt 1 of 1
[2025-09-12T03:36:23.218+0000] {taskinstance.py:2191} INFO - Executing <Task(PythonOperator): run_kafka_consumer> on 2025-09-11 08:00:00+00:00
[2025-09-12T03:36:23.220+0000] {standard_task_runner.py:60} INFO - Started process 248 to run task
[2025-09-12T03:36:23.221+0000] {standard_task_runner.py:87} INFO - Running: ['airflow', 'tasks', 'run', 'aviationstack_kafka_dag', 'run_kafka_consumer', 'scheduled__2025-09-11T08:00:00+00:00', '--job-id', '5', '--raw', '--subdir', 'DAGS_FOLDER/aviationstack_dag.py', '--cfg-path', '/tmp/tmpr87c5sxo']
[2025-09-12T03:36:23.222+0000] {standard_task_runner.py:88} INFO - Job 5: Subtask run_kafka_consumer
[2025-09-12T03:36:23.243+0000] {task_command.py:423} INFO - Running <TaskInstance: aviationstack_kafka_dag.run_kafka_consumer scheduled__2025-09-11T08:00:00+00:00 [running]> on host f4b8ac862c00
[2025-09-12T03:36:23.271+0000] {taskinstance.py:2480} INFO - Exporting env vars: AIRFLOW_CTX_DAG_OWNER='airflow' AIRFLOW_CTX_DAG_ID='aviationstack_kafka_dag' AIRFLOW_CTX_TASK_ID='run_kafka_consumer' AIRFLOW_CTX_EXECUTION_DATE='2025-09-11T08:00:00+00:00' AIRFLOW_CTX_TRY_NUMBER='1' AIRFLOW_CTX_DAG_RUN_ID='scheduled__2025-09-11T08:00:00+00:00'
[2025-09-12T03:36:23.272+0000] {logging_mixin.py:188} INFO - Starting consumer...
[2025-09-12T03:36:23.274+0000] {conn.py:396} INFO - <BrokerConnection client_id=kafka-python-2.2.15, node_id=1 host=kafka:9092 <connecting> [IPv4 ('172.18.0.4', 9092)]>: connecting to kafka:9092 [('172.18.0.4', 9092) IPv4]
[2025-09-12T03:36:23.274+0000] {conn.py:457} INFO - <BrokerConnection client_id=kafka-python-2.2.15, node_id=1 host=kafka:9092 <connected> [IPv4 ('172.18.0.4', 9092)]>: Connection complete.
[2025-09-12T03:36:23.274+0000] {conn.py:945} INFO - <BrokerConnection client_id=kafka-python-2.2.15, node_id=bootstrap-0 host=kafka:9092 <connected> [IPv4 ('172.18.0.4', 9092)]>: Closing connection. 
[2025-09-12T03:36:23.592+0000] {cluster.py:401} INFO - Coordinator for group/aviation_flight_data_test_group_02 is ('coordinator-1', 'kafka', 9092, None)
[2025-09-12T03:36:23.592+0000] {base.py:788} INFO - Discovered coordinator coordinator-1 for group aviation_flight_data_test_group_02
[2025-09-12T03:36:23.592+0000] {base.py:848} INFO - Starting new heartbeat thread
[2025-09-12T03:36:23.592+0000] {consumer.py:365} INFO - Revoking previously assigned partitions () for group aviation_flight_data_test_group_02
[2025-09-12T03:36:23.592+0000] {base.py:419} INFO - Failed to join group aviation_flight_data_test_group_02: NodeNotReadyError: coordinator-1
[2025-09-12T03:36:23.593+0000] {conn.py:396} INFO - <BrokerConnection client_id=kafka-python-2.2.15, node_id=coordinator-1 host=kafka:9092 <connecting> [IPv4 ('172.18.0.4', 9092)]>: connecting to kafka:9092 [('172.18.0.4', 9092) IPv4]
[2025-09-12T03:36:23.593+0000] {conn.py:457} INFO - <BrokerConnection client_id=kafka-python-2.2.15, node_id=coordinator-1 host=kafka:9092 <connected> [IPv4 ('172.18.0.4', 9092)]>: Connection complete.
[2025-09-12T03:36:23.694+0000] {base.py:532} INFO - (Re-)joining group aviation_flight_data_test_group_02
[2025-09-12T03:36:23.703+0000] {base.py:637} INFO - Received member id kafka-python-2.2.15-da1573bc-06ac-424d-9dbb-e52ece46ffe2 for group aviation_flight_data_test_group_02; will retry join-group
[2025-09-12T03:36:23.703+0000] {base.py:419} INFO - Failed to join group aviation_flight_data_test_group_02: [Error 79] MemberIdRequiredError
[2025-09-12T03:36:23.704+0000] {base.py:532} INFO - (Re-)joining group aviation_flight_data_test_group_02
[2025-09-12T03:36:29.733+0000] {base.py:594} INFO - Successfully joined group aviation_flight_data_test_group_02 <Generation 1 (member_id: kafka-python-2.2.15-da1573bc-06ac-424d-9dbb-e52ece46ffe2, protocol: range)>
[2025-09-12T03:36:29.734+0000] {base.py:596} INFO - Elected group leader -- performing partition assignments using range
[2025-09-12T03:36:29.753+0000] {subscription_state.py:254} INFO - Updated partition assignment: []
[2025-09-12T03:36:29.754+0000] {consumer.py:249} INFO - Setting newly assigned partitions () for group aviation_flight_data_test_group_02
[2025-09-12T03:36:33.272+0000] {python.py:201} INFO - Done. Returned value was: None
[2025-09-12T03:36:33.288+0000] {taskinstance.py:1138} INFO - Marking task as SUCCESS. dag_id=aviationstack_kafka_dag, task_id=run_kafka_consumer, execution_date=20250911T080000, start_date=20250912T033623, end_date=20250912T033633
[2025-09-12T03:36:33.307+0000] {local_task_job_runner.py:234} INFO - Task exited with return code 0
[2025-09-12T03:36:33.319+0000] {taskinstance.py:3280} INFO - 1 downstream tasks scheduled from follow-on schedule check
[2025-09-12T03:44:01.312+0000] {taskinstance.py:1956} INFO - Dependencies all met for dep_context=non-requeueable deps ti=<TaskInstance: aviationstack_kafka_dag.run_kafka_consumer scheduled__2025-09-11T08:00:00+00:00 [queued]>
[2025-09-12T03:44:01.315+0000] {taskinstance.py:1956} INFO - Dependencies all met for dep_context=requeueable deps ti=<TaskInstance: aviationstack_kafka_dag.run_kafka_consumer scheduled__2025-09-11T08:00:00+00:00 [queued]>
[2025-09-12T03:44:01.315+0000] {taskinstance.py:2170} INFO - Starting attempt 1 of 1
[2025-09-12T03:44:01.319+0000] {taskinstance.py:2191} INFO - Executing <Task(PythonOperator): run_kafka_consumer> on 2025-09-11 08:00:00+00:00
[2025-09-12T03:44:01.323+0000] {standard_task_runner.py:60} INFO - Started process 209 to run task
[2025-09-12T03:44:01.325+0000] {standard_task_runner.py:87} INFO - Running: ['airflow', 'tasks', 'run', 'aviationstack_kafka_dag', 'run_kafka_consumer', 'scheduled__2025-09-11T08:00:00+00:00', '--job-id', '4', '--raw', '--subdir', 'DAGS_FOLDER/aviationstack_dag.py', '--cfg-path', '/tmp/tmprpnekdlw']
[2025-09-12T03:44:01.326+0000] {standard_task_runner.py:88} INFO - Job 4: Subtask run_kafka_consumer
[2025-09-12T03:44:01.348+0000] {task_command.py:423} INFO - Running <TaskInstance: aviationstack_kafka_dag.run_kafka_consumer scheduled__2025-09-11T08:00:00+00:00 [running]> on host 33b82dfba2b0
[2025-09-12T03:44:01.375+0000] {taskinstance.py:2480} INFO - Exporting env vars: AIRFLOW_CTX_DAG_OWNER='airflow' AIRFLOW_CTX_DAG_ID='aviationstack_kafka_dag' AIRFLOW_CTX_TASK_ID='run_kafka_consumer' AIRFLOW_CTX_EXECUTION_DATE='2025-09-11T08:00:00+00:00' AIRFLOW_CTX_TRY_NUMBER='1' AIRFLOW_CTX_DAG_RUN_ID='scheduled__2025-09-11T08:00:00+00:00'
[2025-09-12T03:44:01.375+0000] {logging_mixin.py:188} INFO - Starting consumer...
[2025-09-12T03:44:01.377+0000] {conn.py:396} INFO - <BrokerConnection client_id=kafka-python-2.2.15, node_id=1 host=kafka:9092 <connecting> [IPv4 ('172.18.0.4', 9092)]>: connecting to kafka:9092 [('172.18.0.4', 9092) IPv4]
[2025-09-12T03:44:01.378+0000] {conn.py:457} INFO - <BrokerConnection client_id=kafka-python-2.2.15, node_id=1 host=kafka:9092 <connected> [IPv4 ('172.18.0.4', 9092)]>: Connection complete.
[2025-09-12T03:44:01.378+0000] {conn.py:945} INFO - <BrokerConnection client_id=kafka-python-2.2.15, node_id=bootstrap-0 host=kafka:9092 <connected> [IPv4 ('172.18.0.4', 9092)]>: Closing connection. 
[2025-09-12T03:44:01.693+0000] {cluster.py:401} INFO - Coordinator for group/aviation_flight_data_test_group_02 is ('coordinator-1', 'kafka', 9092, None)
[2025-09-12T03:44:01.693+0000] {base.py:788} INFO - Discovered coordinator coordinator-1 for group aviation_flight_data_test_group_02
[2025-09-12T03:44:01.693+0000] {base.py:848} INFO - Starting new heartbeat thread
[2025-09-12T03:44:01.694+0000] {consumer.py:365} INFO - Revoking previously assigned partitions () for group aviation_flight_data_test_group_02
[2025-09-12T03:44:01.694+0000] {base.py:419} INFO - Failed to join group aviation_flight_data_test_group_02: NodeNotReadyError: coordinator-1
[2025-09-12T03:44:01.694+0000] {conn.py:396} INFO - <BrokerConnection client_id=kafka-python-2.2.15, node_id=coordinator-1 host=kafka:9092 <connecting> [IPv4 ('172.18.0.4', 9092)]>: connecting to kafka:9092 [('172.18.0.4', 9092) IPv4]
[2025-09-12T03:44:01.694+0000] {conn.py:457} INFO - <BrokerConnection client_id=kafka-python-2.2.15, node_id=coordinator-1 host=kafka:9092 <connected> [IPv4 ('172.18.0.4', 9092)]>: Connection complete.
[2025-09-12T03:44:01.797+0000] {base.py:532} INFO - (Re-)joining group aviation_flight_data_test_group_02
[2025-09-12T03:44:01.806+0000] {base.py:637} INFO - Received member id kafka-python-2.2.15-23384570-38b5-4122-bdf6-6689d37cdc28 for group aviation_flight_data_test_group_02; will retry join-group
[2025-09-12T03:44:01.807+0000] {base.py:419} INFO - Failed to join group aviation_flight_data_test_group_02: [Error 79] MemberIdRequiredError
[2025-09-12T03:44:01.807+0000] {base.py:532} INFO - (Re-)joining group aviation_flight_data_test_group_02
[2025-09-12T03:44:07.836+0000] {base.py:594} INFO - Successfully joined group aviation_flight_data_test_group_02 <Generation 1 (member_id: kafka-python-2.2.15-23384570-38b5-4122-bdf6-6689d37cdc28, protocol: range)>
[2025-09-12T03:44:07.853+0000] {subscription_state.py:254} INFO - Updated partition assignment: [('aviation_flight_data', 0)]
[2025-09-12T03:44:07.853+0000] {consumer.py:249} INFO - Setting newly assigned partitions (('aviation_flight_data', 0),) for group aviation_flight_data_test_group_02
[2025-09-12T03:44:07.865+0000] {fetcher.py:418} INFO - Resetting offset for partition ('aviation_flight_data', 0) to offset 2.
[2025-09-12T03:44:11.375+0000] {python.py:201} INFO - Done. Returned value was: None
[2025-09-12T03:44:11.383+0000] {taskinstance.py:1138} INFO - Marking task as SUCCESS. dag_id=aviationstack_kafka_dag, task_id=run_kafka_consumer, execution_date=20250911T080000, start_date=20250912T034401, end_date=20250912T034411
[2025-09-12T03:44:11.404+0000] {local_task_job_runner.py:234} INFO - Task exited with return code 0
[2025-09-12T03:44:11.416+0000] {taskinstance.py:3280} INFO - 1 downstream tasks scheduled from follow-on schedule check
[2025-09-12T03:56:32.062+0000] {taskinstance.py:1956} INFO - Dependencies all met for dep_context=non-requeueable deps ti=<TaskInstance: aviationstack_kafka_dag.run_kafka_consumer scheduled__2025-09-11T08:00:00+00:00 [queued]>
[2025-09-12T03:56:32.064+0000] {taskinstance.py:1956} INFO - Dependencies all met for dep_context=requeueable deps ti=<TaskInstance: aviationstack_kafka_dag.run_kafka_consumer scheduled__2025-09-11T08:00:00+00:00 [queued]>
[2025-09-12T03:56:32.064+0000] {taskinstance.py:2170} INFO - Starting attempt 1 of 1
[2025-09-12T03:56:32.068+0000] {taskinstance.py:2191} INFO - Executing <Task(PythonOperator): run_kafka_consumer> on 2025-09-11 08:00:00+00:00
[2025-09-12T03:56:32.070+0000] {standard_task_runner.py:60} INFO - Started process 329 to run task
[2025-09-12T03:56:32.072+0000] {standard_task_runner.py:87} INFO - Running: ['airflow', 'tasks', 'run', 'aviationstack_kafka_dag', 'run_kafka_consumer', 'scheduled__2025-09-11T08:00:00+00:00', '--job-id', '5', '--raw', '--subdir', 'DAGS_FOLDER/aviationstack_dag.py', '--cfg-path', '/tmp/tmpqmxqoozx']
[2025-09-12T03:56:32.073+0000] {standard_task_runner.py:88} INFO - Job 5: Subtask run_kafka_consumer
[2025-09-12T03:56:32.094+0000] {task_command.py:423} INFO - Running <TaskInstance: aviationstack_kafka_dag.run_kafka_consumer scheduled__2025-09-11T08:00:00+00:00 [running]> on host d9a167701a42
[2025-09-12T03:56:32.121+0000] {taskinstance.py:2480} INFO - Exporting env vars: AIRFLOW_CTX_DAG_OWNER='airflow' AIRFLOW_CTX_DAG_ID='aviationstack_kafka_dag' AIRFLOW_CTX_TASK_ID='run_kafka_consumer' AIRFLOW_CTX_EXECUTION_DATE='2025-09-11T08:00:00+00:00' AIRFLOW_CTX_TRY_NUMBER='1' AIRFLOW_CTX_DAG_RUN_ID='scheduled__2025-09-11T08:00:00+00:00'
[2025-09-12T03:56:32.122+0000] {logging_mixin.py:188} INFO - Starting consumer...
[2025-09-12T03:56:32.124+0000] {conn.py:396} INFO - <BrokerConnection client_id=kafka-python-2.2.15, node_id=1 host=kafka:9092 <connecting> [IPv4 ('172.18.0.4', 9092)]>: connecting to kafka:9092 [('172.18.0.4', 9092) IPv4]
[2025-09-12T03:56:32.124+0000] {conn.py:457} INFO - <BrokerConnection client_id=kafka-python-2.2.15, node_id=1 host=kafka:9092 <connected> [IPv4 ('172.18.0.4', 9092)]>: Connection complete.
[2025-09-12T03:56:32.124+0000] {conn.py:945} INFO - <BrokerConnection client_id=kafka-python-2.2.15, node_id=bootstrap-0 host=kafka:9092 <connected> [IPv4 ('172.18.0.4', 9092)]>: Closing connection. 
[2025-09-12T03:56:32.543+0000] {cluster.py:401} INFO - Coordinator for group/aviation_flight_data_test_group_02 is ('coordinator-1', 'kafka', 9092, None)
[2025-09-12T03:56:32.543+0000] {base.py:788} INFO - Discovered coordinator coordinator-1 for group aviation_flight_data_test_group_02
[2025-09-12T03:56:32.543+0000] {base.py:848} INFO - Starting new heartbeat thread
[2025-09-12T03:56:32.544+0000] {consumer.py:365} INFO - Revoking previously assigned partitions () for group aviation_flight_data_test_group_02
[2025-09-12T03:56:32.544+0000] {base.py:419} INFO - Failed to join group aviation_flight_data_test_group_02: NodeNotReadyError: coordinator-1
[2025-09-12T03:56:32.545+0000] {conn.py:396} INFO - <BrokerConnection client_id=kafka-python-2.2.15, node_id=coordinator-1 host=kafka:9092 <connecting> [IPv4 ('172.18.0.4', 9092)]>: connecting to kafka:9092 [('172.18.0.4', 9092) IPv4]
[2025-09-12T03:56:32.545+0000] {conn.py:457} INFO - <BrokerConnection client_id=kafka-python-2.2.15, node_id=coordinator-1 host=kafka:9092 <connected> [IPv4 ('172.18.0.4', 9092)]>: Connection complete.
[2025-09-12T03:56:32.646+0000] {base.py:532} INFO - (Re-)joining group aviation_flight_data_test_group_02
[2025-09-12T03:56:32.655+0000] {base.py:637} INFO - Received member id kafka-python-2.2.15-25b0c09e-b976-4a79-a3ae-9c7c057f405a for group aviation_flight_data_test_group_02; will retry join-group
[2025-09-12T03:56:32.655+0000] {base.py:419} INFO - Failed to join group aviation_flight_data_test_group_02: [Error 79] MemberIdRequiredError
[2025-09-12T03:56:32.656+0000] {base.py:532} INFO - (Re-)joining group aviation_flight_data_test_group_02
[2025-09-12T03:56:38.678+0000] {base.py:594} INFO - Successfully joined group aviation_flight_data_test_group_02 <Generation 1 (member_id: kafka-python-2.2.15-25b0c09e-b976-4a79-a3ae-9c7c057f405a, protocol: range)>
[2025-09-12T03:56:38.679+0000] {base.py:596} INFO - Elected group leader -- performing partition assignments using range
[2025-09-12T03:56:38.693+0000] {subscription_state.py:254} INFO - Updated partition assignment: []
[2025-09-12T03:56:38.694+0000] {consumer.py:249} INFO - Setting newly assigned partitions () for group aviation_flight_data_test_group_02
[2025-09-12T03:56:42.126+0000] {python.py:201} INFO - Done. Returned value was: None
[2025-09-12T03:56:42.132+0000] {taskinstance.py:1138} INFO - Marking task as SUCCESS. dag_id=aviationstack_kafka_dag, task_id=run_kafka_consumer, execution_date=20250911T080000, start_date=20250912T035632, end_date=20250912T035642
[2025-09-12T03:56:42.145+0000] {local_task_job_runner.py:234} INFO - Task exited with return code 0
[2025-09-12T03:56:42.157+0000] {taskinstance.py:3280} INFO - 1 downstream tasks scheduled from follow-on schedule check
