[2025-09-11T02:24:11.986+0000] {taskinstance.py:1956} INFO - Dependencies all met for dep_context=non-requeueable deps ti=<TaskInstance: aviationstack_kafka_dag.run_gold_load manual__2025-09-11T02:24:05.445650+00:00 [queued]>
[2025-09-11T02:24:11.988+0000] {taskinstance.py:1956} INFO - Dependencies all met for dep_context=requeueable deps ti=<TaskInstance: aviationstack_kafka_dag.run_gold_load manual__2025-09-11T02:24:05.445650+00:00 [queued]>
[2025-09-11T02:24:11.988+0000] {taskinstance.py:2170} INFO - Starting attempt 1 of 1
[2025-09-11T02:24:11.992+0000] {taskinstance.py:2191} INFO - Executing <Task(PythonOperator): run_gold_load> on 2025-09-11 02:24:05.445650+00:00
[2025-09-11T02:24:11.994+0000] {standard_task_runner.py:60} INFO - Started process 1371 to run task
[2025-09-11T02:24:11.995+0000] {standard_task_runner.py:87} INFO - Running: ['airflow', 'tasks', 'run', 'aviationstack_kafka_dag', 'run_gold_load', 'manual__2025-09-11T02:24:05.445650+00:00', '--job-id', '89', '--raw', '--subdir', 'DAGS_FOLDER/aviationstack_dag.py', '--cfg-path', '/tmp/tmp3gahe2vf']
[2025-09-11T02:24:11.996+0000] {standard_task_runner.py:88} INFO - Job 89: Subtask run_gold_load
[2025-09-11T02:24:12.003+0000] {logging_mixin.py:188} WARNING - /home/airflow/.local/lib/python3.11/site-packages/airflow/settings.py:194 DeprecationWarning: The sql_alchemy_conn option in [core] has been moved to the sql_alchemy_conn option in [database] - the old setting has been used, but please update your config.
[2025-09-11T02:24:12.015+0000] {task_command.py:423} INFO - Running <TaskInstance: aviationstack_kafka_dag.run_gold_load manual__2025-09-11T02:24:05.445650+00:00 [running]> on host 08b0080c1409
[2025-09-11T02:24:12.042+0000] {taskinstance.py:2480} INFO - Exporting env vars: AIRFLOW_CTX_DAG_OWNER='airflow' AIRFLOW_CTX_DAG_ID='aviationstack_kafka_dag' AIRFLOW_CTX_TASK_ID='run_gold_load' AIRFLOW_CTX_EXECUTION_DATE='2025-09-11T02:24:05.445650+00:00' AIRFLOW_CTX_TRY_NUMBER='1' AIRFLOW_CTX_DAG_RUN_ID='manual__2025-09-11T02:24:05.445650+00:00'
[2025-09-11T02:24:12.049+0000] {base.py:83} INFO - Using connection ID 'postgres_default' for task execution.
[2025-09-11T02:24:12.052+0000] {logging_mixin.py:188} INFO - [INFO] Starting to load data into gold layer
[2025-09-11T02:24:12.052+0000] {logging_mixin.py:188} INFO - Working on timezone
[2025-09-11T02:24:12.053+0000] {logging_mixin.py:188} INFO - Completed timezone
[2025-09-11T02:24:12.053+0000] {logging_mixin.py:188} INFO - Working on airline
[2025-09-11T02:24:12.054+0000] {logging_mixin.py:188} INFO - Completed airline
[2025-09-11T02:24:12.054+0000] {logging_mixin.py:188} INFO - Working on airport
[2025-09-11T02:24:12.055+0000] {logging_mixin.py:188} INFO - Completed airport
[2025-09-11T02:24:12.056+0000] {logging_mixin.py:188} INFO - Working on flight
[2025-09-11T02:24:12.058+0000] {logging_mixin.py:188} INFO - Completed flight
[2025-09-11T02:24:12.058+0000] {logging_mixin.py:188} INFO - Working on arr_dept_table
[2025-09-11T02:24:12.064+0000] {logging_mixin.py:188} INFO - Completed arr_dept table
[2025-09-11T02:24:12.064+0000] {logging_mixin.py:188} INFO - Working on departure table
[2025-09-11T02:24:12.067+0000] {logging_mixin.py:188} INFO - Completed departure table
[2025-09-11T02:24:12.067+0000] {logging_mixin.py:188} INFO - Working on arrival table
[2025-09-11T02:24:12.071+0000] {logging_mixin.py:188} INFO - Completed arrival table
[2025-09-11T02:24:12.071+0000] {logging_mixin.py:188} INFO - [INFO] Completed gold layer
[2025-09-11T02:24:12.071+0000] {python.py:201} INFO - Done. Returned value was: None
[2025-09-11T02:24:12.075+0000] {taskinstance.py:1138} INFO - Marking task as SUCCESS. dag_id=aviationstack_kafka_dag, task_id=run_gold_load, execution_date=20250911T022405, start_date=20250911T022411, end_date=20250911T022412
[2025-09-11T02:24:12.092+0000] {local_task_job_runner.py:234} INFO - Task exited with return code 0
[2025-09-11T02:24:12.098+0000] {taskinstance.py:3280} INFO - 0 downstream tasks scheduled from follow-on schedule check
