[2025-09-16T06:52:44.099+0000] {taskinstance.py:1956} INFO - Dependencies all met for dep_context=non-requeueable deps ti=<TaskInstance: opensky_data_streaming_dag.wait_8_hours manual__2025-09-16T06:52:42.920462+00:00 [queued]>
[2025-09-16T06:52:44.102+0000] {taskinstance.py:1956} INFO - Dependencies all met for dep_context=requeueable deps ti=<TaskInstance: opensky_data_streaming_dag.wait_8_hours manual__2025-09-16T06:52:42.920462+00:00 [queued]>
[2025-09-16T06:52:44.102+0000] {taskinstance.py:2170} INFO - Starting attempt 1 of 1
[2025-09-16T06:52:44.106+0000] {taskinstance.py:2191} INFO - Executing <Task(BashOperator): wait_8_hours> on 2025-09-16 06:52:42.920462+00:00
[2025-09-16T06:52:44.108+0000] {standard_task_runner.py:60} INFO - Started process 380 to run task
[2025-09-16T06:52:44.110+0000] {standard_task_runner.py:87} INFO - Running: ['airflow', 'tasks', 'run', 'opensky_data_streaming_dag', 'wait_8_hours', 'manual__2025-09-16T06:52:42.920462+00:00', '--job-id', '5', '--raw', '--subdir', 'DAGS_FOLDER/opensky_data_streaming_dag.py', '--cfg-path', '/tmp/tmp8ed5j6l2']
[2025-09-16T06:52:44.111+0000] {standard_task_runner.py:88} INFO - Job 5: Subtask wait_8_hours
[2025-09-16T06:52:44.134+0000] {task_command.py:423} INFO - Running <TaskInstance: opensky_data_streaming_dag.wait_8_hours manual__2025-09-16T06:52:42.920462+00:00 [running]> on host 7b6d608462af
[2025-09-16T06:52:44.162+0000] {taskinstance.py:2480} INFO - Exporting env vars: AIRFLOW_CTX_DAG_OWNER='airflow' AIRFLOW_CTX_DAG_ID='opensky_data_streaming_dag' AIRFLOW_CTX_TASK_ID='wait_8_hours' AIRFLOW_CTX_EXECUTION_DATE='2025-09-16T06:52:42.920462+00:00' AIRFLOW_CTX_TRY_NUMBER='1' AIRFLOW_CTX_DAG_RUN_ID='manual__2025-09-16T06:52:42.920462+00:00'
[2025-09-16T06:52:44.162+0000] {subprocess.py:63} INFO - Tmp dir root location: /tmp
[2025-09-16T06:52:44.163+0000] {subprocess.py:75} INFO - Running command: ['/usr/bin/bash', '-c', 'sleep 28800']
[2025-09-16T06:52:44.166+0000] {subprocess.py:86} INFO - Output:
[2025-09-16T08:10:36.429+0000] {local_task_job_runner.py:121} ERROR - Received SIGTERM. Terminating subprocesses
[2025-09-16T08:10:36.435+0000] {process_utils.py:131} INFO - Sending 15 to group 380. PIDs of all processes in the group: [384, 380]
[2025-09-16T08:10:36.437+0000] {process_utils.py:86} INFO - Sending the signal 15 to group 380
[2025-09-16T08:10:36.440+0000] {taskinstance.py:2450} ERROR - Received SIGTERM. Terminating subprocesses.
[2025-09-16T08:10:36.441+0000] {subprocess.py:104} INFO - Sending SIGTERM signal to process group
[2025-09-16T08:10:36.452+0000] {taskinstance.py:2698} ERROR - Task failed with exception
Traceback (most recent call last):
  File "/home/airflow/.local/lib/python3.11/site-packages/airflow/models/taskinstance.py", line 433, in _execute_task
    result = execute_callable(context=context, **execute_callable_kwargs)
             ^^^^^^^^^^^^^^^^^^^^^^^^^^^^^^^^^^^^^^^^^^^^^^^^^^^^^^^^^^^^
  File "/home/airflow/.local/lib/python3.11/site-packages/airflow/operators/bash.py", line 203, in execute
    result = self.subprocess_hook.run_command(
             ^^^^^^^^^^^^^^^^^^^^^^^^^^^^^^^^^
  File "/home/airflow/.local/lib/python3.11/site-packages/airflow/hooks/subprocess.py", line 91, in run_command
    for raw_line in iter(self.sub_process.stdout.readline, b""):
  File "/home/airflow/.local/lib/python3.11/site-packages/airflow/models/taskinstance.py", line 2452, in signal_handler
    raise AirflowException("Task received SIGTERM signal")
airflow.exceptions.AirflowException: Task received SIGTERM signal
[2025-09-16T08:10:36.454+0000] {taskinstance.py:1138} INFO - Marking task as FAILED. dag_id=opensky_data_streaming_dag, task_id=wait_8_hours, execution_date=20250916T065242, start_date=20250916T065244, end_date=20250916T081036
[2025-09-16T08:10:36.459+0000] {standard_task_runner.py:107} ERROR - Failed to execute job 5 for task wait_8_hours (Task received SIGTERM signal; 380)
[2025-09-16T08:10:36.471+0000] {process_utils.py:79} INFO - Process psutil.Process(pid=384, status='terminated', started='06:52:43') (384) terminated with exit code None
[2025-09-16T08:10:36.472+0000] {process_utils.py:79} INFO - Process psutil.Process(pid=380, status='terminated', exitcode=1, started='06:52:43') (380) terminated with exit code 1
[2025-09-16T08:10:36.473+0000] {local_task_job_runner.py:234} INFO - Task exited with return code 143
[2025-09-16T08:10:36.481+0000] {taskinstance.py:3280} INFO - 0 downstream tasks scheduled from follow-on schedule check
