[2025-09-11T02:24:07.773+0000] {taskinstance.py:1956} INFO - Dependencies all met for dep_context=non-requeueable deps ti=<TaskInstance: aviationstack_kafka_dag.run_silver_load manual__2025-09-11T02:24:05.445650+00:00 [queued]>
[2025-09-11T02:24:07.775+0000] {taskinstance.py:1956} INFO - Dependencies all met for dep_context=requeueable deps ti=<TaskInstance: aviationstack_kafka_dag.run_silver_load manual__2025-09-11T02:24:05.445650+00:00 [queued]>
[2025-09-11T02:24:07.775+0000] {taskinstance.py:2170} INFO - Starting attempt 1 of 1
[2025-09-11T02:24:07.779+0000] {taskinstance.py:2191} INFO - Executing <Task(PythonOperator): run_silver_load> on 2025-09-11 02:24:05.445650+00:00
[2025-09-11T02:24:07.781+0000] {standard_task_runner.py:60} INFO - Started process 1087 to run task
[2025-09-11T02:24:07.782+0000] {standard_task_runner.py:87} INFO - Running: ['airflow', 'tasks', 'run', 'aviationstack_kafka_dag', 'run_silver_load', 'manual__2025-09-11T02:24:05.445650+00:00', '--job-id', '88', '--raw', '--subdir', 'DAGS_FOLDER/aviationstack_dag.py', '--cfg-path', '/tmp/tmpcgamae0u']
[2025-09-11T02:24:07.783+0000] {standard_task_runner.py:88} INFO - Job 88: Subtask run_silver_load
[2025-09-11T02:24:07.789+0000] {logging_mixin.py:188} WARNING - /home/airflow/.local/lib/python3.11/site-packages/airflow/settings.py:194 DeprecationWarning: The sql_alchemy_conn option in [core] has been moved to the sql_alchemy_conn option in [database] - the old setting has been used, but please update your config.
[2025-09-11T02:24:07.801+0000] {task_command.py:423} INFO - Running <TaskInstance: aviationstack_kafka_dag.run_silver_load manual__2025-09-11T02:24:05.445650+00:00 [running]> on host 08b0080c1409
[2025-09-11T02:24:07.828+0000] {taskinstance.py:2480} INFO - Exporting env vars: AIRFLOW_CTX_DAG_OWNER='airflow' AIRFLOW_CTX_DAG_ID='aviationstack_kafka_dag' AIRFLOW_CTX_TASK_ID='run_silver_load' AIRFLOW_CTX_EXECUTION_DATE='2025-09-11T02:24:05.445650+00:00' AIRFLOW_CTX_TRY_NUMBER='1' AIRFLOW_CTX_DAG_RUN_ID='manual__2025-09-11T02:24:05.445650+00:00'
[2025-09-11T02:24:07.828+0000] {logging_mixin.py:188} INFO - [INFO] Start to load data into silver tables.
[2025-09-11T02:24:10.096+0000] {logging_mixin.py:188} INFO - [DEBUG] Latest processing time: 1970-01-01 00:00:00
[2025-09-11T02:24:10.527+0000] {logging_mixin.py:188} INFO - [INFO] Loading data into silver_flight_info
[2025-09-11T02:24:10.527+0000] {logging_mixin.py:188} INFO - Starting cleaning and transformation process. avstack.bronze_info -> avstack.silver_flight_info
[2025-09-11T02:24:11.110+0000] {logging_mixin.py:188} INFO - Completed cleaning and tranformation process. avstack.bronze_info -> avstack.silver_flight_info
[2025-09-11T02:24:11.176+0000] {logging_mixin.py:188} INFO - Original record count: 857
[2025-09-11T02:24:11.244+0000] {logging_mixin.py:188} INFO - Cleaned record count: 814
[2025-09-11T02:24:11.245+0000] {logging_mixin.py:188} INFO - [INFO] Successfully loaded data into silver_flight_info
[2025-09-11T02:24:11.245+0000] {logging_mixin.py:188} INFO - [INFO] Loading data into silver_dept_info
[2025-09-11T02:24:11.245+0000] {logging_mixin.py:188} INFO - Starting cleaning and transformation process. avstack.bronze_info -> avstack.silver_dept_info
[2025-09-11T02:24:11.471+0000] {logging_mixin.py:188} INFO - Completed cleaning and tranformation process. avstack.bronze_info -> avstack.silver_dept_info
[2025-09-11T02:24:11.508+0000] {logging_mixin.py:188} INFO - Original record count: 857
[2025-09-11T02:24:11.572+0000] {logging_mixin.py:188} INFO - Cleaned record count: 816
[2025-09-11T02:24:11.572+0000] {logging_mixin.py:188} INFO - [INFO] Successfully loaded data into silver_dept_info
[2025-09-11T02:24:11.572+0000] {logging_mixin.py:188} INFO - [INFO] Loading data into silver_arr_info
[2025-09-11T02:24:11.572+0000] {logging_mixin.py:188} INFO - Starting cleaning and transformation process. avstack.bronze_info -> avstack.silver_arr_info
[2025-09-11T02:24:11.728+0000] {logging_mixin.py:188} INFO - Completed cleaning and tranformation process. avstack.bronze_info -> avstack.silver_arr_info
[2025-09-11T02:24:11.762+0000] {logging_mixin.py:188} INFO - Original record count: 857
[2025-09-11T02:24:11.811+0000] {logging_mixin.py:188} INFO - Cleaned record count: 816
[2025-09-11T02:24:11.811+0000] {logging_mixin.py:188} INFO - [INFO] Successfully loaded data into silver_arr_info
[2025-09-11T02:24:11.811+0000] {python.py:201} INFO - Done. Returned value was: None
[2025-09-11T02:24:11.817+0000] {taskinstance.py:1138} INFO - Marking task as SUCCESS. dag_id=aviationstack_kafka_dag, task_id=run_silver_load, execution_date=20250911T022405, start_date=20250911T022407, end_date=20250911T022411
[2025-09-11T02:24:11.864+0000] {local_task_job_runner.py:234} INFO - Task exited with return code 0
[2025-09-11T02:24:11.872+0000] {taskinstance.py:3280} INFO - 0 downstream tasks scheduled from follow-on schedule check
