[2025-09-17T06:43:17.967+0000] {taskinstance.py:1956} INFO - Dependencies all met for dep_context=non-requeueable deps ti=<TaskInstance: opensky_data_pipeline_dag.dbt_run_silver manual__2025-09-17T06:42:57.855293+00:00 [queued]>
[2025-09-17T06:43:17.970+0000] {taskinstance.py:1956} INFO - Dependencies all met for dep_context=requeueable deps ti=<TaskInstance: opensky_data_pipeline_dag.dbt_run_silver manual__2025-09-17T06:42:57.855293+00:00 [queued]>
[2025-09-17T06:43:17.970+0000] {taskinstance.py:2170} INFO - Starting attempt 1 of 1
[2025-09-17T06:43:17.973+0000] {taskinstance.py:2191} INFO - Executing <Task(BashOperator): dbt_run_silver> on 2025-09-17 06:42:57.855293+00:00
[2025-09-17T06:43:17.975+0000] {standard_task_runner.py:60} INFO - Started process 9277 to run task
[2025-09-17T06:43:17.977+0000] {standard_task_runner.py:87} INFO - Running: ['airflow', 'tasks', 'run', 'opensky_data_pipeline_dag', 'dbt_run_silver', 'manual__2025-09-17T06:42:57.855293+00:00', '--job-id', '70', '--raw', '--subdir', 'DAGS_FOLDER/opensky_data_pipeline_dag.py', '--cfg-path', '/tmp/tmpo22_w00n']
[2025-09-17T06:43:17.978+0000] {standard_task_runner.py:88} INFO - Job 70: Subtask dbt_run_silver
[2025-09-17T06:43:17.995+0000] {task_command.py:423} INFO - Running <TaskInstance: opensky_data_pipeline_dag.dbt_run_silver manual__2025-09-17T06:42:57.855293+00:00 [running]> on host 769d9d26935d
[2025-09-17T06:43:18.094+0000] {taskinstance.py:2480} INFO - Exporting env vars: AIRFLOW_CTX_DAG_OWNER='airflow' AIRFLOW_CTX_DAG_ID='opensky_data_pipeline_dag' AIRFLOW_CTX_TASK_ID='dbt_run_silver' AIRFLOW_CTX_EXECUTION_DATE='2025-09-17T06:42:57.855293+00:00' AIRFLOW_CTX_TRY_NUMBER='1' AIRFLOW_CTX_DAG_RUN_ID='manual__2025-09-17T06:42:57.855293+00:00'
[2025-09-17T06:43:18.094+0000] {subprocess.py:63} INFO - Tmp dir root location: /tmp
[2025-09-17T06:43:18.095+0000] {subprocess.py:75} INFO - Running command: ['/usr/bin/bash', '-c', 'cd /opt/airflow/flightweather_dbt && dbt run --select tag:silver --profiles-dir .']
[2025-09-17T06:43:18.098+0000] {subprocess.py:86} INFO - Output:
[2025-09-17T06:43:18.602+0000] {subprocess.py:93} INFO - [0m06:43:18  Running with dbt=1.10.11
[2025-09-17T06:43:18.680+0000] {subprocess.py:93} INFO - [0m06:43:18  Registered adapter: postgres=1.9.1
[2025-09-17T06:43:18.801+0000] {subprocess.py:93} INFO - [0m06:43:18  Encountered an error:
[2025-09-17T06:43:18.801+0000] {subprocess.py:93} INFO - Compilation Error in model silver_secondary_table (models/opensky/silver_secondary_table.sql)
[2025-09-17T06:43:18.801+0000] {subprocess.py:93} INFO -   expected token ',', got 'info'
[2025-09-17T06:43:18.801+0000] {subprocess.py:93} INFO -     line 27
[2025-09-17T06:43:18.801+0000] {subprocess.py:93} INFO -       {% do log("silver_secondary_table at " ~ timestamp info=True) %}
[2025-09-17T06:43:19.958+0000] {subprocess.py:97} INFO - Command exited with return code 2
[2025-09-17T06:43:19.963+0000] {taskinstance.py:2698} ERROR - Task failed with exception
Traceback (most recent call last):
  File "/home/airflow/.local/lib/python3.11/site-packages/airflow/models/taskinstance.py", line 433, in _execute_task
    result = execute_callable(context=context, **execute_callable_kwargs)
             ^^^^^^^^^^^^^^^^^^^^^^^^^^^^^^^^^^^^^^^^^^^^^^^^^^^^^^^^^^^^
  File "/home/airflow/.local/lib/python3.11/site-packages/airflow/operators/bash.py", line 212, in execute
    raise AirflowException(
airflow.exceptions.AirflowException: Bash command failed. The command returned a non-zero exit code 2.
[2025-09-17T06:43:19.965+0000] {taskinstance.py:1138} INFO - Marking task as FAILED. dag_id=opensky_data_pipeline_dag, task_id=dbt_run_silver, execution_date=20250917T064257, start_date=20250917T064317, end_date=20250917T064319
[2025-09-17T06:43:19.970+0000] {standard_task_runner.py:107} ERROR - Failed to execute job 70 for task dbt_run_silver (Bash command failed. The command returned a non-zero exit code 2.; 9277)
[2025-09-17T06:43:19.998+0000] {local_task_job_runner.py:234} INFO - Task exited with return code 1
[2025-09-17T06:43:20.009+0000] {taskinstance.py:3280} INFO - 0 downstream tasks scheduled from follow-on schedule check
