[2025-09-16T02:25:09.641+0000] {taskinstance.py:1956} INFO - Dependencies all met for dep_context=non-requeueable deps ti=<TaskInstance: opensky_pipeline_dag.dbt_run_gold manual__2025-09-16T02:24:46.049465+00:00 [queued]>
[2025-09-16T02:25:09.643+0000] {taskinstance.py:1956} INFO - Dependencies all met for dep_context=requeueable deps ti=<TaskInstance: opensky_pipeline_dag.dbt_run_gold manual__2025-09-16T02:24:46.049465+00:00 [queued]>
[2025-09-16T02:25:09.643+0000] {taskinstance.py:2170} INFO - Starting attempt 1 of 1
[2025-09-16T02:25:09.647+0000] {taskinstance.py:2191} INFO - Executing <Task(BashOperator): dbt_run_gold> on 2025-09-16 02:24:46.049465+00:00
[2025-09-16T02:25:09.649+0000] {standard_task_runner.py:60} INFO - Started process 608 to run task
[2025-09-16T02:25:09.650+0000] {standard_task_runner.py:87} INFO - Running: ['airflow', 'tasks', 'run', 'opensky_pipeline_dag', 'dbt_run_gold', 'manual__2025-09-16T02:24:46.049465+00:00', '--job-id', '20', '--raw', '--subdir', 'DAGS_FOLDER/opensky_dag_slow.py', '--cfg-path', '/tmp/tmp8g6j_gxs']
[2025-09-16T02:25:09.650+0000] {standard_task_runner.py:88} INFO - Job 20: Subtask dbt_run_gold
[2025-09-16T02:25:09.668+0000] {task_command.py:423} INFO - Running <TaskInstance: opensky_pipeline_dag.dbt_run_gold manual__2025-09-16T02:24:46.049465+00:00 [running]> on host f5313bc6bf01
[2025-09-16T02:25:09.696+0000] {taskinstance.py:2480} INFO - Exporting env vars: AIRFLOW_CTX_DAG_OWNER='airflow' AIRFLOW_CTX_DAG_ID='opensky_pipeline_dag' AIRFLOW_CTX_TASK_ID='dbt_run_gold' AIRFLOW_CTX_EXECUTION_DATE='2025-09-16T02:24:46.049465+00:00' AIRFLOW_CTX_TRY_NUMBER='1' AIRFLOW_CTX_DAG_RUN_ID='manual__2025-09-16T02:24:46.049465+00:00'
[2025-09-16T02:25:09.697+0000] {subprocess.py:63} INFO - Tmp dir root location: /tmp
[2025-09-16T02:25:09.697+0000] {subprocess.py:75} INFO - Running command: ['/usr/bin/bash', '-c', 'cd /opt/airflow/flightweather_dbt && dbt run --select tag:gold --profiles-dir .']
[2025-09-16T02:25:09.701+0000] {subprocess.py:86} INFO - Output:
[2025-09-16T02:25:10.224+0000] {subprocess.py:93} INFO - [0m02:25:10  Running with dbt=1.10.11
[2025-09-16T02:25:10.304+0000] {subprocess.py:93} INFO - [0m02:25:10  Registered adapter: postgres=1.9.1
[2025-09-16T02:25:10.421+0000] {subprocess.py:93} INFO - [0m02:25:10  Found 3 models, 1 source, 434 macros
[2025-09-16T02:25:10.422+0000] {subprocess.py:93} INFO - [0m02:25:10
[2025-09-16T02:25:10.422+0000] {subprocess.py:93} INFO - [0m02:25:10  Concurrency: 2 threads (target='dev')
[2025-09-16T02:25:10.423+0000] {subprocess.py:93} INFO - [0m02:25:10
[2025-09-16T02:25:10.461+0000] {subprocess.py:93} INFO - [0m02:25:10  1 of 1 START sql table model opensky.gold_flight_stats_by_country .............. [RUN]
[2025-09-16T02:25:10.530+0000] {subprocess.py:93} INFO - [0m02:25:10  1 of 1 OK created sql table model opensky.gold_flight_stats_by_country ......... [[32mSELECT 93[0m in 0.07s]
[2025-09-16T02:25:10.536+0000] {subprocess.py:93} INFO - [0m02:25:10
[2025-09-16T02:25:10.536+0000] {subprocess.py:93} INFO - [0m02:25:10  Finished running 1 table model in 0 hours 0 minutes and 0.11 seconds (0.11s).
[2025-09-16T02:25:10.551+0000] {subprocess.py:93} INFO - [0m02:25:10
[2025-09-16T02:25:10.552+0000] {subprocess.py:93} INFO - [0m02:25:10  [32mCompleted successfully[0m
[2025-09-16T02:25:10.552+0000] {subprocess.py:93} INFO - [0m02:25:10
[2025-09-16T02:25:10.552+0000] {subprocess.py:93} INFO - [0m02:25:10  Done. PASS=1 WARN=0 ERROR=0 SKIP=0 NO-OP=0 TOTAL=1
[2025-09-16T02:25:11.607+0000] {subprocess.py:97} INFO - Command exited with return code 0
[2025-09-16T02:25:11.618+0000] {taskinstance.py:1138} INFO - Marking task as SUCCESS. dag_id=opensky_pipeline_dag, task_id=dbt_run_gold, execution_date=20250916T022446, start_date=20250916T022509, end_date=20250916T022511
[2025-09-16T02:25:11.662+0000] {local_task_job_runner.py:234} INFO - Task exited with return code 0
[2025-09-16T02:25:11.669+0000] {taskinstance.py:3280} INFO - 0 downstream tasks scheduled from follow-on schedule check
