[2025-09-16T02:15:47.458+0000] {taskinstance.py:1956} INFO - Dependencies all met for dep_context=non-requeueable deps ti=<TaskInstance: opensky_pipeline_dag.dbt_run_silver manual__2025-09-16T02:15:29.654381+00:00 [queued]>
[2025-09-16T02:15:47.460+0000] {taskinstance.py:1956} INFO - Dependencies all met for dep_context=requeueable deps ti=<TaskInstance: opensky_pipeline_dag.dbt_run_silver manual__2025-09-16T02:15:29.654381+00:00 [queued]>
[2025-09-16T02:15:47.461+0000] {taskinstance.py:2170} INFO - Starting attempt 1 of 1
[2025-09-16T02:15:47.464+0000] {taskinstance.py:2191} INFO - Executing <Task(BashOperator): dbt_run_silver> on 2025-09-16 02:15:29.654381+00:00
[2025-09-16T02:15:47.466+0000] {standard_task_runner.py:60} INFO - Started process 287 to run task
[2025-09-16T02:15:47.467+0000] {standard_task_runner.py:87} INFO - Running: ['airflow', 'tasks', 'run', 'opensky_pipeline_dag', 'dbt_run_silver', 'manual__2025-09-16T02:15:29.654381+00:00', '--job-id', '9', '--raw', '--subdir', 'DAGS_FOLDER/opensky_dag_slow.py', '--cfg-path', '/tmp/tmp69sxgjzv']
[2025-09-16T02:15:47.468+0000] {standard_task_runner.py:88} INFO - Job 9: Subtask dbt_run_silver
[2025-09-16T02:15:47.484+0000] {task_command.py:423} INFO - Running <TaskInstance: opensky_pipeline_dag.dbt_run_silver manual__2025-09-16T02:15:29.654381+00:00 [running]> on host f5313bc6bf01
[2025-09-16T02:15:47.510+0000] {taskinstance.py:2480} INFO - Exporting env vars: AIRFLOW_CTX_DAG_OWNER='airflow' AIRFLOW_CTX_DAG_ID='opensky_pipeline_dag' AIRFLOW_CTX_TASK_ID='dbt_run_silver' AIRFLOW_CTX_EXECUTION_DATE='2025-09-16T02:15:29.654381+00:00' AIRFLOW_CTX_TRY_NUMBER='1' AIRFLOW_CTX_DAG_RUN_ID='manual__2025-09-16T02:15:29.654381+00:00'
[2025-09-16T02:15:47.510+0000] {subprocess.py:63} INFO - Tmp dir root location: /tmp
[2025-09-16T02:15:47.510+0000] {subprocess.py:75} INFO - Running command: ['/usr/bin/bash', '-c', 'cd /opt/airflow/flightweather_dbt && dbt run --select tag:silver --profiles-dir .']
[2025-09-16T02:15:47.513+0000] {subprocess.py:86} INFO - Output:
[2025-09-16T02:15:48.032+0000] {subprocess.py:93} INFO - [0m02:15:48  Running with dbt=1.10.11
[2025-09-16T02:15:48.136+0000] {subprocess.py:93} INFO - [0m02:15:48  Registered adapter: postgres=1.9.1
[2025-09-16T02:15:48.190+0000] {subprocess.py:93} INFO - [0m02:15:48  Unable to do partial parsing because profile has changed
[2025-09-16T02:15:48.584+0000] {subprocess.py:93} INFO - [0m02:15:48  Found 3 models, 1 source, 434 macros
[2025-09-16T02:15:48.585+0000] {subprocess.py:93} INFO - [0m02:15:48
[2025-09-16T02:15:48.585+0000] {subprocess.py:93} INFO - [0m02:15:48  Concurrency: 2 threads (target='dev')
[2025-09-16T02:15:48.585+0000] {subprocess.py:93} INFO - [0m02:15:48
[2025-09-16T02:15:48.624+0000] {subprocess.py:93} INFO - [0m02:15:48  1 of 2 START sql incremental model opensky.silver_main_table ................... [RUN]
[2025-09-16T02:15:48.624+0000] {subprocess.py:93} INFO - [0m02:15:48  2 of 2 START sql incremental model opensky.silver_secondary_table .............. [RUN]
[2025-09-16T02:15:48.679+0000] {subprocess.py:93} INFO - [0m02:15:48  1 of 2 OK created sql incremental model opensky.silver_main_table .............. [[32mSELECT 13802[0m in 0.05s]
[2025-09-16T02:15:48.679+0000] {subprocess.py:93} INFO - [0m02:15:48  2 of 2 OK created sql incremental model opensky.silver_secondary_table ......... [[32mSELECT 13936[0m in 0.05s]
[2025-09-16T02:15:48.685+0000] {subprocess.py:93} INFO - [0m02:15:48
[2025-09-16T02:15:48.685+0000] {subprocess.py:93} INFO - [0m02:15:48  Finished running 2 incremental models in 0 hours 0 minutes and 0.10 seconds (0.10s).
[2025-09-16T02:15:48.700+0000] {subprocess.py:93} INFO - [0m02:15:48
[2025-09-16T02:15:48.700+0000] {subprocess.py:93} INFO - [0m02:15:48  [32mCompleted successfully[0m
[2025-09-16T02:15:48.700+0000] {subprocess.py:93} INFO - [0m02:15:48
[2025-09-16T02:15:48.700+0000] {subprocess.py:93} INFO - [0m02:15:48  Done. PASS=2 WARN=0 ERROR=0 SKIP=0 NO-OP=0 TOTAL=2
[2025-09-16T02:15:49.786+0000] {subprocess.py:97} INFO - Command exited with return code 0
[2025-09-16T02:15:49.797+0000] {taskinstance.py:1138} INFO - Marking task as SUCCESS. dag_id=opensky_pipeline_dag, task_id=dbt_run_silver, execution_date=20250916T021529, start_date=20250916T021547, end_date=20250916T021549
[2025-09-16T02:15:49.843+0000] {local_task_job_runner.py:234} INFO - Task exited with return code 0
[2025-09-16T02:15:49.851+0000] {taskinstance.py:3280} INFO - 1 downstream tasks scheduled from follow-on schedule check
