[2025-09-17T02:45:16.382+0000] {taskinstance.py:1956} INFO - Dependencies all met for dep_context=non-requeueable deps ti=<TaskInstance: opensky_altitude_alert_dag.start_watching manual__2025-09-17T02:45:16.088372+00:00 [queued]>
[2025-09-17T02:45:16.384+0000] {taskinstance.py:1956} INFO - Dependencies all met for dep_context=requeueable deps ti=<TaskInstance: opensky_altitude_alert_dag.start_watching manual__2025-09-17T02:45:16.088372+00:00 [queued]>
[2025-09-17T02:45:16.385+0000] {taskinstance.py:2170} INFO - Starting attempt 1 of 1
[2025-09-17T02:45:16.389+0000] {taskinstance.py:2191} INFO - Executing <Task(BashOperator): start_watching> on 2025-09-17 02:45:16.088372+00:00
[2025-09-17T02:45:16.391+0000] {standard_task_runner.py:60} INFO - Started process 3034 to run task
[2025-09-17T02:45:16.393+0000] {standard_task_runner.py:87} INFO - Running: ['airflow', 'tasks', 'run', 'opensky_altitude_alert_dag', 'start_watching', 'manual__2025-09-17T02:45:16.088372+00:00', '--job-id', '27', '--raw', '--subdir', 'DAGS_FOLDER/opensky_alt_alert_dag.py', '--cfg-path', '/tmp/tmp77pldj8v']
[2025-09-17T02:45:16.394+0000] {standard_task_runner.py:88} INFO - Job 27: Subtask start_watching
[2025-09-17T02:45:16.413+0000] {task_command.py:423} INFO - Running <TaskInstance: opensky_altitude_alert_dag.start_watching manual__2025-09-17T02:45:16.088372+00:00 [running]> on host 65c8631451a4
[2025-09-17T02:45:16.443+0000] {taskinstance.py:2480} INFO - Exporting env vars: AIRFLOW_CTX_DAG_OWNER='airflow' AIRFLOW_CTX_DAG_ID='opensky_altitude_alert_dag' AIRFLOW_CTX_TASK_ID='start_watching' AIRFLOW_CTX_EXECUTION_DATE='2025-09-17T02:45:16.088372+00:00' AIRFLOW_CTX_TRY_NUMBER='1' AIRFLOW_CTX_DAG_RUN_ID='manual__2025-09-17T02:45:16.088372+00:00'
[2025-09-17T02:45:16.443+0000] {subprocess.py:63} INFO - Tmp dir root location: /tmp
[2025-09-17T02:45:16.444+0000] {subprocess.py:75} INFO - Running command: ['/usr/bin/bash', '-c', 'python3 /opt/airflow/scripts/opensky/bash_altitude_alert.py']
[2025-09-17T02:45:16.447+0000] {subprocess.py:86} INFO - Output:
[2025-09-17T02:45:16.529+0000] {subprocess.py:93} INFO - Log file will be written to: /opt/airflow/data/logs/altitude_alert.log
[2025-09-17T02:45:16.530+0000] {subprocess.py:93} INFO - Traceback (most recent call last):
[2025-09-17T02:45:16.530+0000] {subprocess.py:93} INFO -   File "/opt/airflow/scripts/opensky/bash_altitude_alert.py", line 28, in <module>
[2025-09-17T02:45:16.530+0000] {subprocess.py:93} INFO -     fh = logger.FileHandler(log_file_a)
[2025-09-17T02:45:16.530+0000] {subprocess.py:93} INFO -          ^^^^^^^^^^^^^^^^^^
[2025-09-17T02:45:16.530+0000] {subprocess.py:93} INFO - AttributeError: 'Logger' object has no attribute 'FileHandler'. Did you mean: 'addHandler'?
[2025-09-17T02:45:16.546+0000] {subprocess.py:97} INFO - Command exited with return code 1
[2025-09-17T02:45:16.551+0000] {taskinstance.py:2698} ERROR - Task failed with exception
Traceback (most recent call last):
  File "/home/airflow/.local/lib/python3.11/site-packages/airflow/models/taskinstance.py", line 433, in _execute_task
    result = execute_callable(context=context, **execute_callable_kwargs)
             ^^^^^^^^^^^^^^^^^^^^^^^^^^^^^^^^^^^^^^^^^^^^^^^^^^^^^^^^^^^^
  File "/home/airflow/.local/lib/python3.11/site-packages/airflow/operators/bash.py", line 212, in execute
    raise AirflowException(
airflow.exceptions.AirflowException: Bash command failed. The command returned a non-zero exit code 1.
[2025-09-17T02:45:16.553+0000] {taskinstance.py:1138} INFO - Marking task as FAILED. dag_id=opensky_altitude_alert_dag, task_id=start_watching, execution_date=20250917T024516, start_date=20250917T024516, end_date=20250917T024516
[2025-09-17T02:45:16.557+0000] {standard_task_runner.py:107} ERROR - Failed to execute job 27 for task start_watching (Bash command failed. The command returned a non-zero exit code 1.; 3034)
[2025-09-17T02:45:16.573+0000] {local_task_job_runner.py:234} INFO - Task exited with return code 1
[2025-09-17T02:45:16.583+0000] {taskinstance.py:3280} INFO - 0 downstream tasks scheduled from follow-on schedule check
